#
# There is insufficient memory for the Java Runtime Environment to continue.
# Native memory allocation (malloc) failed to allocate 1644976 bytes for Chunk::new
# Possible reasons:
#   The system is out of physical RAM or swap space
#   The process is running with CompressedOops enabled, and the Java Heap may be blocking the growth of the native heap
# Possible solutions:
#   Reduce memory load on the system
#   Increase physical memory or swap space
#   Check if swap backing store is full
#   Decrease Java heap size (-Xmx/-Xms)
#   Decrease number of Java threads
#   Decrease Java thread stack sizes (-Xss)
#   Set larger code cache with -XX:ReservedCodeCacheSize=
#   JVM is running with Unscaled Compressed Oops mode in which the Java heap is
#     placed in the first 4GB address space. The Java Heap base address is the
#     maximum limit for the native heap growth. Please use -XX:HeapBaseMinAddress
#     to set the Java Heap base and to place the Java Heap above 4GB virtual address.
# This output file may be truncated or incomplete.
#
#  Out of Memory Error (arena.cpp:168), pid=11372, tid=14952
#
# JRE version: Java(TM) SE Runtime Environment (21.0.5+9) (build 21.0.5+9-LTS-239)
# Java VM: Java HotSpot(TM) 64-Bit Server VM (21.0.5+9-LTS-239, mixed mode, sharing, tiered, compressed oops, compressed class ptrs, g1 gc, windows-amd64)
# No core dump will be written. Minidumps are not enabled by default on client versions of Windows
#

---------------  S U M M A R Y ------------

Command Line: -XX:+ShowCodeDetailsInExceptionMessages com.perpustakaan.dean.DeanApplication

Host: Intel(R) Core(TM) i3-10110U CPU @ 2.10GHz, 4 cores, 3G,  Windows 11 , 64 bit Build 22000 (10.0.22000.2538)
Time: Sat Aug 16 20:27:28 2025 SE Asia Standard Time elapsed time: 6.133801 seconds (0d 0h 0m 6s)

---------------  T H R E A D  ---------------

Current thread (0x000001e8f7dacea0):  JavaThread "C2 CompilerThread0" daemon [_thread_in_native, id=14952, stack(0x000000b354400000,0x000000b354500000) (1024K)]


Current CompileTask:
C2:   6133 3452   !   4       jdk.internal.loader.BuiltinClassLoader::loadClassOrNull (143 bytes)

Stack: [0x000000b354400000,0x000000b354500000]
Native frames: (J=compiled Java code, j=interpreted, Vv=VM code, C=native code)
V  [jvm.dll+0x6ca289]
V  [jvm.dll+0x854a51]
V  [jvm.dll+0x856f7e]
V  [jvm.dll+0x857653]
V  [jvm.dll+0x27dd26]
V  [jvm.dll+0xc4c2d]
V  [jvm.dll+0xc5163]
V  [jvm.dll+0x3b4d02]
V  [jvm.dll+0x1df613]
V  [jvm.dll+0x246a62]
V  [jvm.dll+0x245eef]
V  [jvm.dll+0x1c6d0e]
V  [jvm.dll+0x2554d9]
V  [jvm.dll+0x253a6a]
V  [jvm.dll+0x3ee136]
V  [jvm.dll+0x7fee9b]
V  [jvm.dll+0x6c896d]
C  [ucrtbase.dll+0x26c0c]
C  [KERNEL32.DLL+0x153e0]
C  [ntdll.dll+0x485b]


---------------  P R O C E S S  ---------------

Threads class SMR info:
_java_thread_list=0x000001e8fd0775c0, length=11, elements={
0x000001e8db27f850, 0x000001e8f7d8a9a0, 0x000001e8f7d8e880, 0x000001e8f7d91020,
0x000001e8f7d92a80, 0x000001e8f7d93fd0, 0x000001e8f7d987c0, 0x000001e8f7dacea0,
0x000001e8f7d9eeb0, 0x000001e8f7d95340, 0x000001e8f7d959d0
}

Java Threads: ( => current thread )
  0x000001e8db27f850 JavaThread "main"                              [_thread_in_Java, id=2696, stack(0x000000b353600000,0x000000b353700000) (1024K)]
  0x000001e8f7d8a9a0 JavaThread "Reference Handler"          daemon [_thread_blocked, id=3340, stack(0x000000b353e00000,0x000000b353f00000) (1024K)]
  0x000001e8f7d8e880 JavaThread "Finalizer"                  daemon [_thread_blocked, id=8412, stack(0x000000b353f00000,0x000000b354000000) (1024K)]
  0x000001e8f7d91020 JavaThread "Signal Dispatcher"          daemon [_thread_blocked, id=16840, stack(0x000000b354000000,0x000000b354100000) (1024K)]
  0x000001e8f7d92a80 JavaThread "Attach Listener"            daemon [_thread_blocked, id=6412, stack(0x000000b354100000,0x000000b354200000) (1024K)]
  0x000001e8f7d93fd0 JavaThread "Service Thread"             daemon [_thread_blocked, id=15984, stack(0x000000b354200000,0x000000b354300000) (1024K)]
  0x000001e8f7d987c0 JavaThread "Monitor Deflation Thread"   daemon [_thread_blocked, id=13348, stack(0x000000b354300000,0x000000b354400000) (1024K)]
=>0x000001e8f7dacea0 JavaThread "C2 CompilerThread0"         daemon [_thread_in_native, id=14952, stack(0x000000b354400000,0x000000b354500000) (1024K)]
  0x000001e8f7d9eeb0 JavaThread "C1 CompilerThread0"         daemon [_thread_blocked, id=12828, stack(0x000000b354500000,0x000000b354600000) (1024K)]
  0x000001e8f7d95340 JavaThread "Notification Thread"        daemon [_thread_blocked, id=13748, stack(0x000000b354600000,0x000000b354700000) (1024K)]
  0x000001e8f7d959d0 JavaThread "Common-Cleaner"             daemon [_thread_blocked, id=17816, stack(0x000000b354700000,0x000000b354800000) (1024K)]
Total: 11

Other Threads:
  0x000001e8db33e4b0 VMThread "VM Thread"                           [id=8112, stack(0x000000b353d00000,0x000000b353e00000) (1024K)]
  0x000001e8f7d6ca10 WatcherThread "VM Periodic Task Thread"        [id=18324, stack(0x000000b353c00000,0x000000b353d00000) (1024K)]
  0x000001e8db2bd4e0 WorkerThread "GC Thread#0"                     [id=5872, stack(0x000000b353700000,0x000000b353800000) (1024K)]
  0x000001e8fc73af90 WorkerThread "GC Thread#1"                     [id=7932, stack(0x000000b354800000,0x000000b354900000) (1024K)]
  0x000001e8fcb538f0 WorkerThread "GC Thread#2"                     [id=14876, stack(0x000000b354900000,0x000000b354a00000) (1024K)]
  0x000001e8fc8ede50 WorkerThread "GC Thread#3"                     [id=18180, stack(0x000000b354a00000,0x000000b354b00000) (1024K)]
  0x000001e8db2c5d80 ConcurrentGCThread "G1 Main Marker"            [id=2424, stack(0x000000b353800000,0x000000b353900000) (1024K)]
  0x000001e8db2c6880 WorkerThread "G1 Conc#0"                       [id=10656, stack(0x000000b353900000,0x000000b353a00000) (1024K)]
  0x000001e8db31cd10 ConcurrentGCThread "G1 Refine#0"               [id=12036, stack(0x000000b353a00000,0x000000b353b00000) (1024K)]
  0x000001e8db31f130 ConcurrentGCThread "G1 Service"                [id=7692, stack(0x000000b353b00000,0x000000b353c00000) (1024K)]
Total: 10

Threads with active compile tasks:
C2 CompilerThread0     6304 3452   !   4       jdk.internal.loader.BuiltinClassLoader::loadClassOrNull (143 bytes)
Total: 1

VM state: not at safepoint (normal execution)

VM Mutex/Monitor currently owned by a thread: None

Heap address: 0x00000000c3a00000, size: 966 MB, Compressed Oops mode: 32-bit

CDS archive(s) mapped at: [0x000001e880000000-0x000001e880c90000-0x000001e880c90000), size 13172736, SharedBaseAddress: 0x000001e880000000, ArchiveRelocationMode: 1.
Compressed class space mapped at: 0x000001e881000000-0x000001e8c1000000, reserved size: 1073741824
Narrow klass base: 0x000001e880000000, Narrow klass shift: 0, Narrow klass range: 0x100000000

GC Precious Log:
 CardTable entry size: 512
 Card Set container configuration: InlinePtr #cards 5 size 8 Array Of Cards #cards 12 size 40 Howl #buckets 4 coarsen threshold 1843 Howl Bitmap #cards 512 size 80 coarsen threshold 460 Card regions per heap region 1 cards per card region 2048
 CPUs: 4 total, 4 available
 Memory: 3857M
 Large Page Support: Disabled
 NUMA Support: Disabled
 Compressed Oops: Enabled (32-bit)
 Heap Region Size: 1M
 Heap Min Capacity: 8M
 Heap Initial Capacity: 62M
 Heap Max Capacity: 966M
 Pre-touch: Disabled
 Parallel Workers: 4
 Concurrent Workers: 1
 Concurrent Refinement Workers: 4
 Periodic GC: Disabled

Heap:
 garbage-first heap   total 58368K, used 32194K [0x00000000c3a00000, 0x0000000100000000)
  region size 1024K, 19 young (19456K), 2 survivors (2048K)
 Metaspace       used 23679K, committed 24064K, reserved 1114112K
  class space    used 2879K, committed 3072K, reserved 1048576K

Heap Regions: E=young(eden), S=young(survivor), O=old, HS=humongous(starts), HC=humongous(continues), CS=collection set, F=free, TAMS=top-at-mark-start, PB=parsable bottom
|   0|0x00000000c3a00000, 0x00000000c3b00000, 0x00000000c3b00000|100%|HS|  |TAMS 0x00000000c3a00000| PB 0x00000000c3a00000| Complete 
|   1|0x00000000c3b00000, 0x00000000c3c00000, 0x00000000c3c00000|100%|HS|  |TAMS 0x00000000c3b00000| PB 0x00000000c3b00000| Complete 
|   2|0x00000000c3c00000, 0x00000000c3d00000, 0x00000000c3d00000|100%| O|  |TAMS 0x00000000c3c00000| PB 0x00000000c3c00000| Untracked 
|   3|0x00000000c3d00000, 0x00000000c3e00000, 0x00000000c3e00000|100%| O|  |TAMS 0x00000000c3d00000| PB 0x00000000c3d00000| Untracked 
|   4|0x00000000c3e00000, 0x00000000c3f00000, 0x00000000c3f00000|100%| O|  |TAMS 0x00000000c3e00000| PB 0x00000000c3e00000| Untracked 
|   5|0x00000000c3f00000, 0x00000000c4000000, 0x00000000c4000000|100%| O|  |TAMS 0x00000000c3f00000| PB 0x00000000c3f00000| Untracked 
|   6|0x00000000c4000000, 0x00000000c4100000, 0x00000000c4100000|100%| O|  |TAMS 0x00000000c4000000| PB 0x00000000c4000000| Untracked 
|   7|0x00000000c4100000, 0x00000000c4200000, 0x00000000c4200000|100%| O|  |TAMS 0x00000000c4100000| PB 0x00000000c4100000| Untracked 
|   8|0x00000000c4200000, 0x00000000c4300000, 0x00000000c4300000|100%| O|  |TAMS 0x00000000c4200000| PB 0x00000000c4200000| Untracked 
|   9|0x00000000c4300000, 0x00000000c4400000, 0x00000000c4400000|100%| O|  |TAMS 0x00000000c4300000| PB 0x00000000c4300000| Untracked 
|  10|0x00000000c4400000, 0x00000000c4500000, 0x00000000c4500000|100%| O|  |TAMS 0x00000000c4400000| PB 0x00000000c4400000| Untracked 
|  11|0x00000000c4500000, 0x00000000c4600000, 0x00000000c4600000|100%| O|  |TAMS 0x00000000c4500000| PB 0x00000000c4500000| Untracked 
|  12|0x00000000c4600000, 0x00000000c4700000, 0x00000000c4700000|100%| O|  |TAMS 0x00000000c4600000| PB 0x00000000c4600000| Untracked 
|  13|0x00000000c4700000, 0x00000000c4800000, 0x00000000c4800000|100%| O|  |TAMS 0x00000000c4700000| PB 0x00000000c4700000| Untracked 
|  14|0x00000000c4800000, 0x00000000c4800000, 0x00000000c4900000|  0%| F|  |TAMS 0x00000000c4800000| PB 0x00000000c4800000| Untracked 
|  15|0x00000000c4900000, 0x00000000c4900000, 0x00000000c4a00000|  0%| F|  |TAMS 0x00000000c4900000| PB 0x00000000c4900000| Untracked 
|  16|0x00000000c4a00000, 0x00000000c4a00000, 0x00000000c4b00000|  0%| F|  |TAMS 0x00000000c4a00000| PB 0x00000000c4a00000| Untracked 
|  17|0x00000000c4b00000, 0x00000000c4b00000, 0x00000000c4c00000|  0%| F|  |TAMS 0x00000000c4b00000| PB 0x00000000c4b00000| Untracked 
|  18|0x00000000c4c00000, 0x00000000c4c00000, 0x00000000c4d00000|  0%| F|  |TAMS 0x00000000c4c00000| PB 0x00000000c4c00000| Untracked 
|  19|0x00000000c4d00000, 0x00000000c4d00000, 0x00000000c4e00000|  0%| F|  |TAMS 0x00000000c4d00000| PB 0x00000000c4d00000| Untracked 
|  20|0x00000000c4e00000, 0x00000000c4e00000, 0x00000000c4f00000|  0%| F|  |TAMS 0x00000000c4e00000| PB 0x00000000c4e00000| Untracked 
|  21|0x00000000c4f00000, 0x00000000c4f00000, 0x00000000c5000000|  0%| F|  |TAMS 0x00000000c4f00000| PB 0x00000000c4f00000| Untracked 
|  22|0x00000000c5000000, 0x00000000c5000000, 0x00000000c5100000|  0%| F|  |TAMS 0x00000000c5000000| PB 0x00000000c5000000| Untracked 
|  23|0x00000000c5100000, 0x00000000c5100000, 0x00000000c5200000|  0%| F|  |TAMS 0x00000000c5100000| PB 0x00000000c5100000| Untracked 
|  24|0x00000000c5200000, 0x00000000c5200000, 0x00000000c5300000|  0%| F|  |TAMS 0x00000000c5200000| PB 0x00000000c5200000| Untracked 
|  25|0x00000000c5300000, 0x00000000c5300000, 0x00000000c5400000|  0%| F|  |TAMS 0x00000000c5300000| PB 0x00000000c5300000| Untracked 
|  26|0x00000000c5400000, 0x00000000c5400000, 0x00000000c5500000|  0%| F|  |TAMS 0x00000000c5400000| PB 0x00000000c5400000| Untracked 
|  27|0x00000000c5500000, 0x00000000c5500000, 0x00000000c5600000|  0%| F|  |TAMS 0x00000000c5500000| PB 0x00000000c5500000| Untracked 
|  28|0x00000000c5600000, 0x00000000c5600000, 0x00000000c5700000|  0%| F|  |TAMS 0x00000000c5600000| PB 0x00000000c5600000| Untracked 
|  29|0x00000000c5700000, 0x00000000c5700000, 0x00000000c5800000|  0%| F|  |TAMS 0x00000000c5700000| PB 0x00000000c5700000| Untracked 
|  30|0x00000000c5800000, 0x00000000c5800000, 0x00000000c5900000|  0%| F|  |TAMS 0x00000000c5800000| PB 0x00000000c5800000| Untracked 
|  31|0x00000000c5900000, 0x00000000c5900000, 0x00000000c5a00000|  0%| F|  |TAMS 0x00000000c5900000| PB 0x00000000c5900000| Untracked 
|  32|0x00000000c5a00000, 0x00000000c5a00000, 0x00000000c5b00000|  0%| F|  |TAMS 0x00000000c5a00000| PB 0x00000000c5a00000| Untracked 
|  33|0x00000000c5b00000, 0x00000000c5b00000, 0x00000000c5c00000|  0%| F|  |TAMS 0x00000000c5b00000| PB 0x00000000c5b00000| Untracked 
|  34|0x00000000c5c00000, 0x00000000c5c00000, 0x00000000c5d00000|  0%| F|  |TAMS 0x00000000c5c00000| PB 0x00000000c5c00000| Untracked 
|  35|0x00000000c5d00000, 0x00000000c5d00000, 0x00000000c5e00000|  0%| F|  |TAMS 0x00000000c5d00000| PB 0x00000000c5d00000| Untracked 
|  36|0x00000000c5e00000, 0x00000000c5e00000, 0x00000000c5f00000|  0%| F|  |TAMS 0x00000000c5e00000| PB 0x00000000c5e00000| Untracked 
|  37|0x00000000c5f00000, 0x00000000c5f00000, 0x00000000c6000000|  0%| F|  |TAMS 0x00000000c5f00000| PB 0x00000000c5f00000| Untracked 
|  38|0x00000000c6000000, 0x00000000c6100000, 0x00000000c6100000|100%| E|  |TAMS 0x00000000c6000000| PB 0x00000000c6000000| Complete 
|  39|0x00000000c6100000, 0x00000000c6200000, 0x00000000c6200000|100%| E|CS|TAMS 0x00000000c6100000| PB 0x00000000c6100000| Complete 
|  40|0x00000000c6200000, 0x00000000c6300000, 0x00000000c6300000|100%| E|CS|TAMS 0x00000000c6200000| PB 0x00000000c6200000| Complete 
|  41|0x00000000c6300000, 0x00000000c6400000, 0x00000000c6400000|100%| E|CS|TAMS 0x00000000c6300000| PB 0x00000000c6300000| Complete 
|  42|0x00000000c6400000, 0x00000000c6500000, 0x00000000c6500000|100%| E|CS|TAMS 0x00000000c6400000| PB 0x00000000c6400000| Complete 
|  43|0x00000000c6500000, 0x00000000c6600000, 0x00000000c6600000|100%| E|CS|TAMS 0x00000000c6500000| PB 0x00000000c6500000| Complete 
|  44|0x00000000c6600000, 0x00000000c6670840, 0x00000000c6700000| 43%| S|CS|TAMS 0x00000000c6600000| PB 0x00000000c6600000| Complete 
|  45|0x00000000c6700000, 0x00000000c6800000, 0x00000000c6800000|100%| S|CS|TAMS 0x00000000c6700000| PB 0x00000000c6700000| Complete 
|  46|0x00000000c6800000, 0x00000000c6900000, 0x00000000c6900000|100%| E|CS|TAMS 0x00000000c6800000| PB 0x00000000c6800000| Complete 
|  47|0x00000000c6900000, 0x00000000c6a00000, 0x00000000c6a00000|100%| E|CS|TAMS 0x00000000c6900000| PB 0x00000000c6900000| Complete 
|  48|0x00000000c6a00000, 0x00000000c6b00000, 0x00000000c6b00000|100%| E|CS|TAMS 0x00000000c6a00000| PB 0x00000000c6a00000| Complete 
|  49|0x00000000c6b00000, 0x00000000c6c00000, 0x00000000c6c00000|100%| E|CS|TAMS 0x00000000c6b00000| PB 0x00000000c6b00000| Complete 
|  50|0x00000000c6c00000, 0x00000000c6d00000, 0x00000000c6d00000|100%| E|CS|TAMS 0x00000000c6c00000| PB 0x00000000c6c00000| Complete 
|  51|0x00000000c6d00000, 0x00000000c6e00000, 0x00000000c6e00000|100%| E|CS|TAMS 0x00000000c6d00000| PB 0x00000000c6d00000| Complete 
|  52|0x00000000c6e00000, 0x00000000c6f00000, 0x00000000c6f00000|100%| E|CS|TAMS 0x00000000c6e00000| PB 0x00000000c6e00000| Complete 
|  53|0x00000000c6f00000, 0x00000000c7000000, 0x00000000c7000000|100%| E|CS|TAMS 0x00000000c6f00000| PB 0x00000000c6f00000| Complete 
|  54|0x00000000c7000000, 0x00000000c7100000, 0x00000000c7100000|100%| E|CS|TAMS 0x00000000c7000000| PB 0x00000000c7000000| Complete 
|  55|0x00000000c7100000, 0x00000000c7200000, 0x00000000c7200000|100%| E|CS|TAMS 0x00000000c7100000| PB 0x00000000c7100000| Complete 
|  61|0x00000000c7700000, 0x00000000c7800000, 0x00000000c7800000|100%| E|CS|TAMS 0x00000000c7700000| PB 0x00000000c7700000| Complete 

Card table byte_map: [0x000001e8f4700000,0x000001e8f48f0000] _byte_map_base: 0x000001e8f40e3000

Marking Bits: (CMBitMap*) 0x000001e8db2bdbe0
 Bits: [0x000001e8f48f0000, 0x000001e8f5808000)

Polling page: 0x000001e8db120000

Metaspace:

Usage:
  Non-class:     20.31 MB used.
      Class:      2.81 MB used.
       Both:     23.12 MB used.

Virtual space:
  Non-class space:       64.00 MB reserved,      20.50 MB ( 32%) committed,  1 nodes.
      Class space:        1.00 GB reserved,       3.00 MB ( <1%) committed,  1 nodes.
             Both:        1.06 GB reserved,      23.50 MB (  2%) committed. 

Chunk freelists:
   Non-Class:  11.34 MB
       Class:  12.86 MB
        Both:  24.20 MB

MaxMetaspaceSize: unlimited
CompressedClassSpaceSize: 1.00 GB
Initial GC threshold: 21.00 MB
Current GC threshold: 35.12 MB
CDS: on
 - commit_granule_bytes: 65536.
 - commit_granule_words: 8192.
 - virtual_space_node_default_size: 8388608.
 - enlarge_chunks_in_place: 1.
 - use_allocation_guard: 0.


Internal statistics:

num_allocs_failed_limit: 3.
num_arena_births: 438.
num_arena_deaths: 0.
num_vsnodes_births: 2.
num_vsnodes_deaths: 0.
num_space_committed: 376.
num_space_uncommitted: 0.
num_chunks_returned_to_freelist: 3.
num_chunks_taken_from_freelist: 1273.
num_chunk_merges: 3.
num_chunk_splits: 874.
num_chunks_enlarged: 641.
num_inconsistent_stats: 0.

CodeHeap 'non-profiled nmethods': size=120000Kb used=1400Kb max_used=1400Kb free=118599Kb
 bounds [0x000001e8ec9c0000, 0x000001e8ecc30000, 0x000001e8f3ef0000]
CodeHeap 'profiled nmethods': size=120000Kb used=7427Kb max_used=7427Kb free=112572Kb
 bounds [0x000001e8e4ef0000, 0x000001e8e5640000, 0x000001e8ec420000]
CodeHeap 'non-nmethods': size=5760Kb used=1440Kb max_used=1486Kb free=4319Kb
 bounds [0x000001e8ec420000, 0x000001e8ec690000, 0x000001e8ec9c0000]
 total_blobs=4115 nmethods=3588 adapters=430
 compilation: enabled
              stopped_count=0, restarted_count=0
 full_count=0

Compilation events (20 events):
Event: 6.088 Thread 0x000001e8f7d9eeb0 3536       3       java.util.stream.AbstractPipeline::close (48 bytes)
Event: 6.089 Thread 0x000001e8f7d9eeb0 nmethod 3536 0x000001e8e5604210 code [0x000001e8e56043c0, 0x000001e8e5604668]
Event: 6.089 Thread 0x000001e8f7d9eeb0 3537       3       java.util.stream.Streams$ConcatSpliterator::tryAdvance (54 bytes)
Event: 6.089 Thread 0x000001e8f7d9eeb0 nmethod 3537 0x000001e8e5604790 code [0x000001e8e5604960, 0x000001e8e5604d70]
Event: 6.101 Thread 0x000001e8f7d9eeb0 3538       3       org.springframework.core.ResolvableType::<init> (39 bytes)
Event: 6.102 Thread 0x000001e8f7d9eeb0 nmethod 3538 0x000001e8e5604e90 code [0x000001e8e5605060, 0x000001e8e5605400]
Event: 6.103 Thread 0x000001e8f7d9eeb0 3540       3       java.util.stream.MatchOps$1MatchSink::accept (44 bytes)
Event: 6.103 Thread 0x000001e8f7d9eeb0 nmethod 3540 0x000001e8e5605510 code [0x000001e8e56056c0, 0x000001e8e5605928]
Event: 6.103 Thread 0x000001e8f7d9eeb0 3543       3       java.util.Arrays::stream (11 bytes)
Event: 6.103 Thread 0x000001e8f7d9eeb0 nmethod 3543 0x000001e8e5605a10 code [0x000001e8e5605bc0, 0x000001e8e5605d70]
Event: 6.103 Thread 0x000001e8f7d9eeb0 3544       3       java.util.Arrays::spliterator (10 bytes)
Event: 6.103 Thread 0x000001e8f7d9eeb0 nmethod 3544 0x000001e8e5605e90 code [0x000001e8e5606040, 0x000001e8e5606160]
Event: 6.103 Thread 0x000001e8f7d9eeb0 3545       3       java.util.Spliterators::spliterator (25 bytes)
Event: 6.104 Thread 0x000001e8f7d9eeb0 nmethod 3545 0x000001e8e5606210 code [0x000001e8e56063e0, 0x000001e8e5606740]
Event: 6.104 Thread 0x000001e8f7d9eeb0 3541       3       java.util.stream.Streams$StreamBuilderImpl::tryAdvance (33 bytes)
Event: 6.104 Thread 0x000001e8f7d9eeb0 nmethod 3541 0x000001e8e5606910 code [0x000001e8e5606ae0, 0x000001e8e5606ea0]
Event: 6.104 Thread 0x000001e8f7d9eeb0 3542       3       org.springframework.data.util.ReactiveWrappers$$Lambda/0x000001e881316840::test (8 bytes)
Event: 6.104 Thread 0x000001e8f7d9eeb0 nmethod 3542 0x000001e8e5607010 code [0x000001e8e56071c0, 0x000001e8e5607490]
Event: 6.104 Thread 0x000001e8f7d9eeb0 3546       3       java.util.Spliterators::checkFromToBounds (74 bytes)
Event: 6.104 Thread 0x000001e8f7d9eeb0 nmethod 3546 0x000001e8e5607590 code [0x000001e8e5607840, 0x000001e8e5608248]

GC Heap History (10 events):
Event: 0.934 GC heap before
{Heap before GC invocations=0 (full 0):
 garbage-first heap   total 63488K, used 14336K [0x00000000c3a00000, 0x0000000100000000)
  region size 1024K, 13 young (13312K), 0 survivors (0K)
 Metaspace       used 2956K, committed 3136K, reserved 1114112K
  class space    used 312K, committed 384K, reserved 1048576K
}
Event: 0.951 GC heap after
{Heap after GC invocations=1 (full 0):
 garbage-first heap   total 63488K, used 7407K [0x00000000c3a00000, 0x0000000100000000)
  region size 1024K, 2 young (2048K), 2 survivors (2048K)
 Metaspace       used 2956K, committed 3136K, reserved 1114112K
  class space    used 312K, committed 384K, reserved 1048576K
}
Event: 1.549 GC heap before
{Heap before GC invocations=1 (full 0):
 garbage-first heap   total 63488K, used 18671K [0x00000000c3a00000, 0x0000000100000000)
  region size 1024K, 13 young (13312K), 2 survivors (2048K)
 Metaspace       used 6455K, committed 6720K, reserved 1114112K
  class space    used 776K, committed 896K, reserved 1048576K
}
Event: 1.556 GC heap after
{Heap after GC invocations=2 (full 0):
 garbage-first heap   total 63488K, used 8647K [0x00000000c3a00000, 0x0000000100000000)
  region size 1024K, 2 young (2048K), 2 survivors (2048K)
 Metaspace       used 6455K, committed 6720K, reserved 1114112K
  class space    used 776K, committed 896K, reserved 1048576K
}
Event: 2.925 GC heap before
{Heap before GC invocations=2 (full 0):
 garbage-first heap   total 63488K, used 32199K [0x00000000c3a00000, 0x0000000100000000)
  region size 1024K, 26 young (26624K), 2 survivors (2048K)
 Metaspace       used 13183K, committed 13504K, reserved 1114112K
  class space    used 1591K, committed 1728K, reserved 1048576K
}
Event: 2.930 GC heap after
{Heap after GC invocations=3 (full 0):
 garbage-first heap   total 63488K, used 11003K [0x00000000c3a00000, 0x0000000100000000)
  region size 1024K, 4 young (4096K), 4 survivors (4096K)
 Metaspace       used 13183K, committed 13504K, reserved 1114112K
  class space    used 1591K, committed 1728K, reserved 1048576K
}
Event: 4.654 GC heap before
{Heap before GC invocations=3 (full 0):
 garbage-first heap   total 63488K, used 42747K [0x00000000c3a00000, 0x0000000100000000)
  region size 1024K, 36 young (36864K), 4 survivors (4096K)
 Metaspace       used 19533K, committed 19968K, reserved 1114112K
  class space    used 2361K, committed 2560K, reserved 1048576K
}
Event: 4.665 GC heap after
{Heap after GC invocations=4 (full 0):
 garbage-first heap   total 63488K, used 14505K [0x00000000c3a00000, 0x0000000100000000)
  region size 1024K, 5 young (5120K), 5 survivors (5120K)
 Metaspace       used 19533K, committed 19968K, reserved 1114112K
  class space    used 2361K, committed 2560K, reserved 1048576K
}
Event: 5.319 GC heap before
{Heap before GC invocations=4 (full 0):
 garbage-first heap   total 63488K, used 29865K [0x00000000c3a00000, 0x0000000100000000)
  region size 1024K, 21 young (21504K), 5 survivors (5120K)
 Metaspace       used 21128K, committed 21504K, reserved 1114112K
  class space    used 2557K, committed 2752K, reserved 1048576K
}
Event: 5.333 GC heap after
{Heap after GC invocations=5 (full 0):
 garbage-first heap   total 63488K, used 15810K [0x00000000c3a00000, 0x0000000100000000)
  region size 1024K, 2 young (2048K), 2 survivors (2048K)
 Metaspace       used 21128K, committed 21504K, reserved 1114112K
  class space    used 2557K, committed 2752K, reserved 1048576K
}

Dll operation events (7 events):
Event: 0.023 Loaded shared library C:\Program Files\Java\jdk-21\bin\java.dll
Event: 0.201 Loaded shared library C:\Program Files\Java\jdk-21\bin\jsvml.dll
Event: 0.307 Loaded shared library C:\Program Files\Java\jdk-21\bin\net.dll
Event: 0.311 Loaded shared library C:\Program Files\Java\jdk-21\bin\nio.dll
Event: 0.319 Loaded shared library C:\Program Files\Java\jdk-21\bin\zip.dll
Event: 0.549 Loaded shared library C:\Program Files\Java\jdk-21\bin\jimage.dll
Event: 3.696 Loaded shared library C:\Program Files\Java\jdk-21\bin\sunmscapi.dll

Deoptimization events (20 events):
Event: 5.703 Thread 0x000001e8db27f850 Uncommon trap: trap_request=0xffffff45 fr.pc=0x000001e8ecb0adbc relative=0x000000000000243c
Event: 5.703 Thread 0x000001e8db27f850 Uncommon trap: reason=unstable_if action=reinterpret pc=0x000001e8ecb0adbc method=org.springframework.beans.factory.support.AbstractBeanFactory.isTypeMatch(Ljava/lang/String;Lorg/springframework/core/ResolvableType;Z)Z @ 433 c2
Event: 5.703 Thread 0x000001e8db27f850 DEOPT PACKING pc=0x000001e8ecb0adbc sp=0x000000b3536fe220
Event: 5.703 Thread 0x000001e8db27f850 DEOPT UNPACKING pc=0x000001e8ec4746a2 sp=0x000000b3536fe1f8 mode 2
Event: 5.743 Thread 0x000001e8db27f850 Uncommon trap: trap_request=0xffffff45 fr.pc=0x000001e8eca86e20 relative=0x0000000000000f20
Event: 5.744 Thread 0x000001e8db27f850 Uncommon trap: reason=unstable_if action=reinterpret pc=0x000001e8eca86e20 method=java.util.concurrent.ConcurrentHashMap.putVal(Ljava/lang/Object;Ljava/lang/Object;Z)Ljava/lang/Object; @ 148 c2
Event: 5.744 Thread 0x000001e8db27f850 DEOPT PACKING pc=0x000001e8eca86e20 sp=0x000000b3536fdf60
Event: 5.744 Thread 0x000001e8db27f850 DEOPT UNPACKING pc=0x000001e8ec4746a2 sp=0x000000b3536fdf00 mode 2
Event: 5.847 Thread 0x000001e8db27f850 Uncommon trap: trap_request=0xfffffff4 fr.pc=0x000001e8ecb05df4 relative=0x0000000000000074
Event: 5.847 Thread 0x000001e8db27f850 Uncommon trap: reason=null_check action=make_not_entrant pc=0x000001e8ecb05df4 method=java.lang.Class.isAnnotation()Z @ 1 c2
Event: 5.847 Thread 0x000001e8db27f850 DEOPT PACKING pc=0x000001e8ecb05df4 sp=0x000000b3536fe0c0
Event: 5.847 Thread 0x000001e8db27f850 DEOPT UNPACKING pc=0x000001e8ec4746a2 sp=0x000000b3536fe050 mode 2
Event: 5.925 Thread 0x000001e8db27f850 Uncommon trap: trap_request=0xffffff45 fr.pc=0x000001e8ecab4d04 relative=0x0000000000000a44
Event: 5.925 Thread 0x000001e8db27f850 Uncommon trap: reason=unstable_if action=reinterpret pc=0x000001e8ecab4d04 method=java.util.Properties$LineReader.readLine()I @ 395 c2
Event: 5.925 Thread 0x000001e8db27f850 DEOPT PACKING pc=0x000001e8ecab4d04 sp=0x000000b3536fe2e0
Event: 5.925 Thread 0x000001e8db27f850 DEOPT UNPACKING pc=0x000001e8ec4746a2 sp=0x000000b3536fe260 mode 2
Event: 5.947 Thread 0x000001e8db27f850 Uncommon trap: trap_request=0xffffff45 fr.pc=0x000001e8ecaff770 relative=0x0000000000000630
Event: 5.947 Thread 0x000001e8db27f850 Uncommon trap: reason=unstable_if action=reinterpret pc=0x000001e8ecaff770 method=org.springframework.beans.factory.support.AbstractBeanFactory.getMergedLocalBeanDefinition(Ljava/lang/String;)Lorg/springframework/beans/factory/support/RootBeanDefinition; 
Event: 5.947 Thread 0x000001e8db27f850 DEOPT PACKING pc=0x000001e8ecaff770 sp=0x000000b3536fe0a0
Event: 5.947 Thread 0x000001e8db27f850 DEOPT UNPACKING pc=0x000001e8ec4746a2 sp=0x000000b3536fe048 mode 2

Classes loaded (20 events):
Event: 4.140 Loading class java/lang/Thread$ThreadNumbering
Event: 4.140 Loading class java/lang/Thread$ThreadNumbering done
Event: 4.185 Loading class javax/naming/ldap/LdapContext
Event: 4.186 Loading class javax/naming/directory/DirContext
Event: 4.186 Loading class javax/naming/directory/DirContext done
Event: 4.186 Loading class javax/naming/ldap/LdapContext done
Event: 4.422 Loading class java/util/stream/Streams$ConcatSpliterator$OfRef
Event: 4.422 Loading class java/util/stream/Streams$ConcatSpliterator
Event: 4.422 Loading class java/util/stream/Streams$ConcatSpliterator done
Event: 4.422 Loading class java/util/stream/Streams$ConcatSpliterator$OfRef done
Event: 4.422 Loading class java/util/stream/Streams$2
Event: 4.423 Loading class java/util/stream/Streams$2 done
Event: 4.866 Loading class java/security/AccessControlException
Event: 4.866 Loading class java/security/AccessControlException done
Event: 4.873 Loading class java/beans/PropertyVetoException
Event: 4.873 Loading class java/beans/PropertyVetoException done
Event: 5.716 Loading class java/lang/UnsupportedClassVersionError
Event: 5.717 Loading class java/lang/ClassFormatError
Event: 5.717 Loading class java/lang/ClassFormatError done
Event: 5.717 Loading class java/lang/UnsupportedClassVersionError done

Classes unloaded (0 events):
No events

Classes redefined (0 events):
No events

Internal exceptions (20 events):
Event: 1.682 Thread 0x000001e8db27f850 Exception <a 'java/lang/NoSuchMethodError'{0x00000000c76d7198}: 'int java.lang.invoke.DirectMethodHandle$Holder.invokeSpecialIFC(java.lang.Object, java.lang.Object, java.lang.Object, java.lang.Object)'> (0x00000000c76d7198) 
thrown [s\open\src\hotspot\share\interpreter\linkResolver.cpp, line 773]
Event: 1.767 Thread 0x000001e8db27f850 Exception <a 'java/lang/NoSuchMethodError'{0x00000000c7592ba0}: 'void java.lang.invoke.DirectMethodHandle$Holder.invokeInterface(java.lang.Object, java.lang.Object, java.lang.Object)'> (0x00000000c7592ba0) 
thrown [s\open\src\hotspot\share\interpreter\linkResolver.cpp, line 773]
Event: 1.829 Thread 0x000001e8db27f850 Exception <a 'java/lang/NoSuchMethodError'{0x00000000c7419410}: 'void java.lang.invoke.DirectMethodHandle$Holder.invokeStaticInit(java.lang.Object, java.lang.Object, java.lang.Object)'> (0x00000000c7419410) 
thrown [s\open\src\hotspot\share\interpreter\linkResolver.cpp, line 773]
Event: 1.892 Thread 0x000001e8db27f850 Exception <a 'java/lang/NoSuchMethodError'{0x00000000c7450e08}: 'java.lang.Object java.lang.invoke.DirectMethodHandle$Holder.invokeStaticInit(java.lang.Object, int)'> (0x00000000c7450e08) 
thrown [s\open\src\hotspot\share\interpreter\linkResolver.cpp, line 773]
Event: 1.907 Thread 0x000001e8db27f850 Exception <a 'java/lang/NoSuchMethodError'{0x00000000c745af08}: 'java.lang.Object java.lang.invoke.DirectMethodHandle$Holder.invokeStatic(java.lang.Object, int, java.lang.Object)'> (0x00000000c745af08) 
thrown [s\open\src\hotspot\share\interpreter\linkResolver.cpp, line 773]
Event: 1.909 Thread 0x000001e8db27f850 Exception <a 'java/lang/NoSuchMethodError'{0x00000000c745e568}: 'java.lang.Object java.lang.invoke.DirectMethodHandle$Holder.invokeStaticInit(java.lang.Object, int, java.lang.Object)'> (0x00000000c745e568) 
thrown [s\open\src\hotspot\share\interpreter\linkResolver.cpp, line 773]
Event: 1.932 Thread 0x000001e8db27f850 Exception <a 'java/lang/NoSuchMethodError'{0x00000000c747e178}: 'java.lang.Object java.lang.invoke.DirectMethodHandle$Holder.invokeVirtual(java.lang.Object, java.lang.Object, java.lang.Object)'> (0x00000000c747e178) 
thrown [s\open\src\hotspot\share\interpreter\linkResolver.cpp, line 773]
Event: 1.986 Thread 0x000001e8db27f850 Exception <a 'java/lang/NoSuchMethodError'{0x00000000c7349ed8}: 'void java.lang.invoke.DirectMethodHandle$Holder.invokeVirtual(java.lang.Object, java.lang.Object, java.lang.Object, java.lang.Object)'> (0x00000000c7349ed8) 
thrown [s\open\src\hotspot\share\interpreter\linkResolver.cpp, line 773]
Event: 2.380 Thread 0x000001e8db27f850 Exception <a 'java/lang/NoSuchMethodError'{0x00000000c7184248}: 'java.lang.Object java.lang.invoke.Invokers$Holder.invoke_MT(java.lang.Object, java.lang.Object, java.lang.Object, java.lang.Object, java.lang.Object, java.lang.Object, java.lang.Object, java.lang.Object, java.lang.Object)'> (0x00000000c7184248) 
thrown [s\open\src\hotspot\share\interpreter\linkResolver.cpp, line 773]
Event: 2.386 Thread 0x000001e8db27f850 Exception <a 'java/lang/NoSuchMethodError'{0x00000000c71b2c58}: 'java.lang.reflect.Field[] java.lang.Class.getDeclaredFields(java.lang.Class)'> (0x00000000c71b2c58) 
thrown [s\open\src\hotspot\share\interpreter\linkResolver.cpp, line 773]
Event: 2.432 Thread 0x000001e8db27f850 Exception <a 'java/lang/IncompatibleClassChangeError'{0x00000000c70438d8}: Found class java.lang.Object, but interface was expected> (0x00000000c70438d8) 
thrown [s\open\src\hotspot\share\interpreter\linkResolver.cpp, line 840]
Event: 3.113 Thread 0x000001e8db27f850 Exception <a 'java/lang/NoSuchMethodError'{0x00000000c7199628}: 'int java.lang.invoke.DirectMethodHandle$Holder.invokeSpecial(java.lang.Object, java.lang.Object, java.lang.Object, java.lang.Object, java.lang.Object)'> (0x00000000c7199628) 
thrown [s\open\src\hotspot\share\interpreter\linkResolver.cpp, line 773]
Event: 3.133 Thread 0x000001e8db27f850 Exception <a 'java/lang/NoSuchMethodError'{0x00000000c71a1a70}: 'void java.lang.invoke.DirectMethodHandle$Holder.invokeVirtual(java.lang.Object, java.lang.Object)'> (0x00000000c71a1a70) 
thrown [s\open\src\hotspot\share\interpreter\linkResolver.cpp, line 773]
Event: 3.208 Thread 0x000001e8f7d96060 Exception <a 'java/lang/NoSuchMethodError'{0x00000000c6e8f118}: 'long java.lang.invoke.DirectMethodHandle$Holder.invokeSpecial(java.lang.Object, java.lang.Object)'> (0x00000000c6e8f118) 
thrown [s\open\src\hotspot\share\interpreter\linkResolver.cpp, line 773]
Event: 3.210 Thread 0x000001e8f7d96060 Exception <a 'java/lang/NoSuchMethodError'{0x00000000c6e98a38}: 'long java.lang.invoke.DirectMethodHandle$Holder.invokeStatic(java.lang.Object, java.lang.Object)'> (0x00000000c6e98a38) 
thrown [s\open\src\hotspot\share\interpreter\linkResolver.cpp, line 773]
Event: 3.210 Thread 0x000001e8f7d96060 Exception <a 'java/lang/NoSuchMethodError'{0x00000000c6e9bb00}: 'long java.lang.invoke.DirectMethodHandle$Holder.invokeStaticInit(java.lang.Object, java.lang.Object)'> (0x00000000c6e9bb00) 
thrown [s\open\src\hotspot\share\interpreter\linkResolver.cpp, line 773]
Event: 3.213 Thread 0x000001e8f7d96060 Exception <a 'java/lang/NoSuchMethodError'{0x00000000c6ea79f0}: 'long java.lang.invoke.DirectMethodHandle$Holder.invokeInterface(java.lang.Object, java.lang.Object)'> (0x00000000c6ea79f0) 
thrown [s\open\src\hotspot\share\interpreter\linkResolver.cpp, line 773]
Event: 3.214 Thread 0x000001e8f7d96060 Exception <a 'java/lang/IncompatibleClassChangeError'{0x00000000c6eaaa00}: Found class java.lang.Object, but interface was expected> (0x00000000c6eaaa00) 
thrown [s\open\src\hotspot\share\interpreter\linkResolver.cpp, line 840]
Event: 3.219 Thread 0x000001e8f7d96060 Exception <a 'java/lang/NoSuchMethodError'{0x00000000c6ec06d0}: 'java.lang.Object java.lang.invoke.DirectMethodHandle$Holder.invokeVirtual(java.lang.Object, java.lang.Object, java.lang.Object, java.lang.Object)'> (0x00000000c6ec06d0) 
thrown [s\open\src\hotspot\share\interpreter\linkResolver.cpp, line 773]
Event: 4.253 Thread 0x000001e8db27f850 Exception <a 'java/lang/IncompatibleClassChangeError'{0x00000000c6008868}: Found class java.lang.Object, but interface was expected> (0x00000000c6008868) 
thrown [s\open\src\hotspot\share\interpreter\linkResolver.cpp, line 840]

ZGC Phase Switch (0 events):
No events

VM Operations (20 events):
Event: 5.164 Executing VM operation: HandshakeAllThreads (Deoptimize)
Event: 5.164 Executing VM operation: HandshakeAllThreads (Deoptimize) done
Event: 5.203 Executing VM operation: ICBufferFull
Event: 5.203 Executing VM operation: ICBufferFull done
Event: 5.319 Executing VM operation: CollectForMetadataAllocation (Metadata GC Threshold)
Event: 5.333 Executing VM operation: CollectForMetadataAllocation (Metadata GC Threshold) done
Event: 5.354 Executing VM operation: G1PauseRemark
Event: 5.359 Executing VM operation: G1PauseRemark done
Event: 5.363 Executing VM operation: G1PauseCleanup
Event: 5.363 Executing VM operation: G1PauseCleanup done
Event: 5.923 Executing VM operation: HandshakeAllThreads (Deoptimize)
Event: 5.923 Executing VM operation: HandshakeAllThreads (Deoptimize) done
Event: 5.944 Executing VM operation: HandshakeAllThreads (Deoptimize)
Event: 5.944 Executing VM operation: HandshakeAllThreads (Deoptimize) done
Event: 5.945 Executing VM operation: HandshakeAllThreads (Deoptimize)
Event: 5.945 Executing VM operation: HandshakeAllThreads (Deoptimize) done
Event: 5.957 Executing VM operation: HandshakeAllThreads (Deoptimize)
Event: 5.957 Executing VM operation: HandshakeAllThreads (Deoptimize) done
Event: 5.959 Executing VM operation: HandshakeAllThreads (Deoptimize)
Event: 5.959 Executing VM operation: HandshakeAllThreads (Deoptimize) done

Events (15 events):
Event: 0.049 Thread 0x000001e8db27f850 Thread added: 0x000001e8db27f850
Event: 0.165 Thread 0x000001e8f7d8a9a0 Thread added: 0x000001e8f7d8a9a0
Event: 0.165 Thread 0x000001e8f7d8e880 Thread added: 0x000001e8f7d8e880
Event: 0.166 Thread 0x000001e8f7d91020 Thread added: 0x000001e8f7d91020
Event: 0.166 Thread 0x000001e8f7d92a80 Thread added: 0x000001e8f7d92a80
Event: 0.166 Thread 0x000001e8f7d93fd0 Thread added: 0x000001e8f7d93fd0
Event: 0.166 Thread 0x000001e8f7d987c0 Thread added: 0x000001e8f7d987c0
Event: 0.166 Thread 0x000001e8f7dacea0 Thread added: 0x000001e8f7dacea0
Event: 0.166 Thread 0x000001e8f7d9eeb0 Thread added: 0x000001e8f7d9eeb0
Event: 0.282 Thread 0x000001e8f7d95340 Thread added: 0x000001e8f7d95340
Event: 0.297 Thread 0x000001e8f7d959d0 Thread added: 0x000001e8f7d959d0
Event: 2.376 Thread 0x000001e8f7d96060 Thread added: 0x000001e8f7d96060
Event: 3.843 Thread 0x000001e8f7d96060 Thread exited: 0x000001e8f7d96060
Event: 4.140 Thread 0x000001e8f7d966f0 Thread added: 0x000001e8f7d966f0
Event: 4.221 Thread 0x000001e8f7d966f0 Thread exited: 0x000001e8f7d966f0


Dynamic libraries:
0x00007ff71a810000 - 0x00007ff71a820000 	C:\Program Files\Java\jdk-21\bin\java.exe
0x00007ffc5e440000 - 0x00007ffc5e649000 	C:\WINDOWS\SYSTEM32\ntdll.dll
0x00007ffc5d3c0000 - 0x00007ffc5d47d000 	C:\WINDOWS\System32\KERNEL32.DLL
0x00007ffc5bd40000 - 0x00007ffc5c0c4000 	C:\WINDOWS\System32\KERNELBASE.dll
0x00007ffc5bc20000 - 0x00007ffc5bd31000 	C:\WINDOWS\System32\ucrtbase.dll
0x00007ffc41630000 - 0x00007ffc41649000 	C:\Program Files\Java\jdk-21\bin\jli.dll
0x00007ffc5d480000 - 0x00007ffc5d52e000 	C:\WINDOWS\System32\ADVAPI32.dll
0x00007ffc5e040000 - 0x00007ffc5e0e3000 	C:\WINDOWS\System32\msvcrt.dll
0x00007ffc5c290000 - 0x00007ffc5c32e000 	C:\WINDOWS\System32\sechost.dll
0x00007ffc5e210000 - 0x00007ffc5e331000 	C:\WINDOWS\System32\RPCRT4.dll
0x00007ffc5d9e0000 - 0x00007ffc5db8d000 	C:\WINDOWS\System32\USER32.dll
0x00007ffc5c0d0000 - 0x00007ffc5c0f6000 	C:\WINDOWS\System32\win32u.dll
0x00007ffc5e340000 - 0x00007ffc5e36a000 	C:\WINDOWS\System32\GDI32.dll
0x00007ffc5c100000 - 0x00007ffc5c21e000 	C:\WINDOWS\System32\gdi32full.dll
0x00007ffc5bb80000 - 0x00007ffc5bc1d000 	C:\WINDOWS\System32\msvcp_win.dll
0x00007ffc40bf0000 - 0x00007ffc40c0b000 	C:\Program Files\Java\jdk-21\bin\VCRUNTIME140.dll
0x00007ffc45100000 - 0x00007ffc453a5000 	C:\WINDOWS\WinSxS\amd64_microsoft.windows.common-controls_6595b64144ccf1df_6.0.22000.120_none_9d947278b86cc467\COMCTL32.dll
0x00007ffc4ae00000 - 0x00007ffc4ae0a000 	C:\WINDOWS\SYSTEM32\VERSION.dll
0x00007ffc5e000000 - 0x00007ffc5e031000 	C:\WINDOWS\System32\IMM32.DLL
0x00007ffc45450000 - 0x00007ffc4545c000 	C:\Program Files\Java\jdk-21\bin\vcruntime140_1.dll
0x00007ffc3e010000 - 0x00007ffc3e09e000 	C:\Program Files\Java\jdk-21\bin\msvcp140.dll
0x00007ffc0be30000 - 0x00007ffc0cb48000 	C:\Program Files\Java\jdk-21\bin\server\jvm.dll
0x00007ffc5dd60000 - 0x00007ffc5ddcf000 	C:\WINDOWS\System32\WS2_32.dll
0x00007ffc5b280000 - 0x00007ffc5b2cd000 	C:\WINDOWS\SYSTEM32\POWRPROF.dll
0x00007ffc50030000 - 0x00007ffc50063000 	C:\WINDOWS\SYSTEM32\WINMM.dll
0x00007ffc5b1c0000 - 0x00007ffc5b1d3000 	C:\WINDOWS\SYSTEM32\UMPDC.dll
0x00007ffc5a900000 - 0x00007ffc5a918000 	C:\WINDOWS\SYSTEM32\kernel.appcore.dll
0x00007ffc431f0000 - 0x00007ffc431fa000 	C:\Program Files\Java\jdk-21\bin\jimage.dll
0x00007ffc4fc80000 - 0x00007ffc4fea1000 	C:\WINDOWS\SYSTEM32\DBGHELP.DLL
0x00007ffc39e30000 - 0x00007ffc39e61000 	C:\WINDOWS\SYSTEM32\dbgcore.DLL
0x00007ffc5b8d0000 - 0x00007ffc5b94f000 	C:\WINDOWS\System32\bcryptPrimitives.dll
0x00007ffc3f450000 - 0x00007ffc3f46f000 	C:\Program Files\Java\jdk-21\bin\java.dll
0x00007ffc5cbf0000 - 0x00007ffc5d3b5000 	C:\WINDOWS\System32\SHELL32.dll
0x00007ffc59960000 - 0x00007ffc5a1c2000 	C:\WINDOWS\SYSTEM32\windows.storage.dll
0x00007ffc5d530000 - 0x00007ffc5d8a6000 	C:\WINDOWS\System32\combase.dll
0x00007ffc597f0000 - 0x00007ffc59957000 	C:\WINDOWS\SYSTEM32\wintypes.dll
0x00007ffc5d8c0000 - 0x00007ffc5d9aa000 	C:\WINDOWS\System32\SHCORE.dll
0x00007ffc5ca40000 - 0x00007ffc5ca9d000 	C:\WINDOWS\System32\shlwapi.dll
0x00007ffc5b800000 - 0x00007ffc5b825000 	C:\WINDOWS\SYSTEM32\profapi.dll
0x00007ffc1c5c0000 - 0x00007ffc1c697000 	C:\Program Files\Java\jdk-21\bin\jsvml.dll
0x00007ffc42100000 - 0x00007ffc42110000 	C:\Program Files\Java\jdk-21\bin\net.dll
0x00007ffc53c10000 - 0x00007ffc53d24000 	C:\WINDOWS\SYSTEM32\WINHTTP.dll
0x00007ffc5ada0000 - 0x00007ffc5ae07000 	C:\WINDOWS\system32\mswsock.dll
0x00007ffc3f2f0000 - 0x00007ffc3f306000 	C:\Program Files\Java\jdk-21\bin\nio.dll
0x00007ffc3f0d0000 - 0x00007ffc3f0e8000 	C:\Program Files\Java\jdk-21\bin\zip.dll
0x00007ffc41cf0000 - 0x00007ffc41cfe000 	C:\Program Files\Java\jdk-21\bin\sunmscapi.dll
0x00007ffc5ba10000 - 0x00007ffc5bb72000 	C:\WINDOWS\System32\CRYPT32.dll
0x00007ffc5b220000 - 0x00007ffc5b248000 	C:\WINDOWS\SYSTEM32\ncrypt.dll
0x00007ffc5b1e0000 - 0x00007ffc5b217000 	C:\WINDOWS\SYSTEM32\NTASN1.dll

dbghelp: loaded successfully - version: 4.0.5 - missing functions: none
symbol engine: initialized successfully - sym options: 0x614 - pdb path: .;C:\Program Files\Java\jdk-21\bin;C:\WINDOWS\SYSTEM32;C:\WINDOWS\WinSxS\amd64_microsoft.windows.common-controls_6595b64144ccf1df_6.0.22000.120_none_9d947278b86cc467;C:\Program Files\Java\jdk-21\bin\server

VM Arguments:
jvm_args: -XX:+ShowCodeDetailsInExceptionMessages 
java_command: com.perpustakaan.dean.DeanApplication
java_class_path (initial): C:\Users\dell\Documents\dean's file\Java Lanjutan\dean\target\classes;C:\Users\dell\.m2\repository\org\springframework\boot\spring-boot-starter-data-jpa\3.5.3\spring-boot-starter-data-jpa-3.5.3.jar;C:\Users\dell\.m2\repository\org\springframework\boot\spring-boot-starter\3.5.3\spring-boot-starter-3.5.3.jar;C:\Users\dell\.m2\repository\org\springframework\boot\spring-boot\3.5.3\spring-boot-3.5.3.jar;C:\Users\dell\.m2\repository\org\springframework\boot\spring-boot-autoconfigure\3.5.3\spring-boot-autoconfigure-3.5.3.jar;C:\Users\dell\.m2\repository\org\springframework\boot\spring-boot-starter-logging\3.5.3\spring-boot-starter-logging-3.5.3.jar;C:\Users\dell\.m2\repository\ch\qos\logback\logback-classic\1.5.18\logback-classic-1.5.18.jar;C:\Users\dell\.m2\repository\ch\qos\logback\logback-core\1.5.18\logback-core-1.5.18.jar;C:\Users\dell\.m2\repository\org\apache\logging\log4j\log4j-to-slf4j\2.24.3\log4j-to-slf4j-2.24.3.jar;C:\Users\dell\.m2\repository\org\apache\logging\log4j\log4j-api\2.24.3\log4j-api-2.24.3.jar;C:\Users\dell\.m2\repository\org\slf4j\jul-to-slf4j\2.0.17\jul-to-slf4j-2.0.17.jar;C:\Users\dell\.m2\repository\jakarta\annotation\jakarta.annotation-api\2.1.1\jakarta.annotation-api-2.1.1.jar;C:\Users\dell\.m2\repository\org\yaml\snakeyaml\2.4\snakeyaml-2.4.jar;C:\Users\dell\.m2\repository\org\springframework\boot\spring-boot-starter-jdbc\3.5.3\spring-boot-starter-jdbc-3.5.3.jar;C:\Users\dell\.m2\repository\com\zaxxer\HikariCP\6.3.0\HikariCP-6.3.0.jar;C:\Users\dell\.m2\repository\org\springframework\spring-jdbc\6.2.8\spring-jdbc-6.2.8.jar;C:\Users\dell\.m2\repository\org\hibernate\orm\hibernate-core\6.6.18.Final\hibernate-core-6.6.18.Final.jar;C:\Users\dell\.m2\repository\jakarta\persistence\jakarta.persistence-api\3.1.0\jakarta.persistence-api-3.1.0.jar;C:\Users\dell\.m2\repository\jakarta\transaction\jakarta.transaction-api\2.0.1\jakarta.transaction-api-2.0.1.jar;C:\Users\dell\.m2\repository\org\jboss\logging\jboss-logging\3.6.1.Final\jboss-logging-3.6.1.Final.jar;C:\Users\dell\.m2\repository\org\hibernate\common\hibernate-commons-annotations\7.0.3.Final\hibernate-commons-annotations-7.0.3.Final.jar;C:\Users\dell\.m2\repository\io\smallrye\jandex\3.2.0\jandex-3.2.0.jar;C:\Users\dell\.m2\repository\com\fasterxml\classmate\1.7.0\classmate-1.7.0.jar;C:\Users\dell\.m2\repository\net\bytebuddy\byte-buddy\1.17.6\byte-buddy-1.17.6.jar;C:\Users\dell\.m2\repository\org\glassfish\jaxb\jaxb-runtime\4.0.5\jaxb-runtime-4.0.5.jar;C:\Users\dell\.m2\repository\org\glassfish\jaxb\jaxb-core\4.0.5\jaxb-core-4.0.5.jar;C:\Users\dell\.m2\repository\org\glassfish\jaxb\txw2\4.0.5\txw2-4.0.5.jar;C:\Users\dell\.m2\repository\com\sun\istack\istack-commons-runtime\4.1.2\istack-commons-runtime-4.1.2.jar;C:\Users\dell\.m2\repository\jakarta\inject\jakarta.inject-api\2.0.1\jakarta.inject-api-2.0.1.jar;C:\Users\dell\.m2\repository\org\antlr\antlr4-runtime\4.13.0\antlr4-runtime-4.13.0.jar;C:\Users\dell\.m2\repository\org\springframework\data\spring-data-jpa\3.5.1\spring-data-jpa-3.5.1.jar;C:\Users\dell\.m2\repository\org\springframework\data\spring-data-commons\3.5.1\spring-data-commons-3.5.1.jar;C:\Users\dell\.m2\repository\org\springframework\spring-orm\6.2.8\spring-orm-6.2.8.jar;C:\Users\dell\.m2\repository\org\springframework\spring-context\6.2.8\spring-context-6.2.8.jar;C:\Users\dell\.m2\repository\org\springframework\spring-tx\6.2.8\spring-tx-6.2.8.jar;C:\Users\dell\.m2\repository\org\springframework\spring-beans\6.2.8\spring-beans-6.2.8.jar;C:\Users\dell\.m2\repository\org\slf4j\slf4j-api\2.0.17\slf4j-api-2.0.17.jar;C:\Users\dell\.m2\repository\org\springframework\spring-aspects\6.2.8\spring-aspects-6.2.8.jar;C:\Users\dell\.m2\repository\org\aspectj\aspectjweaver\1.9.24\aspectjweaver-1.9.24.jar;C:\Users\dell\.m2\repository\org\springframework\boot\spring-boot-starter-thymeleaf\3.5.3\spring-boot-starter-thymeleaf-3.5.3.jar;C:\Users\dell\.m2\repository\org\thymeleaf\thymeleaf-spring6\3.1.3.RELEASE\thymeleaf-spring6-3.1.3.RELEASE.jar;C:\Users\dell\.m2\repository\org\thymeleaf\thymeleaf\3.1.3.RELEASE\thymeleaf-3.1.3.RELEASE.jar;C:\Users\dell\.m2\repository\org\attoparser\attoparser\2.0.7.RELEASE\attoparser-2.0.7.RELEASE.jar;C:\Users\dell\.m2\repository\org\unbescape\unbescape\1.1.6.RELEASE\unbescape-1.1.6.RELEASE.jar;C:\Users\dell\.m2\repository\org\springframework\boot\spring-boot-starter-web\3.5.3\spring-boot-starter-web-3.5.3.jar;C:\Users\dell\.m2\repository\org\springframework\boot\spring-boot-starter-json\3.5.3\spring-boot-starter-json-3.5.3.jar;C:\Users\dell\.m2\repository\com\fasterxml\jackson\datatype\jackson-datatype-jdk8\2.19.1\jackson-datatype-jdk8-2.19.1.jar;C:\Users\dell\.m2\repository\com\fasterxml\jackson\datatype\jackson-datatype-jsr310\2.19.1\jackson-datatype-jsr310-2.19.1.jar;C:\Users\dell\.m2\repository\com\fasterxml\jackson\module\jackson-module-parameter-names\2.19.1\jackson-module-parameter-names-2.19.1.jar;C:\Users\dell\.m2\repository\org\springframework\boot\spring-boot-starter-tomcat\3.5.3\spring-boot-starter-tomcat-3.5.3.jar;C:\Users\dell\.m2\repository\org\apache\tomcat\embed\tomcat-embed-core\10.1.42\tomcat-embed-core-10.1.42.jar;C:\Users\dell\.m2\repository\org\apache\tomcat\embed\tomcat-embed-el\10.1.42\tomcat-embed-el-10.1.42.jar;C:\Users\dell\.m2\repository\org\apache\tomcat\embed\tomcat-embed-websocket\10.1.42\tomcat-embed-websocket-10.1.42.jar;C:\Users\dell\.m2\repository\org\springframework\spring-web\6.2.8\spring-web-6.2.8.jar;C:\Users\dell\.m2\repository\io\micrometer\micrometer-observation\1.15.1\micrometer-observation-1.15.1.jar;C:\Users\dell\.m2\repository\io\micrometer\micrometer-commons\1.15.1\micrometer-commons-1.15.1.jar;C:\Users\dell\.m2\repository\org\springframework\spring-webmvc\6.2.8\spring-webmvc-6.2.8.jar;C:\Users\dell\.m2\repository\org\springframework\spring-expression\6.2.8\spring-expression-6.2.8.jar;C:\Users\dell\.m2\repository\com\mysql\mysql-connector-j\9.2.0\mysql-connector-j-9.2.0.jar;C:\Users\dell\.m2\repository\org\projectlombok\lombok\1.18.38\lombok-1.18.38.jar;C:\Users\dell\.m2\repository\jakarta\xml\bind\jakarta.xml.bind-api\4.0.2\jakarta.xml.bind-api-4.0.2.jar;C:\Users\dell\.m2\repository\jakarta\activation\jakarta.activation-api\2.1.3\jakarta.activation-api-2.1.3.jar;C:\Users\dell\.m2\repository\org\springframework\spring-core\6.2.8\spring-core-6.2.8.jar;C:\Users\dell\.m2\repository\org\springframework\spring-jcl\6.2.8\spring-jcl-6.2.8.jar;C:\Users\dell\.m2\repository\org\springdoc\springdoc-openapi-starter-webmvc-ui\2.5.0\springdoc-openapi-starter-webmvc-ui-2.5.0.jar;C:\Users\dell\.m2\repository\org\springdoc\springdoc-openapi-starter-webmvc-api\2.5.0\springdoc-openapi-starter-webmvc-api-2.5.0.jar;C:\Users\dell\.m2\repository\org\springdoc\springdoc-openapi-starter-common\2.5.0\springdoc-openapi-starter-common-2.5.0.jar;C:\Users\dell\.m2\repository\io\swagger\core\v3\swagger-core-jakarta\2.2.21\swagger-core-jakarta-2.2.21.jar;C:\Users\dell\.m2\repository\org\apache\commons\commons-lang3\3.17.0\commons-lang3-3.17.0.jar;C:\Users\dell\.m2\repository\io\swagger\core\v3\swagger-annotations-jakarta\2.2.21\swagger-annotations-jakarta-2.2.21.jar;C:\Users\dell\.m2\repository\io\swagger\core\v3\swagger-models-jakarta\2.2.21\swagger-models-jakarta-2.2.21.jar;C:\Users\dell\.m2\repository\jakarta\validation\jakarta.validation-api\3.0.2\jakarta.validation-api-3.0.2.jar;C:\Users\dell\.m2\repository\com\fasterxml\jackson\dataformat\jackson-dataformat-yaml\2.19.1\jackson-dataformat-yaml-2.19.1.jar;C:\Users\dell\.m2\repository\org\webjars\swagger-ui\5.13.0\swagger-ui-5.13.0.jar;C:\Users\dell\.m2\repository\org\springframework\boot\spring-boot-starter-security\3.5.3\spring-boot-starter-security-3.5.3.jar;C:\Users\dell\.m2\repository\org\springframework\spring-aop\6.2.8\spring-aop-6.2.8.jar;C:\Users\dell\.m2\repository\org\springframework\security\spring-security-config\6.5.1\spring-security-config-6.5.1.jar;C:\Users\dell\.m2\repository\org\springframework\security\spring-security-core\6.5.1\spring-security-core-6.5.1.jar;C:\Users\dell\.m2\repository\org\springframework\security\spring-security-web\6.5.1\spring-security-web-6.5.1.jar;C:\Users\dell\.m2\repository\io\jsonwebtoken\jjwt-api\0.11.5\jjwt-api-0.11.5.jar;C:\Users\dell\.m2\repository\io\jsonwebtoken\jjwt-jackson\0.11.5\jjwt-jackson-0.11.5.jar;C:\Users\dell\.m2\repository\com\fasterxml\jackson\core\jackson-databind\2.19.1\jackson-databind-2.19.1.jar;C:\Users\dell\.m2\repository\com\fasterxml\jackson\core\jackson-annotations\2.19.1\jackson-annotations-2.19.1.jar;C:\Users\dell\.m2\repository\com\fasterxml\jackson\core\jackson-core\2.19.1\jackson-core-2.19.1.jar;C:\Users\dell\.m2\repository\org\springframework\boot\spring-boot-starter-mail\3.5.3\spring-boot-starter-mail-3.5.3.jar;C:\Users\dell\.m2\repository\org\springframework\spring-context-support\6.2.8\spring-context-support-6.2.8.jar;C:\Users\dell\.m2\repository\org\eclipse\angus\jakarta.mail\2.0.3\jakarta.mail-2.0.3.jar;C:\Users\dell\.m2\repository\org\eclipse\angus\angus-activation\2.0.2\angus-activation-2.0.2.jar;C:\Users\dell\.m2\repository\org\springframework\security\spring-security-crypto\6.5.1\spring-security-crypto-6.5.1.jar
Launcher Type: SUN_STANDARD

[Global flags]
     intx CICompilerCount                          = 3                                         {product} {ergonomic}
     uint ConcGCThreads                            = 1                                         {product} {ergonomic}
     uint G1ConcRefinementThreads                  = 4                                         {product} {ergonomic}
   size_t G1HeapRegionSize                         = 1048576                                   {product} {ergonomic}
    uintx GCDrainStackTargetSize                   = 64                                        {product} {ergonomic}
   size_t InitialHeapSize                          = 65011712                                  {product} {ergonomic}
   size_t MarkStackSize                            = 4194304                                   {product} {ergonomic}
   size_t MaxHeapSize                              = 1012924416                                {product} {ergonomic}
   size_t MaxNewSize                               = 607125504                                 {product} {ergonomic}
   size_t MinHeapDeltaBytes                        = 1048576                                   {product} {ergonomic}
   size_t MinHeapSize                              = 8388608                                   {product} {ergonomic}
    uintx NonNMethodCodeHeapSize                   = 5832780                                {pd product} {ergonomic}
    uintx NonProfiledCodeHeapSize                  = 122912730                              {pd product} {ergonomic}
    uintx ProfiledCodeHeapSize                     = 122912730                              {pd product} {ergonomic}
    uintx ReservedCodeCacheSize                    = 251658240                              {pd product} {ergonomic}
     bool SegmentedCodeCache                       = true                                      {product} {ergonomic}
     bool ShowCodeDetailsInExceptionMessages       = true                                   {manageable} {command line}
   size_t SoftMaxHeapSize                          = 1012924416                             {manageable} {ergonomic}
     bool UseCompressedOops                        = true                           {product lp64_product} {ergonomic}
     bool UseG1GC                                  = true                                      {product} {ergonomic}
     bool UseLargePagesIndividualAllocation        = false                                  {pd product} {ergonomic}

Logging:
Log output configuration:
 #0: stdout all=warning uptime,level,tags foldmultilines=false
 #1: stderr all=off uptime,level,tags foldmultilines=false

Environment Variables:
PATH=C:\Program Files\Common Files\Oracle\Java\javapath;C:\oraclexe\app\oracle\product\10.2.0\server\bin;C:\WINDOWS\system32;C:\WINDOWS;C:\WINDOWS\System32\Wbem;C:\WINDOWS\System32\WindowsPowerShell\v1.0\;C:\WINDOWS\System32\OpenSSH\;C:\Program Files\Microsoft SQL Server\130\Tools\Binn\;C:\Program Files\Microsoft SQL Server\Client SDK\ODBC\170\Tools\Binn\;C:\Program Files\dotnet\;C:\xampp\php;C:\ProgramData\chocolatey\bin;C:\Program Files\OpenJDK\openjdk-11.0.15_10\bin;C:\Program Files\Git\cmd;C:\Program Files\Microsoft SQL Server\150\Tools\Binn\;C:\Program Files (x86)\Microsoft SQL Server\160\Tools\Binn\;C:\Program Files\Microsoft SQL Server\160\Tools\Binn\;C:\Program Files\Microsoft SQL Server\160\DTS\Binn\;C:\Program Files\nodejs\;C:\ProgramData\ComposerSetup\bin;C:\Program Files (x86)\Microsoft SQL Server\160\DTS\Binn\;C:\Program Files\Azure Data Studio\bin;C:\Ruby32-x64\bin;C:\Program Files (x86)\Yarn\bin\;C:\RailsInstaller\Git\cmd;C:\RailsInstaller\Ruby2.3.3\bin;C:\Ruby32-x64\bin;C:\Users\dell\AppData\Local\pnpm;D:\BC5\BIN;C:\Users\dell\AppData\Local\Microsoft\WindowsApps;C:\mingw64\bin;C:\Users\dell\.dotnet\tools;C:\Users\dell\AppData\Roaming\Composer\vendor\bin;C:\Users\dell\AppData\Local\Programs\Microsoft VS Code\bin;%JAVA_HOME%\bin;C:\Program Files\JetBrains\IntelliJ IDEA 2023.1.3\bin;;D:\File Tigana Reymansyah\apache-maven-3.9.3\bin;C:\Users\dell\AppData\Roaming\npm;C:\Program Files\Azure Data Studio\bin;C:\Program Files\Java\jdk-17\bin;C:\Users\dell\AppData\Local\Yarn\bin;C:\RailsInstaller;C:\apache-maven-3.9.9\bin;
USERNAME=dell
LANG=en_US.UTF-8
OS=Windows_NT
PROCESSOR_IDENTIFIER=Intel64 Family 6 Model 142 Stepping 12, GenuineIntel
TMP=C:\Users\dell\AppData\Local\Temp
TEMP=C:\Users\dell\AppData\Local\Temp




Periodic native trim disabled

---------------  S Y S T E M  ---------------

OS:
 Windows 11 , 64 bit Build 22000 (10.0.22000.2538)
OS uptime: 3 days 22:57 hours
Hyper-V role detected

CPU: total 4 (initial active 4) (2 cores per cpu, 2 threads per core) family 6 model 142 stepping 12 microcode 0xfc, cx8, cmov, fxsr, ht, mmx, 3dnowpref, sse, sse2, sse3, ssse3, sse4.1, sse4.2, popcnt, lzcnt, tsc, tscinvbit, avx, avx2, aes, erms, clmul, bmi1, bmi2, adx, fma, vzeroupper, clflush, clflushopt, hv, rdtscp, f16c
Processor Information for all 4 processors :
  Max Mhz: 2592, Current Mhz: 2093, Mhz Limit: 2073

Memory: 4k page, system-wide physical 3857M (342M free)
TotalPageFile size 15633M (AvailPageFile size 13M)
current process WorkingSet (physical memory assigned to process): 154M, peak: 154M
current process commit charge ("private bytes"): 194M, peak: 195M

vm_info: Java HotSpot(TM) 64-Bit Server VM (21.0.5+9-LTS-239) for windows-amd64 JRE (21.0.5+9-LTS-239), built on 2024-09-30T05:17:38Z by "mach5one" with MS VC++ 17.6 (VS2022)

END.
