#
# There is insufficient memory for the Java Runtime Environment to continue.
# Native memory allocation (malloc) failed to allocate 291616 bytes for Chunk::new
# Possible reasons:
#   The system is out of physical RAM or swap space
#   The process is running with CompressedOops enabled, and the Java Heap may be blocking the growth of the native heap
# Possible solutions:
#   Reduce memory load on the system
#   Increase physical memory or swap space
#   Check if swap backing store is full
#   Decrease Java heap size (-Xmx/-Xms)
#   Decrease number of Java threads
#   Decrease Java thread stack sizes (-Xss)
#   Set larger code cache with -XX:ReservedCodeCacheSize=
#   JVM is running with Unscaled Compressed Oops mode in which the Java heap is
#     placed in the first 4GB address space. The Java Heap base address is the
#     maximum limit for the native heap growth. Please use -XX:HeapBaseMinAddress
#     to set the Java Heap base and to place the Java Heap above 4GB virtual address.
# This output file may be truncated or incomplete.
#
#  Out of Memory Error (arena.cpp:189), pid=10400, tid=15656
#
# JRE version: Java(TM) SE Runtime Environment (17.0.7+8) (build 17.0.7+8-LTS-224)
# Java VM: Java HotSpot(TM) 64-Bit Server VM (17.0.7+8-LTS-224, mixed mode, sharing, tiered, compressed oops, compressed class ptrs, g1 gc, windows-amd64)
# No core dump will be written. Minidumps are not enabled by default on client versions of Windows
#

---------------  S U M M A R Y ------------

Command Line: -DwatchParentProcess=false -XX:+ExitOnOutOfMemoryError -XX:+HeapDumpOnOutOfMemoryError -XX:HeapDumpPath=c:\Users\dell\AppData\Roaming\Code\User\globalStorage\redhat.vscode-xml -Xmx64M org.eclipse.lemminx.XMLServerLauncher

Host: Intel(R) Core(TM) i3-10110U CPU @ 2.10GHz, 4 cores, 3G,  Windows 11 , 64 bit Build 22000 (10.0.22000.2538)
Time: Sat Aug  2 20:46:23 2025 SE Asia Standard Time elapsed time: 8.968104 seconds (0d 0h 0m 8s)

---------------  T H R E A D  ---------------

Current thread (0x0000025dd127c9c0):  JavaThread "C2 CompilerThread0" daemon [_thread_in_native, id=15656, stack(0x0000007604b00000,0x0000007604c00000)]


Current CompileTask:
C2:   8968 1021       4       sun.util.locale.BaseLocale::getInstance (149 bytes)

Stack: [0x0000007604b00000,0x0000007604c00000]
Native frames: (J=compiled Java code, j=interpreted, Vv=VM code, C=native code)
V  [jvm.dll+0x676a4a]
V  [jvm.dll+0x7d74f4]
V  [jvm.dll+0x7d8c9e]
V  [jvm.dll+0x7d9303]
V  [jvm.dll+0x2452c5]
V  [jvm.dll+0xaaa2b]
V  [jvm.dll+0xaafcc]
V  [jvm.dll+0x2aac2f]
V  [jvm.dll+0x57f375]
V  [jvm.dll+0x2205f2]
V  [jvm.dll+0x2191f0]
V  [jvm.dll+0x216df9]
V  [jvm.dll+0x1a35e0]
V  [jvm.dll+0x226a6e]
V  [jvm.dll+0x224e15]
V  [jvm.dll+0x78d05c]
V  [jvm.dll+0x78759a]
V  [jvm.dll+0x675875]
C  [ucrtbase.dll+0x26c0c]
C  [KERNEL32.DLL+0x153e0]
C  [ntdll.dll+0x485b]


---------------  P R O C E S S  ---------------

Threads class SMR info:
_java_thread_list=0x0000025dd2002ae0, length=13, elements={
0x0000025db848b9d0, 0x0000025db848cfe0, 0x0000025dd1271770, 0x0000025dd12758e0,
0x0000025dd1276290, 0x0000025dd1276c40, 0x0000025dd127c9c0, 0x0000025dd127eb20,
0x0000025dd12823b0, 0x0000025dd1d279d0, 0x0000025dd1d2e550, 0x0000025dd2009860,
0x0000025db83b4320
}

Java Threads: ( => current thread )
  0x0000025db848b9d0 JavaThread "Reference Handler" daemon [_thread_blocked, id=15680, stack(0x0000007604500000,0x0000007604600000)]
  0x0000025db848cfe0 JavaThread "Finalizer" daemon [_thread_blocked, id=18804, stack(0x0000007604600000,0x0000007604700000)]
  0x0000025dd1271770 JavaThread "Signal Dispatcher" daemon [_thread_blocked, id=9072, stack(0x0000007604700000,0x0000007604800000)]
  0x0000025dd12758e0 JavaThread "Attach Listener" daemon [_thread_blocked, id=13024, stack(0x0000007604800000,0x0000007604900000)]
  0x0000025dd1276290 JavaThread "Service Thread" daemon [_thread_blocked, id=648, stack(0x0000007604900000,0x0000007604a00000)]
  0x0000025dd1276c40 JavaThread "Monitor Deflation Thread" daemon [_thread_blocked, id=12676, stack(0x0000007604a00000,0x0000007604b00000)]
=>0x0000025dd127c9c0 JavaThread "C2 CompilerThread0" daemon [_thread_in_native, id=15656, stack(0x0000007604b00000,0x0000007604c00000)]
  0x0000025dd127eb20 JavaThread "C1 CompilerThread0" daemon [_thread_blocked, id=14004, stack(0x0000007604c00000,0x0000007604d00000)]
  0x0000025dd12823b0 JavaThread "Sweeper thread" daemon [_thread_blocked, id=16652, stack(0x0000007604d00000,0x0000007604e00000)]
  0x0000025dd1d279d0 JavaThread "Notification Thread" daemon [_thread_blocked, id=9792, stack(0x0000007604e00000,0x0000007604f00000)]
  0x0000025dd1d2e550 JavaThread "Common-Cleaner" daemon [_thread_blocked, id=1788, stack(0x0000007605000000,0x0000007605100000)]
  0x0000025dd2009860 JavaThread "pool-4-thread-1" [_thread_in_vm, id=16212, stack(0x0000007605100000,0x0000007605200000)]
  0x0000025db83b4320 JavaThread "DestroyJavaVM" [_thread_blocked, id=18196, stack(0x0000007603e00000,0x0000007603f00000)]

Other Threads:
  0x0000025db8482610 VMThread "VM Thread" [stack: 0x0000007604400000,0x0000007604500000] [id=8236]
  0x0000025dd1d2e2c0 WatcherThread [stack: 0x0000007604f00000,0x0000007605000000] [id=9044]
  0x0000025db83d7af0 GCTaskThread "GC Thread#0" [stack: 0x0000007603f00000,0x0000007604000000] [id=13192]
  0x0000025dd1d429c0 GCTaskThread "GC Thread#1" [stack: 0x0000007605200000,0x0000007605300000] [id=8788]
  0x0000025dd1d42c70 GCTaskThread "GC Thread#2" [stack: 0x0000007605300000,0x0000007605400000] [id=7800]
  0x0000025dd1d42f20 GCTaskThread "GC Thread#3" [stack: 0x0000007605400000,0x0000007605500000] [id=2420]
  0x0000025db83d9230 ConcurrentGCThread "G1 Main Marker" [stack: 0x0000007604000000,0x0000007604100000] [id=18628]
  0x0000025db83d9c40 ConcurrentGCThread "G1 Conc#0" [stack: 0x0000007604100000,0x0000007604200000] [id=18412]
  0x0000025db8426b50 ConcurrentGCThread "G1 Refine#0" [stack: 0x0000007604200000,0x0000007604300000] [id=15924]
  0x0000025db8428580 ConcurrentGCThread "G1 Service" [stack: 0x0000007604300000,0x0000007604400000] [id=18964]

Threads with active compile tasks:
C2 CompilerThread0     9219 1021       4       sun.util.locale.BaseLocale::getInstance (149 bytes)

VM state: not at safepoint (normal execution)

VM Mutex/Monitor currently owned by a thread: None

Heap address: 0x00000000fc000000, size: 64 MB, Compressed Oops mode: 32-bit

CDS archive(s) mapped at: [0x0000000800000000-0x0000000800bd0000-0x0000000800bd0000), size 12386304, SharedBaseAddress: 0x0000000800000000, ArchiveRelocationMode: 0.
Compressed class space mapped at: 0x0000000800c00000-0x0000000840c00000, reserved size: 1073741824
Narrow klass base: 0x0000000800000000, Narrow klass shift: 0, Narrow klass range: 0x100000000

GC Precious Log:
 CPUs: 4 total, 4 available
 Memory: 3857M
 Large Page Support: Disabled
 NUMA Support: Disabled
 Compressed Oops: Enabled (32-bit)
 Heap Region Size: 1M
 Heap Min Capacity: 8M
 Heap Initial Capacity: 62M
 Heap Max Capacity: 64M
 Pre-touch: Disabled
 Parallel Workers: 4
 Concurrent Workers: 1
 Concurrent Refinement Workers: 4
 Periodic GC: Disabled

Heap:
 garbage-first heap   total 63488K, used 4440K [0x00000000fc000000, 0x0000000100000000)
  region size 1024K, 4 young (4096K), 2 survivors (2048K)
 Metaspace       used 5380K, committed 5504K, reserved 1056768K
  class space    used 658K, committed 704K, reserved 1048576K

Heap Regions: E=young(eden), S=young(survivor), O=old, HS=humongous(starts), HC=humongous(continues), CS=collection set, F=free, OA=open archive, CA=closed archive, TAMS=top-at-mark-start (previous, next)
|   0|0x00000000fc000000, 0x00000000fc100000, 0x00000000fc100000|100%|HS|  |TAMS 0x00000000fc000000, 0x00000000fc000000| Complete 
|   1|0x00000000fc100000, 0x00000000fc156200, 0x00000000fc200000| 33%| O|  |TAMS 0x00000000fc100000, 0x00000000fc100000| Untracked 
|   2|0x00000000fc200000, 0x00000000fc200000, 0x00000000fc300000|  0%| F|  |TAMS 0x00000000fc200000, 0x00000000fc200000| Untracked 
|   3|0x00000000fc300000, 0x00000000fc300000, 0x00000000fc400000|  0%| F|  |TAMS 0x00000000fc300000, 0x00000000fc300000| Untracked 
|   4|0x00000000fc400000, 0x00000000fc400000, 0x00000000fc500000|  0%| F|  |TAMS 0x00000000fc400000, 0x00000000fc400000| Untracked 
|   5|0x00000000fc500000, 0x00000000fc500000, 0x00000000fc600000|  0%| F|  |TAMS 0x00000000fc500000, 0x00000000fc500000| Untracked 
|   6|0x00000000fc600000, 0x00000000fc600000, 0x00000000fc700000|  0%| F|  |TAMS 0x00000000fc600000, 0x00000000fc600000| Untracked 
|   7|0x00000000fc700000, 0x00000000fc700000, 0x00000000fc800000|  0%| F|  |TAMS 0x00000000fc700000, 0x00000000fc700000| Untracked 
|   8|0x00000000fc800000, 0x00000000fc800000, 0x00000000fc900000|  0%| F|  |TAMS 0x00000000fc800000, 0x00000000fc800000| Untracked 
|   9|0x00000000fc900000, 0x00000000fc900000, 0x00000000fca00000|  0%| F|  |TAMS 0x00000000fc900000, 0x00000000fc900000| Untracked 
|  10|0x00000000fca00000, 0x00000000fca00000, 0x00000000fcb00000|  0%| F|  |TAMS 0x00000000fca00000, 0x00000000fca00000| Untracked 
|  11|0x00000000fcb00000, 0x00000000fcb00000, 0x00000000fcc00000|  0%| F|  |TAMS 0x00000000fcb00000, 0x00000000fcb00000| Untracked 
|  12|0x00000000fcc00000, 0x00000000fcc00000, 0x00000000fcd00000|  0%| F|  |TAMS 0x00000000fcc00000, 0x00000000fcc00000| Untracked 
|  13|0x00000000fcd00000, 0x00000000fcd00000, 0x00000000fce00000|  0%| F|  |TAMS 0x00000000fcd00000, 0x00000000fcd00000| Untracked 
|  14|0x00000000fce00000, 0x00000000fce00000, 0x00000000fcf00000|  0%| F|  |TAMS 0x00000000fce00000, 0x00000000fce00000| Untracked 
|  15|0x00000000fcf00000, 0x00000000fcf00000, 0x00000000fd000000|  0%| F|  |TAMS 0x00000000fcf00000, 0x00000000fcf00000| Untracked 
|  16|0x00000000fd000000, 0x00000000fd000000, 0x00000000fd100000|  0%| F|  |TAMS 0x00000000fd000000, 0x00000000fd000000| Untracked 
|  17|0x00000000fd100000, 0x00000000fd100000, 0x00000000fd200000|  0%| F|  |TAMS 0x00000000fd100000, 0x00000000fd100000| Untracked 
|  18|0x00000000fd200000, 0x00000000fd200000, 0x00000000fd300000|  0%| F|  |TAMS 0x00000000fd200000, 0x00000000fd200000| Untracked 
|  19|0x00000000fd300000, 0x00000000fd300000, 0x00000000fd400000|  0%| F|  |TAMS 0x00000000fd300000, 0x00000000fd300000| Untracked 
|  20|0x00000000fd400000, 0x00000000fd400000, 0x00000000fd500000|  0%| F|  |TAMS 0x00000000fd400000, 0x00000000fd400000| Untracked 
|  21|0x00000000fd500000, 0x00000000fd500000, 0x00000000fd600000|  0%| F|  |TAMS 0x00000000fd500000, 0x00000000fd500000| Untracked 
|  22|0x00000000fd600000, 0x00000000fd600000, 0x00000000fd700000|  0%| F|  |TAMS 0x00000000fd600000, 0x00000000fd600000| Untracked 
|  23|0x00000000fd700000, 0x00000000fd700000, 0x00000000fd800000|  0%| F|  |TAMS 0x00000000fd700000, 0x00000000fd700000| Untracked 
|  24|0x00000000fd800000, 0x00000000fd800000, 0x00000000fd900000|  0%| F|  |TAMS 0x00000000fd800000, 0x00000000fd800000| Untracked 
|  25|0x00000000fd900000, 0x00000000fd900000, 0x00000000fda00000|  0%| F|  |TAMS 0x00000000fd900000, 0x00000000fd900000| Untracked 
|  26|0x00000000fda00000, 0x00000000fda00000, 0x00000000fdb00000|  0%| F|  |TAMS 0x00000000fda00000, 0x00000000fda00000| Untracked 
|  27|0x00000000fdb00000, 0x00000000fdb00000, 0x00000000fdc00000|  0%| F|  |TAMS 0x00000000fdb00000, 0x00000000fdb00000| Untracked 
|  28|0x00000000fdc00000, 0x00000000fdc00000, 0x00000000fdd00000|  0%| F|  |TAMS 0x00000000fdc00000, 0x00000000fdc00000| Untracked 
|  29|0x00000000fdd00000, 0x00000000fdd00000, 0x00000000fde00000|  0%| F|  |TAMS 0x00000000fdd00000, 0x00000000fdd00000| Untracked 
|  30|0x00000000fde00000, 0x00000000fde00000, 0x00000000fdf00000|  0%| F|  |TAMS 0x00000000fde00000, 0x00000000fde00000| Untracked 
|  31|0x00000000fdf00000, 0x00000000fdf00000, 0x00000000fe000000|  0%| F|  |TAMS 0x00000000fdf00000, 0x00000000fdf00000| Untracked 
|  32|0x00000000fe000000, 0x00000000fe000000, 0x00000000fe100000|  0%| F|  |TAMS 0x00000000fe000000, 0x00000000fe000000| Untracked 
|  33|0x00000000fe100000, 0x00000000fe100000, 0x00000000fe200000|  0%| F|  |TAMS 0x00000000fe100000, 0x00000000fe100000| Untracked 
|  34|0x00000000fe200000, 0x00000000fe200000, 0x00000000fe300000|  0%| F|  |TAMS 0x00000000fe200000, 0x00000000fe200000| Untracked 
|  35|0x00000000fe300000, 0x00000000fe300000, 0x00000000fe400000|  0%| F|  |TAMS 0x00000000fe300000, 0x00000000fe300000| Untracked 
|  36|0x00000000fe400000, 0x00000000fe400000, 0x00000000fe500000|  0%| F|  |TAMS 0x00000000fe400000, 0x00000000fe400000| Untracked 
|  37|0x00000000fe500000, 0x00000000fe500000, 0x00000000fe600000|  0%| F|  |TAMS 0x00000000fe500000, 0x00000000fe500000| Untracked 
|  38|0x00000000fe600000, 0x00000000fe600000, 0x00000000fe700000|  0%| F|  |TAMS 0x00000000fe600000, 0x00000000fe600000| Untracked 
|  39|0x00000000fe700000, 0x00000000fe700000, 0x00000000fe800000|  0%| F|  |TAMS 0x00000000fe700000, 0x00000000fe700000| Untracked 
|  40|0x00000000fe800000, 0x00000000fe800000, 0x00000000fe900000|  0%| F|  |TAMS 0x00000000fe800000, 0x00000000fe800000| Untracked 
|  41|0x00000000fe900000, 0x00000000fe900000, 0x00000000fea00000|  0%| F|  |TAMS 0x00000000fe900000, 0x00000000fe900000| Untracked 
|  42|0x00000000fea00000, 0x00000000fea00000, 0x00000000feb00000|  0%| F|  |TAMS 0x00000000fea00000, 0x00000000fea00000| Untracked 
|  43|0x00000000feb00000, 0x00000000feb00000, 0x00000000fec00000|  0%| F|  |TAMS 0x00000000feb00000, 0x00000000feb00000| Untracked 
|  44|0x00000000fec00000, 0x00000000fec00000, 0x00000000fed00000|  0%| F|  |TAMS 0x00000000fec00000, 0x00000000fec00000| Untracked 
|  45|0x00000000fed00000, 0x00000000fed00000, 0x00000000fee00000|  0%| F|  |TAMS 0x00000000fed00000, 0x00000000fed00000| Untracked 
|  46|0x00000000fee00000, 0x00000000fee00000, 0x00000000fef00000|  0%| F|  |TAMS 0x00000000fee00000, 0x00000000fee00000| Untracked 
|  47|0x00000000fef00000, 0x00000000ff000000, 0x00000000ff000000|100%| S|CS|TAMS 0x00000000fef00000, 0x00000000fef00000| Complete 
|  48|0x00000000ff000000, 0x00000000ff100000, 0x00000000ff100000|100%| S|CS|TAMS 0x00000000ff000000, 0x00000000ff000000| Complete 
|  49|0x00000000ff100000, 0x00000000ff100000, 0x00000000ff200000|  0%| F|  |TAMS 0x00000000ff100000, 0x00000000ff100000| Untracked 
|  50|0x00000000ff200000, 0x00000000ff200000, 0x00000000ff300000|  0%| F|  |TAMS 0x00000000ff200000, 0x00000000ff200000| Untracked 
|  51|0x00000000ff300000, 0x00000000ff300000, 0x00000000ff400000|  0%| F|  |TAMS 0x00000000ff300000, 0x00000000ff300000| Untracked 
|  52|0x00000000ff400000, 0x00000000ff400000, 0x00000000ff500000|  0%| F|  |TAMS 0x00000000ff400000, 0x00000000ff400000| Untracked 
|  53|0x00000000ff500000, 0x00000000ff500000, 0x00000000ff600000|  0%| F|  |TAMS 0x00000000ff500000, 0x00000000ff500000| Untracked 
|  54|0x00000000ff600000, 0x00000000ff600000, 0x00000000ff700000|  0%| F|  |TAMS 0x00000000ff600000, 0x00000000ff600000| Untracked 
|  55|0x00000000ff700000, 0x00000000ff700000, 0x00000000ff800000|  0%| F|  |TAMS 0x00000000ff700000, 0x00000000ff700000| Untracked 
|  56|0x00000000ff800000, 0x00000000ff800000, 0x00000000ff900000|  0%| F|  |TAMS 0x00000000ff800000, 0x00000000ff800000| Untracked 
|  57|0x00000000ff900000, 0x00000000ff900000, 0x00000000ffa00000|  0%| F|  |TAMS 0x00000000ff900000, 0x00000000ff900000| Untracked 
|  58|0x00000000ffa00000, 0x00000000ffa00000, 0x00000000ffb00000|  0%| F|  |TAMS 0x00000000ffa00000, 0x00000000ffa00000| Untracked 
|  59|0x00000000ffb00000, 0x00000000ffb00000, 0x00000000ffc00000|  0%| F|  |TAMS 0x00000000ffb00000, 0x00000000ffb00000| Untracked 
|  60|0x00000000ffc00000, 0x00000000ffcca1e0, 0x00000000ffd00000| 78%| E|  |TAMS 0x00000000ffc00000, 0x00000000ffc00000| Complete 
|  61|0x00000000ffd00000, 0x00000000ffe00000, 0x00000000ffe00000|100%| E|CS|TAMS 0x00000000ffd00000, 0x00000000ffd00000| Complete 

Card table byte_map: [0x0000025db8200000,0x0000025db8220000] _byte_map_base: 0x0000025db7a20000

Marking Bits (Prev, Next): (CMBitMap*) 0x0000025db83d8100, (CMBitMap*) 0x0000025db83d8140
 Prev Bits: [0x0000025db8240000, 0x0000025db8340000)
 Next Bits: [0x0000025dcec40000, 0x0000025dced40000)

Polling page: 0x0000025db7b90000

Metaspace:

Usage:
  Non-class:      4.61 MB used.
      Class:    659.44 KB used.
       Both:      5.26 MB used.

Virtual space:
  Non-class space:        8.00 MB reserved,       4.69 MB ( 59%) committed,  1 nodes.
      Class space:        1.00 GB reserved,     704.00 KB ( <1%) committed,  1 nodes.
             Both:        1.01 GB reserved,       5.38 MB ( <1%) committed. 

Chunk freelists:
   Non-Class:  1.62 MB
       Class:  3.32 MB
        Both:  4.94 MB

MaxMetaspaceSize: unlimited
CompressedClassSpaceSize: 1.00 GB
Initial GC threshold: 21.00 MB
Current GC threshold: 21.00 MB
CDS: on
MetaspaceReclaimPolicy: balanced
 - commit_granule_bytes: 65536.
 - commit_granule_words: 8192.
 - virtual_space_node_default_size: 1048576.
 - enlarge_chunks_in_place: 1.
 - new_chunks_are_fully_committed: 0.
 - uncommit_free_chunks: 1.
 - use_allocation_guard: 0.
 - handle_deallocations: 1.


Internal statistics:

num_allocs_failed_limit: 0.
num_arena_births: 64.
num_arena_deaths: 0.
num_vsnodes_births: 2.
num_vsnodes_deaths: 0.
num_space_committed: 86.
num_space_uncommitted: 0.
num_chunks_returned_to_freelist: 0.
num_chunks_taken_from_freelist: 223.
num_chunk_merges: 0.
num_chunk_splits: 136.
num_chunks_enlarged: 98.
num_purges: 0.
num_inconsistent_stats: 0.

CodeHeap 'non-profiled nmethods': size=120000Kb used=269Kb max_used=269Kb free=119730Kb
 bounds [0x0000025dc7710000, 0x0000025dc7980000, 0x0000025dcec40000]
CodeHeap 'profiled nmethods': size=120000Kb used=1916Kb max_used=1916Kb free=118083Kb
 bounds [0x0000025dbfc40000, 0x0000025dbfeb0000, 0x0000025dc7170000]
CodeHeap 'non-nmethods': size=5760Kb used=1145Kb max_used=1158Kb free=4614Kb
 bounds [0x0000025dc7170000, 0x0000025dc73e0000, 0x0000025dc7710000]
 total_blobs=1487 nmethods=1054 adapters=346
 compilation: enabled
              stopped_count=0, restarted_count=0
 full_count=0

Compilation events (20 events):
Event: 8.885 Thread 0x0000025dd127eb20 1015       3       jdk.internal.org.objectweb.asm.ByteVector::enlarge (51 bytes)
Event: 8.885 Thread 0x0000025dd127eb20 nmethod 1015 0x0000025dbfe0bf10 code [0x0000025dbfe0c0c0, 0x0000025dbfe0c3e8]
Event: 8.886 Thread 0x0000025dd127eb20 1016       3       sun.invoke.util.VerifyType::isNullConversion (157 bytes)
Event: 8.888 Thread 0x0000025dd127eb20 nmethod 1016 0x0000025dbfe0c510 code [0x0000025dbfe0c840, 0x0000025dbfe0de28]
Event: 8.890 Thread 0x0000025dd127eb20 1017       3       java.lang.invoke.MethodHandleNatives::refKindIsField (32 bytes)
Event: 8.890 Thread 0x0000025dd127eb20 nmethod 1017 0x0000025dbfe0e310 code [0x0000025dbfe0e4a0, 0x0000025dbfe0e5f8]
Event: 8.899 Thread 0x0000025dd127eb20 1018       3       sun.util.locale.LocaleUtils::caseIgnoreMatch (73 bytes)
Event: 8.900 Thread 0x0000025dd127eb20 nmethod 1018 0x0000025dbfe0e690 code [0x0000025dbfe0e980, 0x0000025dbfe0fb18]
Event: 8.901 Thread 0x0000025dd127eb20 1020       3       sun.util.locale.BaseLocale$Key::equals (109 bytes)
Event: 8.901 Thread 0x0000025dd127c9c0 nmethod 1010 0x0000025dc774e390 code [0x0000025dc774e5a0, 0x0000025dc774f8b0]
Event: 8.901 Thread 0x0000025dd127c9c0 1019       4       sun.util.locale.LocaleUtils::toLowerString (95 bytes)
Event: 8.901 Thread 0x0000025dd127eb20 nmethod 1020 0x0000025dbfe10210 code [0x0000025dbfe10480, 0x0000025dbfe111d8]
Event: 8.908 Thread 0x0000025dd127eb20 1022       3       java.lang.invoke.MemberName::getType (19 bytes)
Event: 8.909 Thread 0x0000025dd127eb20 nmethod 1022 0x0000025dbfe11490 code [0x0000025dbfe11660, 0x0000025dbfe11a18]
Event: 8.911 Thread 0x0000025dd127c9c0 nmethod 1019 0x0000025dc7750590 code [0x0000025dc7750740, 0x0000025dc7750ef8]
Event: 8.911 Thread 0x0000025dd127c9c0 1023       4       java.util.StringTokenizer::scanToken (179 bytes)
Event: 8.915 Thread 0x0000025dd127c9c0 nmethod 1023 0x0000025dc7751290 code [0x0000025dc7751420, 0x0000025dc7751728]
Event: 8.915 Thread 0x0000025dd127c9c0 1021       4       sun.util.locale.BaseLocale::getInstance (149 bytes)
Event: 8.927 Thread 0x0000025dd127eb20 1025       3       java.util.ImmutableCollections$List12::get (35 bytes)
Event: 8.927 Thread 0x0000025dd127eb20 nmethod 1025 0x0000025dbfe11b90 code [0x0000025dbfe11d40, 0x0000025dbfe11fe8]

GC Heap History (2 events):
Event: 8.818 GC heap before
{Heap before GC invocations=0 (full 0):
 garbage-first heap   total 63488K, used 14336K [0x00000000fc000000, 0x0000000100000000)
  region size 1024K, 13 young (13312K), 0 survivors (0K)
 Metaspace       used 5150K, committed 5312K, reserved 1056768K
  class space    used 632K, committed 704K, reserved 1048576K
}
Event: 8.849 GC heap after
{Heap after GC invocations=1 (full 0):
 garbage-first heap   total 63488K, used 3416K [0x00000000fc000000, 0x0000000100000000)
  region size 1024K, 2 young (2048K), 2 survivors (2048K)
 Metaspace       used 5150K, committed 5312K, reserved 1056768K
  class space    used 632K, committed 704K, reserved 1048576K
}

Deoptimization events (16 events):
Event: 5.647 Thread 0x0000025db83b4320 DEOPT PACKING pc=0x0000025dbfc562e7 sp=0x0000007603efe410
Event: 5.647 Thread 0x0000025db83b4320 DEOPT UNPACKING pc=0x0000025dc71c2b43 sp=0x0000007603efd830 mode 0
Event: 5.777 Thread 0x0000025db83b4320 DEOPT PACKING pc=0x0000025dbfc552d1 sp=0x0000007603efe530
Event: 5.777 Thread 0x0000025db83b4320 DEOPT UNPACKING pc=0x0000025dc71c2b43 sp=0x0000007603efd9a8 mode 0
Event: 8.501 Thread 0x0000025dd2009860 Uncommon trap: trap_request=0xffffff45 fr.pc=0x0000025dc772c610 relative=0x00000000000004f0
Event: 8.505 Thread 0x0000025dd2009860 Uncommon trap: reason=unstable_if action=reinterpret pc=0x0000025dc772c610 method=java.lang.StringLatin1.replace([BCC)Ljava/lang/String; @ 19 c2
Event: 8.507 Thread 0x0000025dd2009860 DEOPT PACKING pc=0x0000025dc772c610 sp=0x00000076051fcb00
Event: 8.507 Thread 0x0000025dd2009860 DEOPT UNPACKING pc=0x0000025dc71c23a3 sp=0x00000076051fca80 mode 2
Event: 8.910 Thread 0x0000025dd2009860 Uncommon trap: trap_request=0xffffff45 fr.pc=0x0000025dc774f51c relative=0x0000000000000f7c
Event: 8.910 Thread 0x0000025dd2009860 Uncommon trap: reason=unstable_if action=reinterpret pc=0x0000025dc774f51c method=java.util.concurrent.ConcurrentHashMap.putVal(Ljava/lang/Object;Ljava/lang/Object;Z)Ljava/lang/Object; @ 231 c2
Event: 8.911 Thread 0x0000025dd2009860 DEOPT PACKING pc=0x0000025dc774f51c sp=0x00000076051fd1a0
Event: 8.911 Thread 0x0000025dd2009860 DEOPT UNPACKING pc=0x0000025dc71c23a3 sp=0x00000076051fd110 mode 2
Event: 8.924 Thread 0x0000025dd2009860 Uncommon trap: trap_request=0xffffff45 fr.pc=0x0000025dc7744b5c relative=0x000000000000005c
Event: 8.924 Thread 0x0000025dd2009860 Uncommon trap: reason=unstable_if action=reinterpret pc=0x0000025dc7744b5c method=java.lang.AbstractStringBuilder.isLatin1()Z @ 10 c2
Event: 8.924 Thread 0x0000025dd2009860 DEOPT PACKING pc=0x0000025dc7744b5c sp=0x00000076051fdad0
Event: 8.924 Thread 0x0000025dd2009860 DEOPT UNPACKING pc=0x0000025dc71c23a3 sp=0x00000076051fda60 mode 2

Classes unloaded (0 events):
No events

Classes redefined (0 events):
No events

Internal exceptions (8 events):
Event: 5.491 Thread 0x0000025db83b4320 Exception <a 'java/lang/NoSuchMethodError'{0x00000000ffbc8968}: 'void java.lang.invoke.DirectMethodHandle$Holder.invokeSpecial(java.lang.Object, java.lang.Object, java.lang.Object)'> (0x00000000ffbc8968) 
thrown [s\open\src\hotspot\share\interpreter\linkResolver.cpp, line 759]
Event: 5.941 Thread 0x0000025db83b4320 Exception <a 'java/lang/NoSuchMethodError'{0x00000000ff91ee80}: 'void java.lang.invoke.DirectMethodHandle$Holder.invokeStatic(java.lang.Object, java.lang.Object, java.lang.Object)'> (0x00000000ff91ee80) 
thrown [s\open\src\hotspot\share\interpreter\linkResolver.cpp, line 759]
Event: 6.423 Thread 0x0000025db83b4320 Exception <a 'java/lang/NoSuchMethodError'{0x00000000ff9cec28}: 'void java.lang.invoke.DirectMethodHandle$Holder.invokeStatic(java.lang.Object, java.lang.Object, java.lang.Object, java.lang.Object)'> (0x00000000ff9cec28) 
thrown [s\open\src\hotspot\share\interpreter\linkResolver.cpp, line 759]
Event: 7.578 Thread 0x0000025db83b4320 Exception <a 'java/lang/NoSuchMethodError'{0x00000000ff5d2110}: 'java.lang.Object java.lang.invoke.DirectMethodHandle$Holder.newInvokeSpecial(java.lang.Object, java.lang.Object, java.lang.Object, java.lang.Object, java.lang.Object)'> (0x00000000ff5d2110) 
thrown [s\open\src\hotspot\share\interpreter\linkResolver.cpp, line 759]
Event: 7.617 Thread 0x0000025db83b4320 Exception <a 'java/lang/NoSuchMethodError'{0x00000000ff43fa98}: 'java.lang.Object java.lang.invoke.DirectMethodHandle$Holder.invokeInterface(java.lang.Object, java.lang.Object)'> (0x00000000ff43fa98) 
thrown [s\open\src\hotspot\share\interpreter\linkResolver.cpp, line 759]
Event: 7.617 Thread 0x0000025db83b4320 Exception <a 'java/lang/IncompatibleClassChangeError'{0x00000000ff443088}: Found class java.lang.Object, but interface was expected> (0x00000000ff443088) 
thrown [s\open\src\hotspot\share\interpreter\linkResolver.cpp, line 826]
Event: 8.300 Thread 0x0000025dd2009860 Exception <a 'sun/nio/fs/WindowsException'{0x00000000ff12ee18}> (0x00000000ff12ee18) 
thrown [s\open\src\hotspot\share\prims\jni.cpp, line 516]
Event: 8.462 Thread 0x0000025dd2009860 Exception <a 'java/lang/NoSuchMethodError'{0x00000000ff1472c8}: 'java.lang.Object java.lang.invoke.DirectMethodHandle$Holder.invokeStaticInit(java.lang.Object)'> (0x00000000ff1472c8) 
thrown [s\open\src\hotspot\share\interpreter\linkResolver.cpp, line 759]

VM Operations (20 events):
Event: 5.599 Executing VM operation: Cleanup
Event: 5.602 Executing VM operation: Cleanup done
Event: 6.607 Executing VM operation: Cleanup
Event: 6.608 Executing VM operation: Cleanup done
Event: 7.615 Executing VM operation: Cleanup
Event: 7.616 Executing VM operation: Cleanup done
Event: 8.039 Executing VM operation: HandshakeAllThreads
Event: 8.039 Executing VM operation: HandshakeAllThreads done
Event: 8.052 Executing VM operation: HandshakeAllThreads
Event: 8.052 Executing VM operation: HandshakeAllThreads done
Event: 8.137 Executing VM operation: HandshakeAllThreads
Event: 8.137 Executing VM operation: HandshakeAllThreads done
Event: 8.560 Executing VM operation: HandshakeAllThreads
Event: 8.560 Executing VM operation: HandshakeAllThreads done
Event: 8.750 Executing VM operation: HandshakeAllThreads
Event: 8.750 Executing VM operation: HandshakeAllThreads done
Event: 8.750 Executing VM operation: Cleanup
Event: 8.750 Executing VM operation: Cleanup done
Event: 8.816 Executing VM operation: G1CollectForAllocation
Event: 8.855 Executing VM operation: G1CollectForAllocation done

Events (20 events):
Event: 8.569 loading class sun/util/PropertyResourceBundleCharset
Event: 8.575 loading class sun/util/PropertyResourceBundleCharset done
Event: 8.575 loading class sun/util/PropertyResourceBundleCharset$PropertiesFileDecoder
Event: 8.580 loading class sun/util/PropertyResourceBundleCharset$PropertiesFileDecoder done
Event: 8.583 loading class java/util/ResourceBundle$BundleReference
Event: 8.585 loading class java/util/ResourceBundle$BundleReference done
Event: 8.604 loading class java/util/logging/LogRecord
Event: 8.605 loading class java/util/logging/LogRecord done
Event: 8.750 loading class sun/util/calendar/ZoneInfoFile$Checksum
Event: 8.750 loading class sun/util/calendar/ZoneInfoFile$Checksum done
Event: 8.887 loading class sun/util/locale/provider/BaseLocaleDataMetaInfo
Event: 8.890 loading class sun/util/locale/provider/BaseLocaleDataMetaInfo done
Event: 8.911 loading class sun/util/resources/LocaleData$CommonResourceBundleProvider
Event: 8.911 loading class sun/util/resources/LocaleData$LocaleDataResourceBundleProvider
Event: 8.911 loading class java/util/spi/ResourceBundleProvider
Event: 8.913 loading class java/util/spi/ResourceBundleProvider done
Event: 8.913 loading class sun/util/resources/LocaleData$LocaleDataResourceBundleProvider done
Event: 8.913 loading class sun/util/resources/LocaleData$CommonResourceBundleProvider done
Event: 8.918 loading class sun/text/resources/cldr/FormatData_en
Event: 8.923 loading class sun/text/resources/cldr/FormatData_en done


Dynamic libraries:
0x00007ff7c19a0000 - 0x00007ff7c19b0000 	C:\Program Files\Java\jdk-17\bin\java.exe
0x00007ffd12cc0000 - 0x00007ffd12ec9000 	C:\WINDOWS\SYSTEM32\ntdll.dll
0x00007ffd11170000 - 0x00007ffd1122d000 	C:\WINDOWS\System32\KERNEL32.DLL
0x00007ffd10450000 - 0x00007ffd107d4000 	C:\WINDOWS\System32\KERNELBASE.dll
0x00007ffd102c0000 - 0x00007ffd103d1000 	C:\WINDOWS\System32\ucrtbase.dll
0x00007ffcb7990000 - 0x00007ffcb79ab000 	C:\Program Files\Java\jdk-17\bin\VCRUNTIME140.dll
0x00007ffcc88c0000 - 0x00007ffcc88d9000 	C:\Program Files\Java\jdk-17\bin\jli.dll
0x00007ffd129a0000 - 0x00007ffd12a4e000 	C:\WINDOWS\System32\ADVAPI32.dll
0x00007ffd11a80000 - 0x00007ffd11b23000 	C:\WINDOWS\System32\msvcrt.dll
0x00007ffd12300000 - 0x00007ffd1239e000 	C:\WINDOWS\System32\sechost.dll
0x00007ffd12830000 - 0x00007ffd12951000 	C:\WINDOWS\System32\RPCRT4.dll
0x00007ffd123d0000 - 0x00007ffd1257d000 	C:\WINDOWS\System32\USER32.dll
0x00007ffd10a60000 - 0x00007ffd10a86000 	C:\WINDOWS\System32\win32u.dll
0x00007ffd12b70000 - 0x00007ffd12b9a000 	C:\WINDOWS\System32\GDI32.dll
0x00007ffd10880000 - 0x00007ffd1099e000 	C:\WINDOWS\System32\gdi32full.dll
0x00007ffcfae50000 - 0x00007ffcfb0f5000 	C:\WINDOWS\WinSxS\amd64_microsoft.windows.common-controls_6595b64144ccf1df_6.0.22000.120_none_9d947278b86cc467\COMCTL32.dll
0x00007ffd107e0000 - 0x00007ffd1087d000 	C:\WINDOWS\System32\msvcp_win.dll
0x00007ffcff4e0000 - 0x00007ffcff4ea000 	C:\WINDOWS\SYSTEM32\VERSION.dll
0x00007ffd12960000 - 0x00007ffd12991000 	C:\WINDOWS\System32\IMM32.DLL
0x00007ffcf5170000 - 0x00007ffcf517c000 	C:\Program Files\Java\jdk-17\bin\vcruntime140_1.dll
0x00007ffcb7900000 - 0x00007ffcb798e000 	C:\Program Files\Java\jdk-17\bin\msvcp140.dll
0x00007ffcb2200000 - 0x00007ffcb2ddd000 	C:\Program Files\Java\jdk-17\bin\server\jvm.dll
0x00007ffd11920000 - 0x00007ffd11928000 	C:\WINDOWS\System32\PSAPI.DLL
0x00007ffcf41e0000 - 0x00007ffcf41e9000 	C:\WINDOWS\SYSTEM32\WSOCK32.dll
0x00007ffd04110000 - 0x00007ffd04143000 	C:\WINDOWS\SYSTEM32\WINMM.dll
0x00007ffd11a10000 - 0x00007ffd11a7f000 	C:\WINDOWS\System32\WS2_32.dll
0x00007ffd0f180000 - 0x00007ffd0f198000 	C:\WINDOWS\SYSTEM32\kernel.appcore.dll
0x00007ffcef070000 - 0x00007ffcef07a000 	C:\Program Files\Java\jdk-17\bin\jimage.dll
0x00007ffd04150000 - 0x00007ffd04371000 	C:\WINDOWS\SYSTEM32\DBGHELP.DLL
0x00007ffced030000 - 0x00007ffced061000 	C:\WINDOWS\SYSTEM32\dbgcore.DLL
0x00007ffd10a90000 - 0x00007ffd10b0f000 	C:\WINDOWS\System32\bcryptPrimitives.dll
0x00007ffcb20b0000 - 0x00007ffcb20d5000 	C:\Program Files\Java\jdk-17\bin\java.dll
0x00007ffcb1fd0000 - 0x00007ffcb20a7000 	C:\Program Files\Java\jdk-17\bin\jsvml.dll
0x00007ffd11b30000 - 0x00007ffd122f5000 	C:\WINDOWS\System32\SHELL32.dll
0x00007ffd0e1e0000 - 0x00007ffd0ea42000 	C:\WINDOWS\SYSTEM32\windows.storage.dll
0x00007ffd10d80000 - 0x00007ffd110f6000 	C:\WINDOWS\System32\combase.dll
0x00007ffd0e070000 - 0x00007ffd0e1d7000 	C:\WINDOWS\SYSTEM32\wintypes.dll
0x00007ffd11340000 - 0x00007ffd1142a000 	C:\WINDOWS\System32\SHCORE.dll
0x00007ffd11930000 - 0x00007ffd1198d000 	C:\WINDOWS\System32\shlwapi.dll
0x00007ffd10080000 - 0x00007ffd100a5000 	C:\WINDOWS\SYSTEM32\profapi.dll
0x00007ffcb7830000 - 0x00007ffcb7849000 	C:\Program Files\Java\jdk-17\bin\net.dll
0x00007ffd087b0000 - 0x00007ffd088c4000 	C:\WINDOWS\SYSTEM32\WINHTTP.dll
0x00007ffd0f620000 - 0x00007ffd0f687000 	C:\WINDOWS\system32\mswsock.dll
0x00007ffcb1fb0000 - 0x00007ffcb1fc6000 	C:\Program Files\Java\jdk-17\bin\nio.dll
0x00007ffcb1f90000 - 0x00007ffcb1fa8000 	C:\Program Files\Java\jdk-17\bin\zip.dll

dbghelp: loaded successfully - version: 4.0.5 - missing functions: none
symbol engine: initialized successfully - sym options: 0x614 - pdb path: .;C:\Program Files\Java\jdk-17\bin;C:\WINDOWS\SYSTEM32;C:\WINDOWS\WinSxS\amd64_microsoft.windows.common-controls_6595b64144ccf1df_6.0.22000.120_none_9d947278b86cc467;C:\Program Files\Java\jdk-17\bin\server

VM Arguments:
jvm_args: -DwatchParentProcess=false -XX:+ExitOnOutOfMemoryError -XX:+HeapDumpOnOutOfMemoryError -XX:HeapDumpPath=c:\Users\dell\AppData\Roaming\Code\User\globalStorage\redhat.vscode-xml -Xmx64M 
java_command: org.eclipse.lemminx.XMLServerLauncher
java_class_path (initial): c:\Users\dell\.vscode\extensions\redhat.vscode-xml-0.29.0-win32-x64\server\org.eclipse.lemminx-0.31.0-uber.jar
Launcher Type: SUN_STANDARD

[Global flags]
     intx CICompilerCount                          = 3                                         {product} {ergonomic}
     uint ConcGCThreads                            = 1                                         {product} {ergonomic}
     bool ExitOnOutOfMemoryError                   = true                                      {product} {command line}
     uint G1ConcRefinementThreads                  = 4                                         {product} {ergonomic}
   size_t G1HeapRegionSize                         = 1048576                                   {product} {ergonomic}
    uintx GCDrainStackTargetSize                   = 64                                        {product} {ergonomic}
     bool HeapDumpOnOutOfMemoryError               = true                                   {manageable} {command line}
    ccstr HeapDumpPath                             = c:\Users\dell\AppData\Roaming\Code\User\globalStorage\redhat.vscode-xml         {manageable} {command line}
   size_t InitialHeapSize                          = 65011712                                  {product} {ergonomic}
   size_t MarkStackSize                            = 4194304                                   {product} {ergonomic}
   size_t MaxHeapSize                              = 67108864                                  {product} {command line}
   size_t MaxNewSize                               = 39845888                                  {product} {ergonomic}
   size_t MinHeapDeltaBytes                        = 1048576                                   {product} {ergonomic}
   size_t MinHeapSize                              = 8388608                                   {product} {ergonomic}
    uintx NonNMethodCodeHeapSize                   = 5832780                                {pd product} {ergonomic}
    uintx NonProfiledCodeHeapSize                  = 122912730                              {pd product} {ergonomic}
    uintx ProfiledCodeHeapSize                     = 122912730                              {pd product} {ergonomic}
    uintx ReservedCodeCacheSize                    = 251658240                              {pd product} {ergonomic}
     bool SegmentedCodeCache                       = true                                      {product} {ergonomic}
   size_t SoftMaxHeapSize                          = 67108864                               {manageable} {ergonomic}
     bool UseCompressedClassPointers               = true                           {product lp64_product} {ergonomic}
     bool UseCompressedOops                        = true                           {product lp64_product} {ergonomic}
     bool UseG1GC                                  = true                                      {product} {ergonomic}
     bool UseLargePagesIndividualAllocation        = false                                  {pd product} {ergonomic}

Logging:
Log output configuration:
 #0: stdout all=warning uptime,level,tags
 #1: stderr all=off uptime,level,tags

Environment Variables:
PATH=C:\Program Files\Common Files\Oracle\Java\javapath;C:\oraclexe\app\oracle\product\10.2.0\server\bin;C:\WINDOWS\system32;C:\WINDOWS;C:\WINDOWS\System32\Wbem;C:\WINDOWS\System32\WindowsPowerShell\v1.0\;C:\WINDOWS\System32\OpenSSH\;C:\Program Files\Microsoft SQL Server\130\Tools\Binn\;C:\Program Files\Microsoft SQL Server\Client SDK\ODBC\170\Tools\Binn\;C:\Program Files\dotnet\;C:\xampp\php;C:\ProgramData\chocolatey\bin;C:\Program Files\OpenJDK\openjdk-11.0.15_10\bin;C:\Program Files\Git\cmd;C:\Program Files\Microsoft SQL Server\150\Tools\Binn\;C:\Program Files (x86)\Microsoft SQL Server\160\Tools\Binn\;C:\Program Files\Microsoft SQL Server\160\Tools\Binn\;C:\Program Files\Microsoft SQL Server\160\DTS\Binn\;C:\Program Files\nodejs\;C:\ProgramData\ComposerSetup\bin;C:\Program Files (x86)\Microsoft SQL Server\160\DTS\Binn\;C:\Program Files\Azure Data Studio\bin;C:\Ruby32-x64\bin;C:\Program Files (x86)\Yarn\bin\;C:\RailsInstaller\Git\cmd;C:\RailsInstaller\Ruby2.3.3\bin;C:\Ruby32-x64\bin;C:\Users\dell\AppData\Local\pnpm;D:\BC5\BIN;C:\Users\dell\AppData\Local\Microsoft\WindowsApps;C:\mingw64\bin;C:\Users\dell\.dotnet\tools;C:\Users\dell\AppData\Roaming\Composer\vendor\bin;C:\Users\dell\AppData\Local\Programs\Microsoft VS Code\bin;%JAVA_HOME%\bin;C:\Program Files\JetBrains\IntelliJ IDEA 2023.1.3\bin;;D:\File Tigana Reymansyah\apache-maven-3.9.3\bin;C:\Users\dell\AppData\Roaming\npm;C:\Program Files\Azure Data Studio\bin;C:\Program Files\Java\jdk-17\bin;C:\Users\dell\AppData\Local\Yarn\bin;C:\RailsInstaller;C:\apache-maven-3.9.9\bin;
USERNAME=dell
OS=Windows_NT
PROCESSOR_IDENTIFIER=Intel64 Family 6 Model 142 Stepping 12, GenuineIntel



---------------  S Y S T E M  ---------------

OS:
 Windows 11 , 64 bit Build 22000 (10.0.22000.2538)
OS uptime: 7 days 0:59 hours
Hyper-V role detected

CPU: total 4 (initial active 4) (2 cores per cpu, 2 threads per core) family 6 model 142 stepping 12 microcode 0xfc, cx8, cmov, fxsr, ht, mmx, 3dnowpref, sse, sse2, sse3, ssse3, sse4.1, sse4.2, popcnt, lzcnt, tsc, tscinvbit, avx, avx2, aes, erms, clmul, bmi1, bmi2, adx, fma, vzeroupper, clflush, clflushopt, hv

Memory: 4k page, system-wide physical 3857M (48M free)
TotalPageFile size 15633M (AvailPageFile size 5M)
current process WorkingSet (physical memory assigned to process): 60M, peak: 60M
current process commit charge ("private bytes"): 142M, peak: 142M

vm_info: Java HotSpot(TM) 64-Bit Server VM (17.0.7+8-LTS-224) for windows-amd64 JRE (17.0.7+8-LTS-224), built on Feb 28 2023 23:03:02 by "mach5one" with MS VC++ 17.1 (VS2022)

END.
