#
# There is insufficient memory for the Java Runtime Environment to continue.
# Native memory allocation (malloc) failed to allocate 1048576 bytes. Error detail: AllocateHeap
# Possible reasons:
#   The system is out of physical RAM or swap space
#   This process is running with CompressedOops enabled, and the Java Heap may be blocking the growth of the native heap
# Possible solutions:
#   Reduce memory load on the system
#   Increase physical memory or swap space
#   Check if swap backing store is full
#   Decrease Java heap size (-Xmx/-Xms)
#   Decrease number of Java threads
#   Decrease Java thread stack sizes (-Xss)
#   Set larger code cache with -XX:ReservedCodeCacheSize=
#   JVM is running with Unscaled Compressed Oops mode in which the Java heap is
#     placed in the first 4GB address space. The Java Heap base address is the
#     maximum limit for the native heap growth. Please use -XX:HeapBaseMinAddress
#     to set the Java Heap base and to place the Java Heap above 4GB virtual address.
# This output file may be truncated or incomplete.
#
#  Out of Memory Error (allocation.cpp:44), pid=19088, tid=12656
#
# JRE version: OpenJDK Runtime Environment Temurin-21.0.8+9 (21.0.8+9) (build 21.0.8+9-LTS)
# Java VM: OpenJDK 64-Bit Server VM Temurin-21.0.8+9 (21.0.8+9-LTS, mixed mode, sharing, tiered, compressed oops, compressed class ptrs, parallel gc, windows-amd64)
# No core dump will be written. Minidumps are not enabled by default on client versions of Windows
#

---------------  S U M M A R Y ------------

Command Line: --add-modules=ALL-SYSTEM --add-opens=java.base/java.util=ALL-UNNAMED --add-opens=java.base/java.lang=ALL-UNNAMED --add-opens=java.base/sun.nio.fs=ALL-UNNAMED -Declipse.application=org.eclipse.jdt.ls.core.id1 -Dosgi.bundles.defaultStartLevel=4 -Declipse.product=org.eclipse.jdt.ls.core.product -Djava.import.generatesMetadataFilesAtProjectRoot=false -DDetectVMInstallationsJob.disabled=true -Dfile.encoding=utf8 -XX:+UseParallelGC -XX:GCTimeRatio=4 -XX:AdaptiveSizePolicyWeight=90 -Dsun.zip.disableMemoryMapping=true -Xmx2G -Xms100m -Xlog:disable -javaagent:c:\Users\dell\.vscode\extensions\redhat.java-1.44.0-win32-x64\lombok\lombok-1.18.39-4050.jar -XX:+HeapDumpOnOutOfMemoryError -XX:HeapDumpPath=c:\Users\dell\AppData\Roaming\Code\User\workspaceStorage\b66665af19266898cd4060607692bac2\redhat.java -Daether.dependencyCollector.impl=bf c:\Users\dell\.vscode\extensions\redhat.java-1.44.0-win32-x64\server\plugins\org.eclipse.equinox.launcher_1.7.0.v20250519-0528.jar -configuration c:\Users\dell\AppData\Roaming\Code\User\globalStorage\redhat.java\1.44.0\config_win -data c:\Users\dell\AppData\Roaming\Code\User\workspaceStorage\b66665af19266898cd4060607692bac2\redhat.java\jdt_ws --pipe=\\.\pipe\lsp-600738a7ceec1dd70f967e3912f1cc66-sock

Host: Intel(R) Core(TM) i3-10110U CPU @ 2.10GHz, 4 cores, 3G,  Windows 11 , 64 bit Build 22000 (10.0.22000.2538)
Time: Tue Sep  2 23:40:15 2025 SE Asia Standard Time elapsed time: 22256.716391 seconds (0d 6h 10m 56s)

---------------  T H R E A D  ---------------

Current thread (0x00000251045347c0):  JavaThread "Attach Listener" daemon [_thread_in_vm, id=12656, stack(0x000000cf18900000,0x000000cf18a00000) (1024K)]

Stack: [0x000000cf18900000,0x000000cf18a00000]
Native frames: (J=compiled Java code, j=interpreted, Vv=VM code, C=native code)
V  [jvm.dll+0x6d2449]
V  [jvm.dll+0x8ae341]
V  [jvm.dll+0x8b08be]
V  [jvm.dll+0x8b0fa3]
V  [jvm.dll+0x280c96]
V  [jvm.dll+0xc0347]
V  [jvm.dll+0x6d2cf9]
V  [jvm.dll+0x131116]
V  [jvm.dll+0x3f2d16]
V  [jvm.dll+0x857e6b]
V  [jvm.dll+0x6d0b0d]
C  [ucrtbase.dll+0x26c0c]
C  [KERNEL32.DLL+0x153e0]
C  [ntdll.dll+0x485b]


---------------  P R O C E S S  ---------------

Threads class SMR info:
_java_thread_list=0x000002514bc2e130, length=34, elements={
0x000002516b96c7b0, 0x000002510452d490, 0x000002510452ebf0, 0x0000025104533830,
0x00000251045347c0, 0x00000251045364e0, 0x0000025104537f40, 0x000002510453b180,
0x00000251045a9f40, 0x000002516db8dee0, 0x00000251465e7580, 0x0000025146a16170,
0x0000025146bed550, 0x0000025146356c90, 0x00000251466402d0, 0x0000025146cbbd40,
0x0000025146e6a830, 0x00000251466a4db0, 0x00000251466a6160, 0x00000251466a67f0,
0x00000251466a4720, 0x000002514c87c030, 0x000002514c878bb0, 0x000002514c879f60,
0x000002514c875730, 0x000002514c875dc0, 0x000002514c877170, 0x000002514c8798d0,
0x000002514b27d6d0, 0x000002514b279530, 0x000002514b280b50, 0x000002514b279bc0,
0x000002514b27d040, 0x000002514c876ae0
}

Java Threads: ( => current thread )
  0x000002516b96c7b0 JavaThread "main"                              [_thread_blocked, id=1972, stack(0x000000cf18200000,0x000000cf18300000) (1024K)]
  0x000002510452d490 JavaThread "Reference Handler"          daemon [_thread_blocked, id=19612, stack(0x000000cf18600000,0x000000cf18700000) (1024K)]
  0x000002510452ebf0 JavaThread "Finalizer"                  daemon [_thread_blocked, id=13220, stack(0x000000cf18700000,0x000000cf18800000) (1024K)]
  0x0000025104533830 JavaThread "Signal Dispatcher"          daemon [_thread_blocked, id=11440, stack(0x000000cf18800000,0x000000cf18900000) (1024K)]
=>0x00000251045347c0 JavaThread "Attach Listener"            daemon [_thread_in_vm, id=12656, stack(0x000000cf18900000,0x000000cf18a00000) (1024K)]
  0x00000251045364e0 JavaThread "Service Thread"             daemon [_thread_blocked, id=14508, stack(0x000000cf18a00000,0x000000cf18b00000) (1024K)]
  0x0000025104537f40 JavaThread "Monitor Deflation Thread"   daemon [_thread_blocked, id=6264, stack(0x000000cf18b00000,0x000000cf18c00000) (1024K)]
  0x000002510453b180 JavaThread "C2 CompilerThread0"         daemon [_thread_blocked, id=2356, stack(0x000000cf18c00000,0x000000cf18d00000) (1024K)]
  0x00000251045a9f40 JavaThread "C1 CompilerThread0"         daemon [_thread_blocked, id=13840, stack(0x000000cf18d00000,0x000000cf18e00000) (1024K)]
  0x000002516db8dee0 JavaThread "Common-Cleaner"             daemon [_thread_blocked, id=18868, stack(0x000000cf18e00000,0x000000cf18f00000) (1024K)]
  0x00000251465e7580 JavaThread "Notification Thread"        daemon [_thread_blocked, id=9720, stack(0x000000cf18f00000,0x000000cf19000000) (1024K)]
  0x0000025146a16170 JavaThread "Active Thread: Equinox Container: 7c3b3af0-fde4-4390-97aa-3614f2b118ed"        [_thread_blocked, id=13168, stack(0x000000cf19300000,0x000000cf19400000) (1024K)]
  0x0000025146bed550 JavaThread "Refresh Thread: Equinox Container: 7c3b3af0-fde4-4390-97aa-3614f2b118ed" daemon [_thread_blocked, id=1884, stack(0x000000cf19400000,0x000000cf19500000) (1024K)]
  0x0000025146356c90 JavaThread "Framework Event Dispatcher: Equinox Container: 7c3b3af0-fde4-4390-97aa-3614f2b118ed" daemon [_thread_blocked, id=9956, stack(0x000000cf19500000,0x000000cf19600000) (1024K)]
  0x00000251466402d0 JavaThread "Start Level: Equinox Container: 7c3b3af0-fde4-4390-97aa-3614f2b118ed" daemon [_thread_blocked, id=19328, stack(0x000000cf19600000,0x000000cf19700000) (1024K)]
  0x0000025146cbbd40 JavaThread "Bundle File Closer"         daemon [_thread_blocked, id=6328, stack(0x000000cf19700000,0x000000cf19800000) (1024K)]
  0x0000025146e6a830 JavaThread "SCR Component Actor"        daemon [_thread_blocked, id=5748, stack(0x000000cf19800000,0x000000cf19900000) (1024K)]
  0x00000251466a4db0 JavaThread "Worker-JM"                         [_thread_blocked, id=16720, stack(0x000000cf19a00000,0x000000cf19b00000) (1024K)]
  0x00000251466a6160 JavaThread "JNA Cleaner"                daemon [_thread_blocked, id=11068, stack(0x000000cf19b00000,0x000000cf19c00000) (1024K)]
  0x00000251466a67f0 JavaThread "Java indexing"              daemon [_thread_blocked, id=20224, stack(0x000000cf19e00000,0x000000cf19f00000) (1024K)]
  0x00000251466a4720 JavaThread "Thread-2"                   daemon [_thread_in_native, id=6072, stack(0x000000cf1a400000,0x000000cf1a500000) (1024K)]
  0x000002514c87c030 JavaThread "Thread-3"                   daemon [_thread_in_native, id=18328, stack(0x000000cf1a500000,0x000000cf1a600000) (1024K)]
  0x000002514c878bb0 JavaThread "Thread-4"                   daemon [_thread_in_native, id=17236, stack(0x000000cf1a600000,0x000000cf1a700000) (1024K)]
  0x000002514c879f60 JavaThread "Thread-5"                   daemon [_thread_in_native, id=2528, stack(0x000000cf1a700000,0x000000cf1a800000) (1024K)]
  0x000002514c875730 JavaThread "Thread-6"                   daemon [_thread_in_native, id=6296, stack(0x000000cf1a800000,0x000000cf1a900000) (1024K)]
  0x000002514c875dc0 JavaThread "pool-2-thread-1"                   [_thread_blocked, id=19292, stack(0x000000cf1a900000,0x000000cf1aa00000) (1024K)]
  0x000002514c877170 JavaThread "WorkspaceEventsHandler"            [_thread_blocked, id=5824, stack(0x000000cf1aa00000,0x000000cf1ab00000) (1024K)]
  0x000002514c8798d0 JavaThread "pool-1-thread-1"                   [_thread_blocked, id=18248, stack(0x000000cf1ab00000,0x000000cf1ac00000) (1024K)]
  0x000002514b27d6d0 JavaThread "Cleaner-0"                  daemon [_thread_blocked, id=12012, stack(0x000000cf18000000,0x000000cf18100000) (1024K)]
  0x000002514b279530 JavaThread "Java Debug Server"          daemon [_thread_in_native, id=2016, stack(0x000000cf1a000000,0x000000cf1a100000) (1024K)]
  0x000002514b280b50 JavaThread "RxSchedulerPurge-1"         daemon [_thread_blocked, id=18896, stack(0x000000cf1a200000,0x000000cf1a300000) (1024K)]
  0x000002514b279bc0 JavaThread "RxCachedWorkerPoolEvictor-1" daemon [_thread_blocked, id=8796, stack(0x000000cf1a300000,0x000000cf1a400000) (1024K)]
  0x000002514b27d040 JavaThread "Worker-125"                        [_thread_blocked, id=19212, stack(0x000000cf19f00000,0x000000cf1a000000) (1024K)]
  0x000002514c876ae0 JavaThread "Worker-127"                        [_thread_blocked, id=2724, stack(0x000000cf1b100000,0x000000cf1b200000) (1024K)]
Total: 34

Other Threads:
  0x000002516dbe29b0 VMThread "VM Thread"                           [id=1412, stack(0x000000cf18500000,0x000000cf18600000) (1024K)]
  0x00000251044dca00 WatcherThread "VM Periodic Task Thread"        [id=11224, stack(0x000000cf18400000,0x000000cf18500000) (1024K)]
  0x000002516db414e0 WorkerThread "GC Thread#0"                     [id=19072, stack(0x000000cf18300000,0x000000cf18400000) (1024K)]
  0x000002514671f590 WorkerThread "GC Thread#1"                     [id=15352, stack(0x000000cf19000000,0x000000cf19100000) (1024K)]
  0x000002514671f930 WorkerThread "GC Thread#2"                     [id=14360, stack(0x000000cf19100000,0x000000cf19200000) (1024K)]
  0x000002514671fcd0 WorkerThread "GC Thread#3"                     [id=8716, stack(0x000000cf19200000,0x000000cf19300000) (1024K)]
Total: 6

Threads with active compile tasks:
Total: 0

VM state: not at safepoint (normal execution)

VM Mutex/Monitor currently owned by a thread: None

Heap address: 0x0000000080000000, size: 2048 MB, Compressed Oops mode: 32-bit

CDS archive(s) mapped at: [0x0000025105000000-0x0000025105ba0000-0x0000025105ba0000), size 12189696, SharedBaseAddress: 0x0000025105000000, ArchiveRelocationMode: 1.
Compressed class space mapped at: 0x0000025106000000-0x0000025146000000, reserved size: 1073741824
Narrow klass base: 0x0000025105000000, Narrow klass shift: 0, Narrow klass range: 0x100000000

GC Precious Log:
 CardTable entry size: 512
 CPUs: 4 total, 4 available
 Memory: 3857M
 Large Page Support: Disabled
 NUMA Support: Disabled
 Compressed Oops: Enabled (32-bit)
 Alignments: Space 512K, Generation 512K, Heap 2M
 Heap Min Capacity: 100M
 Heap Initial Capacity: 100M
 Heap Max Capacity: 2G
 Pre-touch: Disabled
 Parallel Workers: 4

Heap:
 PSYoungGen      total 9216K, used 1631K [0x00000000d5580000, 0x00000000d6480000, 0x0000000100000000)
  eden space 8704K, 13% used [0x00000000d5580000,0x00000000d569ff70,0x00000000d5e00000)
  from space 512K, 93% used [0x00000000d6400000,0x00000000d6478020,0x00000000d6480000)
  to   space 1024K, 0% used [0x00000000d6280000,0x00000000d6280000,0x00000000d6380000)
 ParOldGen       total 1155072K, used 1155024K [0x0000000080000000, 0x00000000c6800000, 0x00000000d5580000)
  object space 1155072K, 99% used [0x0000000080000000,0x00000000c67f42a0,0x00000000c6800000)
 Metaspace       used 91048K, committed 92672K, reserved 1179648K
  class space    used 8982K, committed 9728K, reserved 1048576K

Card table byte_map: [0x000002516d500000,0x000002516d910000] _byte_map_base: 0x000002516d100000

Marking Bits: (ParMarkBitMap*) 0x00007ffa3312a340
 Begin Bits: [0x0000025100000000, 0x0000025102000000)
 End Bits:   [0x0000025102000000, 0x0000025104000000)

Polling page: 0x000002516d2f0000

Metaspace:

Usage:
  Non-class:     80.14 MB used.
      Class:      8.77 MB used.
       Both:     88.91 MB used.

Virtual space:
  Non-class space:      128.00 MB reserved,      81.00 MB ( 63%) committed,  2 nodes.
      Class space:        1.00 GB reserved,       9.50 MB ( <1%) committed,  1 nodes.
             Both:        1.12 GB reserved,      90.50 MB (  8%) committed. 

Chunk freelists:
   Non-Class:  14.46 MB
       Class:  6.33 MB
        Both:  20.78 MB

MaxMetaspaceSize: unlimited
CompressedClassSpaceSize: 1.00 GB
Initial GC threshold: 21.00 MB
Current GC threshold: 150.12 MB
CDS: on
 - commit_granule_bytes: 65536.
 - commit_granule_words: 8192.
 - virtual_space_node_default_size: 8388608.
 - enlarge_chunks_in_place: 1.
 - use_allocation_guard: 0.


Internal statistics:

num_allocs_failed_limit: 9.
num_arena_births: 2050.
num_arena_deaths: 540.
num_vsnodes_births: 3.
num_vsnodes_deaths: 0.
num_space_committed: 1448.
num_space_uncommitted: 0.
num_chunks_returned_to_freelist: 630.
num_chunks_taken_from_freelist: 7089.
num_chunk_merges: 163.
num_chunk_splits: 3970.
num_chunks_enlarged: 2127.
num_inconsistent_stats: 0.

CodeHeap 'non-profiled nmethods': size=120000Kb used=20974Kb max_used=23907Kb free=99025Kb
 bounds [0x00000251787f0000, 0x0000025179f60000, 0x000002517fd20000]
CodeHeap 'profiled nmethods': size=120000Kb used=35837Kb max_used=55115Kb free=84162Kb
 bounds [0x0000025170d20000, 0x0000025174300000, 0x0000025178250000]
CodeHeap 'non-nmethods': size=5760Kb used=1513Kb max_used=1599Kb free=4247Kb
 bounds [0x0000025178250000, 0x00000251784c0000, 0x00000251787f0000]
CodeCache: size=245760Kb, used=58324Kb, max_used=80621Kb, free=187434Kb
 total_blobs=17222, nmethods=16386, adapters=736, full_count=0
Compilation: enabled, stopped_count=0, restarted_count=0

Compilation events (20 events):
Event: 19789.423 Thread 0x00000251045a9f40 30178       3       java.util.TreeMap$ValueSpliterator::tryAdvance (85 bytes)
Event: 19789.434 Thread 0x00000251045a9f40 nmethod 30178 0x0000025171277290 code [0x00000251712774a0, 0x0000025171277a08]
Event: 19789.434 Thread 0x00000251045a9f40 30179       3       org.eclipse.jdt.ls.core.internal.managers.StandardProjectsManager$$Lambda/0x0000025106774208::test (12 bytes)
Event: 19789.442 Thread 0x00000251045a9f40 nmethod 30179 0x0000025171989910 code [0x0000025171989ae0, 0x0000025171989e30]
Event: 19789.442 Thread 0x00000251045a9f40 30180       3       org.eclipse.jdt.ls.core.internal.managers.StandardProjectsManager::lambda$7 (8 bytes)
Event: 19789.442 Thread 0x00000251045a9f40 nmethod 30180 0x00000251717c4310 code [0x00000251717c44c0, 0x00000251717c4680]
Event: 19789.687 Thread 0x000002510453b180 30181  s    4       java.util.Vector::removeAllElements (43 bytes)
Event: 19789.690 Thread 0x000002510453b180 nmethod 30181 0x000002517907bd10 code [0x000002517907bea0, 0x000002517907c0a8]
Event: 19789.761 Thread 0x00000251045a9f40 30182       1       org.eclipse.m2e.core.internal.project.registry.MavenProjectFacade::getMojoExecutionMapping (5 bytes)
Event: 19789.763 Thread 0x00000251045a9f40 nmethod 30182 0x00000251789ac110 code [0x00000251789ac2a0, 0x00000251789ac368]
Event: 19789.893 Thread 0x00000251045a9f40 30183       3       org.apache.maven.lifecycle.internal.DefaultLifecycleExecutionPlanCalculator::setupMojoExecution (86 bytes)
Event: 19789.911 Thread 0x00000251045a9f40 nmethod 30183 0x00000251717bc590 code [0x00000251717bc820, 0x00000251717bd2d0]
Event: 19789.911 Thread 0x00000251045a9f40 30184       3       org.apache.maven.plugin.DefaultPluginDescriptorCache$CacheKey::equals (111 bytes)
Event: 19789.914 Thread 0x00000251045a9f40 nmethod 30184 0x000002517172ba90 code [0x000002517172bd20, 0x000002517172c900]
Event: 19789.914 Thread 0x00000251045a9f40 30185       3       org.apache.maven.lifecycle.internal.DefaultLifecycleExecutionPlanCalculator::mojoExecutionConfigurator (50 bytes)
Event: 19789.915 Thread 0x00000251045a9f40 nmethod 30185 0x00000251715a8c10 code [0x00000251715a8e00, 0x00000251715a9390]
Event: 19968.127 Thread 0x00000251045a9f40 30186   !   3       java.util.ServiceLoader$ModuleServicesLookupIterator::hasNext (102 bytes)
Event: 19968.167 Thread 0x00000251045a9f40 nmethod 30186 0x00000251720b2790 code [0x00000251720b29c0, 0x00000251720b3208]
Event: 19968.335 Thread 0x00000251045a9f40 30187       3       java.io.DataOutputStream::writeLong (30 bytes)
Event: 19968.340 Thread 0x00000251045a9f40 nmethod 30187 0x00000251719b5010 code [0x00000251719b51e0, 0x00000251719b54b8]

GC Heap History (20 events):
Event: 19777.768 GC heap before
{Heap before GC invocations=3426 (full 7):
 PSYoungGen      total 6656K, used 6240K [0x00000000d5580000, 0x00000000d5e80000, 0x0000000100000000)
  eden space 6144K, 100% used [0x00000000d5580000,0x00000000d5b80000,0x00000000d5b80000)
  from space 512K, 18% used [0x00000000d5e00000,0x00000000d5e18000,0x00000000d5e80000)
  to   space 512K, 0% used [0x00000000d5d80000,0x00000000d5d80000,0x00000000d5e00000)
 ParOldGen       total 1091072K, used 1091030K [0x0000000080000000, 0x00000000c2980000, 0x00000000d5580000)
  object space 1091072K, 99% used [0x0000000080000000,0x00000000c2975b18,0x00000000c2980000)
 Metaspace       used 91029K, committed 92672K, reserved 1179648K
  class space    used 8982K, committed 9728K, reserved 1048576K
}
Event: 19777.775 GC heap after
{Heap after GC invocations=3426 (full 7):
 PSYoungGen      total 6656K, used 512K [0x00000000d5580000, 0x00000000d6580000, 0x0000000100000000)
  eden space 6144K, 0% used [0x00000000d5580000,0x00000000d5580000,0x00000000d5b80000)
  from space 512K, 100% used [0x00000000d5d80000,0x00000000d5e00000,0x00000000d5e00000)
  to   space 5120K, 0% used [0x00000000d6080000,0x00000000d6080000,0x00000000d6580000)
 ParOldGen       total 1095168K, used 1094679K [0x0000000080000000, 0x00000000c2d80000, 0x00000000d5580000)
  object space 1095168K, 99% used [0x0000000080000000,0x00000000c2d05fd8,0x00000000c2d80000)
 Metaspace       used 91029K, committed 92672K, reserved 1179648K
  class space    used 8982K, committed 9728K, reserved 1048576K
}
Event: 19777.794 GC heap before
{Heap before GC invocations=3427 (full 7):
 PSYoungGen      total 6656K, used 6656K [0x00000000d5580000, 0x00000000d6580000, 0x0000000100000000)
  eden space 6144K, 100% used [0x00000000d5580000,0x00000000d5b80000,0x00000000d5b80000)
  from space 512K, 100% used [0x00000000d5d80000,0x00000000d5e00000,0x00000000d5e00000)
  to   space 5120K, 0% used [0x00000000d6080000,0x00000000d6080000,0x00000000d6580000)
 ParOldGen       total 1095168K, used 1094679K [0x0000000080000000, 0x00000000c2d80000, 0x00000000d5580000)
  object space 1095168K, 99% used [0x0000000080000000,0x00000000c2d05fd8,0x00000000c2d80000)
 Metaspace       used 91029K, committed 92672K, reserved 1179648K
  class space    used 8982K, committed 9728K, reserved 1048576K
}
Event: 19777.805 GC heap after
{Heap after GC invocations=3427 (full 7):
 PSYoungGen      total 9728K, used 5120K [0x00000000d5580000, 0x00000000d6880000, 0x0000000100000000)
  eden space 4608K, 0% used [0x00000000d5580000,0x00000000d5580000,0x00000000d5a00000)
  from space 5120K, 100% used [0x00000000d6080000,0x00000000d6580000,0x00000000d6580000)
  to   space 6656K, 0% used [0x00000000d5a00000,0x00000000d5a00000,0x00000000d6080000)
 ParOldGen       total 1095680K, used 1095647K [0x0000000080000000, 0x00000000c2e00000, 0x00000000d5580000)
  object space 1095680K, 99% used [0x0000000080000000,0x00000000c2df7fe8,0x00000000c2e00000)
 Metaspace       used 91029K, committed 92672K, reserved 1179648K
  class space    used 8982K, committed 9728K, reserved 1048576K
}
Event: 19777.823 GC heap before
{Heap before GC invocations=3428 (full 7):
 PSYoungGen      total 9728K, used 9646K [0x00000000d5580000, 0x00000000d6880000, 0x0000000100000000)
  eden space 4608K, 98% used [0x00000000d5580000,0x00000000d59eb850,0x00000000d5a00000)
  from space 5120K, 100% used [0x00000000d6080000,0x00000000d6580000,0x00000000d6580000)
  to   space 6656K, 0% used [0x00000000d5a00000,0x00000000d5a00000,0x00000000d6080000)
 ParOldGen       total 1095680K, used 1095647K [0x0000000080000000, 0x00000000c2e00000, 0x00000000d5580000)
  object space 1095680K, 99% used [0x0000000080000000,0x00000000c2df7fe8,0x00000000c2e00000)
 Metaspace       used 91029K, committed 92672K, reserved 1179648K
  class space    used 8982K, committed 9728K, reserved 1048576K
}
Event: 19777.835 GC heap after
{Heap after GC invocations=3428 (full 7):
 PSYoungGen      total 8704K, used 3752K [0x00000000d5580000, 0x00000000d6400000, 0x0000000100000000)
  eden space 4608K, 0% used [0x00000000d5580000,0x00000000d5580000,0x00000000d5a00000)
  from space 4096K, 91% used [0x00000000d5a00000,0x00000000d5daa0f0,0x00000000d5e00000)
  to   space 4608K, 0% used [0x00000000d5f80000,0x00000000d5f80000,0x00000000d6400000)
 ParOldGen       total 1100800K, used 1100791K [0x0000000080000000, 0x00000000c3300000, 0x00000000d5580000)
  object space 1100800K, 99% used [0x0000000080000000,0x00000000c32fdfe8,0x00000000c3300000)
 Metaspace       used 91029K, committed 92672K, reserved 1179648K
  class space    used 8982K, committed 9728K, reserved 1048576K
}
Event: 19777.845 GC heap before
{Heap before GC invocations=3429 (full 7):
 PSYoungGen      total 8704K, used 8360K [0x00000000d5580000, 0x00000000d6400000, 0x0000000100000000)
  eden space 4608K, 100% used [0x00000000d5580000,0x00000000d5a00000,0x00000000d5a00000)
  from space 4096K, 91% used [0x00000000d5a00000,0x00000000d5daa0f0,0x00000000d5e00000)
  to   space 4608K, 0% used [0x00000000d5f80000,0x00000000d5f80000,0x00000000d6400000)
 ParOldGen       total 1100800K, used 1100791K [0x0000000080000000, 0x00000000c3300000, 0x00000000d5580000)
  object space 1100800K, 99% used [0x0000000080000000,0x00000000c32fdfe8,0x00000000c3300000)
 Metaspace       used 91029K, committed 92672K, reserved 1179648K
  class space    used 8982K, committed 9728K, reserved 1048576K
}
Event: 19777.857 GC heap after
{Heap after GC invocations=3429 (full 7):
 PSYoungGen      total 9728K, used 4490K [0x00000000d5580000, 0x00000000d6500000, 0x0000000100000000)
  eden space 5120K, 0% used [0x00000000d5580000,0x00000000d5580000,0x00000000d5a80000)
  from space 4608K, 97% used [0x00000000d5f80000,0x00000000d63e28e8,0x00000000d6400000)
  to   space 5120K, 0% used [0x00000000d5a80000,0x00000000d5a80000,0x00000000d5f80000)
 ParOldGen       total 1104896K, used 1104467K [0x0000000080000000, 0x00000000c3700000, 0x00000000d5580000)
  object space 1104896K, 99% used [0x0000000080000000,0x00000000c3694cb0,0x00000000c3700000)
 Metaspace       used 91029K, committed 92672K, reserved 1179648K
  class space    used 8982K, committed 9728K, reserved 1048576K
}
Event: 19777.957 GC heap before
{Heap before GC invocations=3430 (full 7):
 PSYoungGen      total 9728K, used 9229K [0x00000000d5580000, 0x00000000d6500000, 0x0000000100000000)
  eden space 5120K, 92% used [0x00000000d5580000,0x00000000d5a20d60,0x00000000d5a80000)
  from space 4608K, 97% used [0x00000000d5f80000,0x00000000d63e28e8,0x00000000d6400000)
  to   space 5120K, 0% used [0x00000000d5a80000,0x00000000d5a80000,0x00000000d5f80000)
 ParOldGen       total 1104896K, used 1104467K [0x0000000080000000, 0x00000000c3700000, 0x00000000d5580000)
  object space 1104896K, 99% used [0x0000000080000000,0x00000000c3694cb0,0x00000000c3700000)
 Metaspace       used 91029K, committed 92672K, reserved 1179648K
  class space    used 8982K, committed 9728K, reserved 1048576K
}
Event: 19777.968 GC heap after
{Heap after GC invocations=3430 (full 7):
 PSYoungGen      total 10240K, used 3970K [0x00000000d5580000, 0x00000000d6480000, 0x0000000100000000)
  eden space 5120K, 0% used [0x00000000d5580000,0x00000000d5580000,0x00000000d5a80000)
  from space 5120K, 77% used [0x00000000d5a80000,0x00000000d5e60838,0x00000000d5f80000)
  to   space 4608K, 0% used [0x00000000d6000000,0x00000000d6000000,0x00000000d6480000)
 ParOldGen       total 1108992K, used 1108773K [0x0000000080000000, 0x00000000c3b00000, 0x00000000d5580000)
  object space 1108992K, 99% used [0x0000000080000000,0x00000000c3ac94b0,0x00000000c3b00000)
 Metaspace       used 91029K, committed 92672K, reserved 1179648K
  class space    used 8982K, committed 9728K, reserved 1048576K
}
Event: 19778.133 GC heap before
{Heap before GC invocations=3431 (full 7):
 PSYoungGen      total 10240K, used 8927K [0x00000000d5580000, 0x00000000d6480000, 0x0000000100000000)
  eden space 5120K, 96% used [0x00000000d5580000,0x00000000d5a57790,0x00000000d5a80000)
  from space 5120K, 77% used [0x00000000d5a80000,0x00000000d5e60838,0x00000000d5f80000)
  to   space 4608K, 0% used [0x00000000d6000000,0x00000000d6000000,0x00000000d6480000)
 ParOldGen       total 1108992K, used 1108773K [0x0000000080000000, 0x00000000c3b00000, 0x00000000d5580000)
  object space 1108992K, 99% used [0x0000000080000000,0x00000000c3ac94b0,0x00000000c3b00000)
 Metaspace       used 91030K, committed 92672K, reserved 1179648K
  class space    used 8982K, committed 9728K, reserved 1048576K
}
Event: 19778.153 GC heap after
{Heap after GC invocations=3431 (full 7):
 PSYoungGen      total 8704K, used 2325K [0x00000000d5580000, 0x00000000d6280000, 0x0000000100000000)
  eden space 6144K, 0% used [0x00000000d5580000,0x00000000d5580000,0x00000000d5b80000)
  from space 2560K, 90% used [0x00000000d6000000,0x00000000d6245408,0x00000000d6280000)
  to   space 3072K, 0% used [0x00000000d5c80000,0x00000000d5c80000,0x00000000d5f80000)
 ParOldGen       total 1111552K, used 1111221K [0x0000000080000000, 0x00000000c3d80000, 0x00000000d5580000)
  object space 1111552K, 99% used [0x0000000080000000,0x00000000c3d2d4b0,0x00000000c3d80000)
 Metaspace       used 91030K, committed 92672K, reserved 1179648K
  class space    used 8982K, committed 9728K, reserved 1048576K
}
Event: 19778.216 GC heap before
{Heap before GC invocations=3432 (full 7):
 PSYoungGen      total 8704K, used 8469K [0x00000000d5580000, 0x00000000d6280000, 0x0000000100000000)
  eden space 6144K, 100% used [0x00000000d5580000,0x00000000d5b80000,0x00000000d5b80000)
  from space 2560K, 90% used [0x00000000d6000000,0x00000000d6245408,0x00000000d6280000)
  to   space 3072K, 0% used [0x00000000d5c80000,0x00000000d5c80000,0x00000000d5f80000)
 ParOldGen       total 1131520K, used 1130421K [0x0000000080000000, 0x00000000c5100000, 0x00000000d5580000)
  object space 1131520K, 99% used [0x0000000080000000,0x00000000c4fed4d0,0x00000000c5100000)
 Metaspace       used 91033K, committed 92672K, reserved 1179648K
  class space    used 8982K, committed 9728K, reserved 1048576K
}
Event: 19778.229 GC heap after
{Heap after GC invocations=3432 (full 7):
 PSYoungGen      total 10240K, used 3069K [0x00000000d5580000, 0x00000000d6f00000, 0x0000000100000000)
  eden space 7168K, 0% used [0x00000000d5580000,0x00000000d5580000,0x00000000d5c80000)
  from space 3072K, 99% used [0x00000000d5c80000,0x00000000d5f7f428,0x00000000d5f80000)
  to   space 9216K, 0% used [0x00000000d6600000,0x00000000d6600000,0x00000000d6f00000)
 ParOldGen       total 1135616K, used 1135258K [0x0000000080000000, 0x00000000c5500000, 0x00000000d5580000)
  object space 1135616K, 99% used [0x0000000080000000,0x00000000c54a68d8,0x00000000c5500000)
 Metaspace       used 91033K, committed 92672K, reserved 1179648K
  class space    used 8982K, committed 9728K, reserved 1048576K
}
Event: 19778.368 GC heap before
{Heap before GC invocations=3433 (full 7):
 PSYoungGen      total 10240K, used 10237K [0x00000000d5580000, 0x00000000d6f00000, 0x0000000100000000)
  eden space 7168K, 100% used [0x00000000d5580000,0x00000000d5c80000,0x00000000d5c80000)
  from space 3072K, 99% used [0x00000000d5c80000,0x00000000d5f7f428,0x00000000d5f80000)
  to   space 9216K, 0% used [0x00000000d6600000,0x00000000d6600000,0x00000000d6f00000)
 ParOldGen       total 1147392K, used 1146778K [0x0000000080000000, 0x00000000c6080000, 0x00000000d5580000)
  object space 1147392K, 99% used [0x0000000080000000,0x00000000c5fe68e8,0x00000000c6080000)
 Metaspace       used 91035K, committed 92672K, reserved 1179648K
  class space    used 8982K, committed 9728K, reserved 1048576K
}
Event: 19778.381 GC heap after
{Heap after GC invocations=3433 (full 7):
 PSYoungGen      total 11776K, used 4576K [0x00000000d5580000, 0x00000000d6a80000, 0x0000000100000000)
  eden space 7168K, 0% used [0x00000000d5580000,0x00000000d5580000,0x00000000d5c80000)
  from space 4608K, 99% used [0x00000000d6600000,0x00000000d6a78000,0x00000000d6a80000)
  to   space 6144K, 0% used [0x00000000d5e80000,0x00000000d5e80000,0x00000000d6480000)
 ParOldGen       total 1149952K, used 1149791K [0x0000000080000000, 0x00000000c6300000, 0x00000000d5580000)
  object space 1149952K, 99% used [0x0000000080000000,0x00000000c62d7cf0,0x00000000c6300000)
 Metaspace       used 91035K, committed 92672K, reserved 1179648K
  class space    used 8982K, committed 9728K, reserved 1048576K
}
Event: 19778.404 GC heap before
{Heap before GC invocations=3434 (full 7):
 PSYoungGen      total 11776K, used 11744K [0x00000000d5580000, 0x00000000d6a80000, 0x0000000100000000)
  eden space 7168K, 100% used [0x00000000d5580000,0x00000000d5c80000,0x00000000d5c80000)
  from space 4608K, 99% used [0x00000000d6600000,0x00000000d6a78000,0x00000000d6a80000)
  to   space 6144K, 0% used [0x00000000d5e80000,0x00000000d5e80000,0x00000000d6480000)
 ParOldGen       total 1149952K, used 1149791K [0x0000000080000000, 0x00000000c6300000, 0x00000000d5580000)
  object space 1149952K, 99% used [0x0000000080000000,0x00000000c62d7cf0,0x00000000c6300000)
 Metaspace       used 91035K, committed 92672K, reserved 1179648K
  class space    used 8982K, committed 9728K, reserved 1048576K
}
Event: 19778.413 GC heap after
{Heap after GC invocations=3434 (full 7):
 PSYoungGen      total 9728K, used 788K [0x00000000d5580000, 0x00000000d6680000, 0x0000000100000000)
  eden space 8704K, 0% used [0x00000000d5580000,0x00000000d5580000,0x00000000d5e00000)
  from space 1024K, 77% used [0x00000000d5e80000,0x00000000d5f45200,0x00000000d5f80000)
  to   space 2560K, 0% used [0x00000000d6400000,0x00000000d6400000,0x00000000d6680000)
 ParOldGen       total 1154560K, used 1154327K [0x0000000080000000, 0x00000000c6780000, 0x00000000d5580000)
  object space 1154560K, 99% used [0x0000000080000000,0x00000000c6745cf0,0x00000000c6780000)
 Metaspace       used 91035K, committed 92672K, reserved 1179648K
  class space    used 8982K, committed 9728K, reserved 1048576K
}
Event: 19968.718 GC heap before
{Heap before GC invocations=3435 (full 7):
 PSYoungGen      total 9728K, used 9492K [0x00000000d5580000, 0x00000000d6680000, 0x0000000100000000)
  eden space 8704K, 99% used [0x00000000d5580000,0x00000000d5dfff60,0x00000000d5e00000)
  from space 1024K, 77% used [0x00000000d5e80000,0x00000000d5f45200,0x00000000d5f80000)
  to   space 2560K, 0% used [0x00000000d6400000,0x00000000d6400000,0x00000000d6680000)
 ParOldGen       total 1154560K, used 1154327K [0x0000000080000000, 0x00000000c6780000, 0x00000000d5580000)
  object space 1154560K, 99% used [0x0000000080000000,0x00000000c6745cf0,0x00000000c6780000)
 Metaspace       used 91048K, committed 92672K, reserved 1179648K
  class space    used 8982K, committed 9728K, reserved 1048576K
}
Event: 19968.988 GC heap after
{Heap after GC invocations=3435 (full 7):
 PSYoungGen      total 9216K, used 480K [0x00000000d5580000, 0x00000000d6480000, 0x0000000100000000)
  eden space 8704K, 0% used [0x00000000d5580000,0x00000000d5580000,0x00000000d5e00000)
  from space 512K, 93% used [0x00000000d6400000,0x00000000d6478020,0x00000000d6480000)
  to   space 1024K, 0% used [0x00000000d6280000,0x00000000d6280000,0x00000000d6380000)
 ParOldGen       total 1155072K, used 1155024K [0x0000000080000000, 0x00000000c6800000, 0x00000000d5580000)
  object space 1155072K, 99% used [0x0000000080000000,0x00000000c67f42a0,0x00000000c6800000)
 Metaspace       used 91048K, committed 92672K, reserved 1179648K
  class space    used 8982K, committed 9728K, reserved 1048576K
}

Dll operation events (11 events):
Event: 0.009 Loaded shared library c:\Users\dell\.vscode\extensions\redhat.java-1.44.0-win32-x64\jre\21.0.8-win32-x86_64\bin\java.dll
Event: 0.331 Loaded shared library c:\Users\dell\.vscode\extensions\redhat.java-1.44.0-win32-x64\jre\21.0.8-win32-x86_64\bin\zip.dll
Event: 0.364 Loaded shared library C:\Users\dell\.vscode\extensions\redhat.java-1.44.0-win32-x64\jre\21.0.8-win32-x86_64\bin\instrument.dll
Event: 0.378 Loaded shared library C:\Users\dell\.vscode\extensions\redhat.java-1.44.0-win32-x64\jre\21.0.8-win32-x86_64\bin\net.dll
Event: 0.380 Loaded shared library C:\Users\dell\.vscode\extensions\redhat.java-1.44.0-win32-x64\jre\21.0.8-win32-x86_64\bin\nio.dll
Event: 0.384 Loaded shared library C:\Users\dell\.vscode\extensions\redhat.java-1.44.0-win32-x64\jre\21.0.8-win32-x86_64\bin\zip.dll
Event: 0.424 Loaded shared library C:\Users\dell\.vscode\extensions\redhat.java-1.44.0-win32-x64\jre\21.0.8-win32-x86_64\bin\jimage.dll
Event: 0.569 Loaded shared library c:\Users\dell\.vscode\extensions\redhat.java-1.44.0-win32-x64\jre\21.0.8-win32-x86_64\bin\verify.dll
Event: 7.079 Loaded shared library C:\Users\dell\AppData\Roaming\Code\User\globalStorage\redhat.java\1.44.0\config_win\org.eclipse.equinox.launcher\org.eclipse.equinox.launcher.win32.win32.x86_64_1.2.1400.v20250730-1736\eclipse_11913.dll
Event: 25.308 Loaded shared library C:\Users\dell\AppData\Local\Temp\jna-3079617\jna13555170258515522107.dll
Event: 383.611 Loaded shared library C:\Users\dell\.vscode\extensions\redhat.java-1.44.0-win32-x64\jre\21.0.8-win32-x86_64\bin\extnet.dll

Deoptimization events (20 events):
Event: 19776.493 Thread 0x000002514b27dd60 Uncommon trap: trap_request=0xffffffd6 fr.pc=0x0000025178f86b4c relative=0x0000000000000b0c
Event: 19776.493 Thread 0x000002514b27dd60 Uncommon trap: reason=array_check action=maybe_recompile pc=0x0000025178f86b4c method=org.eclipse.jdt.internal.compiler.lookup.InferenceSubstitution.addContext(Lorg/eclipse/jdt/internal/compiler/lookup/InferenceContext18;)Lorg/eclipse/jdt/internal/compile
Event: 19776.493 Thread 0x000002514b27dd60 DEOPT PACKING pc=0x0000025178f86b4c sp=0x000000cf199fd5b0
Event: 19776.493 Thread 0x000002514b27dd60 DEOPT UNPACKING pc=0x00000251782a3aa2 sp=0x000000cf199fd460 mode 2
Event: 19777.003 Thread 0x000002514b27dd60 Uncommon trap: trap_request=0xffffffd6 fr.pc=0x0000025178f86b4c relative=0x0000000000000b0c
Event: 19777.003 Thread 0x000002514b27dd60 Uncommon trap: reason=array_check action=maybe_recompile pc=0x0000025178f86b4c method=org.eclipse.jdt.internal.compiler.lookup.InferenceSubstitution.addContext(Lorg/eclipse/jdt/internal/compiler/lookup/InferenceContext18;)Lorg/eclipse/jdt/internal/compile
Event: 19777.003 Thread 0x000002514b27dd60 DEOPT PACKING pc=0x0000025178f86b4c sp=0x000000cf199fd5b0
Event: 19777.003 Thread 0x000002514b27dd60 DEOPT UNPACKING pc=0x00000251782a3aa2 sp=0x000000cf199fd460 mode 2
Event: 19777.007 Thread 0x000002514b27dd60 Uncommon trap: trap_request=0xffffffd6 fr.pc=0x0000025178f86b4c relative=0x0000000000000b0c
Event: 19777.007 Thread 0x000002514b27dd60 Uncommon trap: reason=array_check action=maybe_recompile pc=0x0000025178f86b4c method=org.eclipse.jdt.internal.compiler.lookup.InferenceSubstitution.addContext(Lorg/eclipse/jdt/internal/compiler/lookup/InferenceContext18;)Lorg/eclipse/jdt/internal/compile
Event: 19777.007 Thread 0x000002514b27dd60 DEOPT PACKING pc=0x0000025178f86b4c sp=0x000000cf199fd5b0
Event: 19777.007 Thread 0x000002514b27dd60 DEOPT UNPACKING pc=0x00000251782a3aa2 sp=0x000000cf199fd460 mode 2
Event: 19777.544 Thread 0x000002514c87c6c0 Uncommon trap: trap_request=0xffffffcc fr.pc=0x0000025178b7b044 relative=0x0000000000000bc4
Event: 19777.544 Thread 0x000002514c87c6c0 Uncommon trap: reason=intrinsic_or_type_checked_inlining action=make_not_entrant pc=0x0000025178b7b044 method=org.eclipse.jdt.internal.compiler.lookup.InferenceContext18.createInitialConstraintsForParameters([Lorg/eclipse/jdt/internal/compiler/lookup/Type
Event: 19777.544 Thread 0x000002514c87c6c0 DEOPT PACKING pc=0x0000025178b7b044 sp=0x000000cf1b2fd8e0
Event: 19777.547 Thread 0x000002514c87c6c0 DEOPT UNPACKING pc=0x00000251782a3aa2 sp=0x000000cf1b2fd888 mode 2
Event: 19778.068 Thread 0x000002514b27c9b0 Uncommon trap: trap_request=0xffffffcc fr.pc=0x0000025178eb5528 relative=0x0000000000000528
Event: 19778.068 Thread 0x000002514b27c9b0 Uncommon trap: reason=intrinsic_or_type_checked_inlining action=make_not_entrant pc=0x0000025178eb5528 method=java.util.stream.SpinedBuffer.copyInto([Ljava/lang/Object;I)V @ 125 c2
Event: 19778.068 Thread 0x000002514b27c9b0 DEOPT PACKING pc=0x0000025178eb5528 sp=0x000000cf1b0fe110
Event: 19778.069 Thread 0x000002514b27c9b0 DEOPT UNPACKING pc=0x00000251782a3aa2 sp=0x000000cf1b0fdf78 mode 2

Classes loaded (20 events):
Event: 19705.910 Loading class jdk/internal/module/IllegalAccessLogger
Event: 19705.912 Loading class jdk/internal/module/IllegalAccessLogger done
Event: 19710.753 Loading class jdk/internal/module/IllegalAccessLogger
Event: 19710.753 Loading class jdk/internal/module/IllegalAccessLogger done
Event: 19717.763 Loading class jdk/internal/module/IllegalAccessLogger
Event: 19717.763 Loading class jdk/internal/module/IllegalAccessLogger done
Event: 19720.491 Loading class jdk/internal/module/IllegalAccessLogger
Event: 19720.491 Loading class jdk/internal/module/IllegalAccessLogger done
Event: 19722.977 Loading class jdk/internal/module/IllegalAccessLogger
Event: 19722.977 Loading class jdk/internal/module/IllegalAccessLogger done
Event: 19765.050 Loading class jdk/internal/module/IllegalAccessLogger
Event: 19765.052 Loading class jdk/internal/module/IllegalAccessLogger done
Event: 19769.791 Loading class jdk/internal/module/IllegalAccessLogger
Event: 19769.793 Loading class jdk/internal/module/IllegalAccessLogger done
Event: 19772.141 Loading class jdk/internal/module/IllegalAccessLogger
Event: 19772.141 Loading class jdk/internal/module/IllegalAccessLogger done
Event: 19774.046 Loading class jdk/internal/module/IllegalAccessLogger
Event: 19774.046 Loading class jdk/internal/module/IllegalAccessLogger done
Event: 19777.989 Loading class jdk/internal/module/IllegalAccessLogger
Event: 19777.989 Loading class jdk/internal/module/IllegalAccessLogger done

Classes unloaded (20 events):
Event: 10663.736 Thread 0x000002516dbe29b0 Unloading class 0x0000025106002000 'java/lang/invoke/LambdaForm$MH+0x0000025106002000'
Event: 10663.736 Thread 0x000002516dbe29b0 Unloading class 0x0000025106001800 'java/lang/invoke/LambdaForm$MH+0x0000025106001800'
Event: 19664.664 Thread 0x000002516dbe29b0 Unloading class 0x0000025106995400 'java/lang/invoke/LambdaForm$MH+0x0000025106995400'
Event: 19664.664 Thread 0x000002516dbe29b0 Unloading class 0x0000025106995000 'java/lang/invoke/LambdaForm$MH+0x0000025106995000'
Event: 19664.664 Thread 0x000002516dbe29b0 Unloading class 0x0000025106994c00 'java/lang/invoke/LambdaForm$MH+0x0000025106994c00'
Event: 19664.664 Thread 0x000002516dbe29b0 Unloading class 0x0000025106994400 'java/lang/invoke/LambdaForm$MH+0x0000025106994400'
Event: 19664.664 Thread 0x000002516dbe29b0 Unloading class 0x0000025106994000 'java/lang/invoke/LambdaForm$MH+0x0000025106994000'
Event: 19664.665 Thread 0x000002516dbe29b0 Unloading class 0x00000251061d5400 'java/lang/invoke/LambdaForm$MH+0x00000251061d5400'
Event: 19664.665 Thread 0x000002516dbe29b0 Unloading class 0x00000251061d6800 'java/lang/invoke/LambdaForm$MH+0x00000251061d6800'
Event: 19664.665 Thread 0x000002516dbe29b0 Unloading class 0x000002510620d000 'java/lang/invoke/LambdaForm$MH+0x000002510620d000'
Event: 19664.665 Thread 0x000002516dbe29b0 Unloading class 0x000002510620f400 'java/lang/invoke/LambdaForm$MH+0x000002510620f400'
Event: 19664.665 Thread 0x000002516dbe29b0 Unloading class 0x000002510620fc00 'java/lang/invoke/LambdaForm$MH+0x000002510620fc00'
Event: 19664.665 Thread 0x000002516dbe29b0 Unloading class 0x00000251066fb000 'java/lang/invoke/LambdaForm$MH+0x00000251066fb000'
Event: 19664.665 Thread 0x000002516dbe29b0 Unloading class 0x0000025106752400 'java/lang/invoke/LambdaForm$MH+0x0000025106752400'
Event: 19664.665 Thread 0x000002516dbe29b0 Unloading class 0x0000025106784000 'java/lang/invoke/LambdaForm$MH+0x0000025106784000'
Event: 19664.665 Thread 0x000002516dbe29b0 Unloading class 0x0000025106809000 'java/lang/invoke/LambdaForm$MH+0x0000025106809000'
Event: 19664.666 Thread 0x000002516dbe29b0 Unloading class 0x00000251068a9400 'java/lang/invoke/LambdaForm$MH+0x00000251068a9400'
Event: 19664.666 Thread 0x000002516dbe29b0 Unloading class 0x00000251068b4800 'java/lang/invoke/LambdaForm$BMH+0x00000251068b4800'
Event: 19664.667 Thread 0x000002516dbe29b0 Unloading class 0x0000025106014800 'java/lang/invoke/LambdaForm$MH+0x0000025106014800'
Event: 19664.667 Thread 0x000002516dbe29b0 Unloading class 0x0000025106000400 'java/lang/invoke/LambdaForm$MH+0x0000025106000400'

Classes redefined (0 events):
No events

Internal exceptions (20 events):
Event: 19702.003 Thread 0x000002514b27af70 Exception <a 'java/lang/ClassNotFoundException'{0x00000000d57071e8}: sun/net/www/protocol/jdt/Handler> (0x00000000d57071e8) 
thrown [s\src\hotspot\share\classfile\systemDictionary.cpp, line 312]
Event: 19702.659 Thread 0x000002514b27af70 Implicit null exception at 0x0000025179e08156 to 0x0000025179e08e2c
Event: 19706.604 Thread 0x00000251466a67f0 Exception <a 'sun/nio/fs/WindowsException'{0x00000000d57df4a8}> (0x00000000d57df4a8) 
thrown [s\src\hotspot\share\prims\jni.cpp, line 520]
Event: 19708.003 Thread 0x00000251466a67f0 Exception <a 'sun/nio/fs/WindowsException'{0x00000000d56e48a0}> (0x00000000d56e48a0) 
thrown [s\src\hotspot\share\prims\jni.cpp, line 520]
Event: 19711.592 Thread 0x00000251466a67f0 Exception <a 'sun/nio/fs/WindowsException'{0x00000000d5670728}> (0x00000000d5670728) 
thrown [s\src\hotspot\share\prims\jni.cpp, line 520]
Event: 19712.047 Thread 0x00000251466a67f0 Exception <a 'sun/nio/fs/WindowsException'{0x00000000d55c0518}> (0x00000000d55c0518) 
thrown [s\src\hotspot\share\prims\jni.cpp, line 520]
Event: 19718.591 Thread 0x00000251466a67f0 Exception <a 'sun/nio/fs/WindowsException'{0x00000000d586c7e8}> (0x00000000d586c7e8) 
thrown [s\src\hotspot\share\prims\jni.cpp, line 520]
Event: 19719.121 Thread 0x00000251466a67f0 Exception <a 'sun/nio/fs/WindowsException'{0x00000000d558b5f0}> (0x00000000d558b5f0) 
thrown [s\src\hotspot\share\prims\jni.cpp, line 520]
Event: 19764.402 Thread 0x00000251466a67f0 Exception <a 'sun/nio/fs/WindowsException'{0x00000000d5605fc8}> (0x00000000d5605fc8) 
thrown [s\src\hotspot\share\prims\jni.cpp, line 520]
Event: 19765.256 Thread 0x00000251466a67f0 Exception <a 'sun/nio/fs/WindowsException'{0x00000000d58fdba0}> (0x00000000d58fdba0) 
thrown [s\src\hotspot\share\prims\jni.cpp, line 520]
Event: 19767.308 Thread 0x00000251466a67f0 Exception <a 'sun/nio/fs/WindowsException'{0x00000000d5816c00}> (0x00000000d5816c00) 
thrown [s\src\hotspot\share\prims\jni.cpp, line 520]
Event: 19767.733 Thread 0x00000251466a67f0 Exception <a 'sun/nio/fs/WindowsException'{0x00000000d5595808}> (0x00000000d5595808) 
thrown [s\src\hotspot\share\prims\jni.cpp, line 520]
Event: 19769.472 Thread 0x00000251466a67f0 Exception <a 'sun/nio/fs/WindowsException'{0x00000000d583af38}> (0x00000000d583af38) 
thrown [s\src\hotspot\share\prims\jni.cpp, line 520]
Event: 19770.363 Thread 0x00000251466a67f0 Exception <a 'sun/nio/fs/WindowsException'{0x00000000d580a860}> (0x00000000d580a860) 
thrown [s\src\hotspot\share\prims\jni.cpp, line 520]
Event: 19771.871 Thread 0x00000251466a67f0 Exception <a 'sun/nio/fs/WindowsException'{0x00000000d580a128}> (0x00000000d580a128) 
thrown [s\src\hotspot\share\prims\jni.cpp, line 520]
Event: 19772.586 Thread 0x00000251466a67f0 Exception <a 'sun/nio/fs/WindowsException'{0x00000000d5580790}> (0x00000000d5580790) 
thrown [s\src\hotspot\share\prims\jni.cpp, line 520]
Event: 19773.879 Thread 0x00000251466a67f0 Exception <a 'sun/nio/fs/WindowsException'{0x00000000d55807b0}> (0x00000000d55807b0) 
thrown [s\src\hotspot\share\prims\jni.cpp, line 520]
Event: 19775.148 Thread 0x00000251466a67f0 Exception <a 'sun/nio/fs/WindowsException'{0x00000000d5583010}> (0x00000000d5583010) 
thrown [s\src\hotspot\share\prims\jni.cpp, line 520]
Event: 19777.753 Thread 0x00000251466a67f0 Exception <a 'sun/nio/fs/WindowsException'{0x00000000d568c2f0}> (0x00000000d568c2f0) 
thrown [s\src\hotspot\share\prims\jni.cpp, line 520]
Event: 19778.485 Thread 0x00000251466a67f0 Exception <a 'sun/nio/fs/WindowsException'{0x00000000d5755498}> (0x00000000d5755498) 
thrown [s\src\hotspot\share\prims\jni.cpp, line 520]

ZGC Phase Switch (0 events):
No events

VM Operations (20 events):
Event: 19985.453 Executing VM operation: HandshakeAllThreads (HandshakeForDeflation)
Event: 19985.453 Executing VM operation: HandshakeAllThreads (HandshakeForDeflation) done
Event: 19985.453 Executing VM operation: RendezvousGCThreads
Event: 19985.453 Executing VM operation: RendezvousGCThreads done
Event: 20105.621 Executing VM operation: HandshakeAllThreads (HandshakeForDeflation)
Event: 20105.624 Executing VM operation: HandshakeAllThreads (HandshakeForDeflation) done
Event: 20105.624 Executing VM operation: RendezvousGCThreads
Event: 20105.624 Executing VM operation: RendezvousGCThreads done
Event: 21007.446 Executing VM operation: HandshakeAllThreads (HandshakeForDeflation)
Event: 21007.455 Executing VM operation: HandshakeAllThreads (HandshakeForDeflation) done
Event: 21007.455 Executing VM operation: RendezvousGCThreads
Event: 21007.455 Executing VM operation: RendezvousGCThreads done
Event: 21127.702 Executing VM operation: HandshakeAllThreads (HandshakeForDeflation)
Event: 21127.705 Executing VM operation: HandshakeAllThreads (HandshakeForDeflation) done
Event: 21127.705 Executing VM operation: RendezvousGCThreads
Event: 21127.705 Executing VM operation: RendezvousGCThreads done
Event: 21909.286 Executing VM operation: HandshakeAllThreads (HandshakeForDeflation)
Event: 21909.290 Executing VM operation: HandshakeAllThreads (HandshakeForDeflation) done
Event: 21909.290 Executing VM operation: RendezvousGCThreads
Event: 21909.290 Executing VM operation: RendezvousGCThreads done

Memory protections (0 events):
No events

Nmethod flushes (20 events):
Event: 19666.396 Thread 0x000002516dbe29b0 flushing  nmethod 0x0000025173fb2890
Event: 19666.396 Thread 0x000002516dbe29b0 flushing  nmethod 0x0000025173fbbf90
Event: 19666.396 Thread 0x000002516dbe29b0 flushing  nmethod 0x0000025173fddf10
Event: 19666.396 Thread 0x000002516dbe29b0 flushing  nmethod 0x0000025173fe3b10
Event: 19666.396 Thread 0x000002516dbe29b0 flushing  nmethod 0x0000025174029890
Event: 19666.396 Thread 0x000002516dbe29b0 flushing  nmethod 0x000002517402ba10
Event: 19666.396 Thread 0x000002516dbe29b0 flushing  nmethod 0x000002517402c690
Event: 19666.396 Thread 0x000002516dbe29b0 flushing  nmethod 0x0000025174033390
Event: 19666.396 Thread 0x000002516dbe29b0 flushing  nmethod 0x000002517403bc90
Event: 19666.396 Thread 0x000002516dbe29b0 flushing  nmethod 0x0000025174042310
Event: 19666.397 Thread 0x000002516dbe29b0 flushing  nmethod 0x000002517408df90
Event: 19666.397 Thread 0x000002516dbe29b0 flushing  nmethod 0x00000251740ddb10
Event: 19666.397 Thread 0x000002516dbe29b0 flushing  nmethod 0x00000251740ff590
Event: 19666.397 Thread 0x000002516dbe29b0 flushing  nmethod 0x0000025174123f10
Event: 19666.397 Thread 0x000002516dbe29b0 flushing  nmethod 0x0000025174132210
Event: 19666.397 Thread 0x000002516dbe29b0 flushing  nmethod 0x0000025174168f10
Event: 19666.397 Thread 0x000002516dbe29b0 flushing  nmethod 0x000002517416c990
Event: 19666.397 Thread 0x000002516dbe29b0 flushing  nmethod 0x00000251741a5890
Event: 19666.397 Thread 0x000002516dbe29b0 flushing  nmethod 0x00000251741ae510
Event: 19666.397 Thread 0x000002516dbe29b0 flushing  nmethod 0x0000025174267010

Events (20 events):
Event: 19667.773 Thread 0x000002514b27f110 Thread added: 0x000002514b27d040
Event: 19668.778 Thread 0x000002514b27d040 Thread added: 0x000002514b2804c0
Event: 19669.438 Thread 0x000002514b27f110 Thread added: 0x000002514c87ac80
Event: 19670.068 Thread 0x000002514b27f110 Thread added: 0x000002514c876450
Event: 19672.105 Thread 0x0000025156c4b8a0 Thread added: 0x000002514c87b310
Event: 19705.418 Thread 0x0000025156c4b8a0 Thread added: 0x000002514c876ae0
Event: 19773.892 Thread 0x000002514c876ae0 Thread added: 0x000002514c87c6c0
Event: 19838.019 Thread 0x000002514c876450 Thread exited: 0x000002514c876450
Event: 19838.447 Thread 0x000002514b27dd60 Thread exited: 0x000002514b27dd60
Event: 19850.107 Thread 0x000002514b27f110 Thread exited: 0x000002514b27f110
Event: 19850.107 Thread 0x000002514c87c6c0 Thread exited: 0x000002514c87c6c0
Event: 19850.109 Thread 0x000002514b2804c0 Thread exited: 0x000002514b2804c0
Event: 19898.460 Thread 0x000002514b27bc90 Thread exited: 0x000002514b27bc90
Event: 19958.469 Thread 0x000002514b27af70 Thread exited: 0x000002514b27af70
Event: 19968.049 Thread 0x000002514b27c9b0 Thread exited: 0x000002514b27c9b0
Event: 19968.202 Thread 0x000002514c876ae0 Thread added: 0x000002514c87c6c0
Event: 19968.213 Thread 0x000002514c87c6c0 Thread exited: 0x000002514c87c6c0
Event: 19970.067 Thread 0x0000025156c4b8a0 Thread exited: 0x0000025156c4b8a0
Event: 20073.964 Thread 0x000002514c87b310 Thread exited: 0x000002514c87b310
Event: 20077.851 Thread 0x000002514c87ac80 Thread exited: 0x000002514c87ac80


Dynamic libraries:
0x00007ff7c1a30000 - 0x00007ff7c1a3e000 	c:\Users\dell\.vscode\extensions\redhat.java-1.44.0-win32-x64\jre\21.0.8-win32-x86_64\bin\java.exe
0x00007ffab86a0000 - 0x00007ffab88a9000 	C:\WINDOWS\SYSTEM32\ntdll.dll
0x00007ffab7420000 - 0x00007ffab74dd000 	C:\WINDOWS\System32\KERNEL32.DLL
0x00007ffab5e30000 - 0x00007ffab61b4000 	C:\WINDOWS\System32\KERNELBASE.dll
0x00007ffab5b30000 - 0x00007ffab5c41000 	C:\WINDOWS\System32\ucrtbase.dll
0x00007ffa40590000 - 0x00007ffa405a8000 	c:\Users\dell\.vscode\extensions\redhat.java-1.44.0-win32-x64\jre\21.0.8-win32-x86_64\bin\jli.dll
0x00007ffab6ed0000 - 0x00007ffab707d000 	C:\WINDOWS\System32\USER32.dll
0x00007ffab6230000 - 0x00007ffab6256000 	C:\WINDOWS\System32\win32u.dll
0x00007ffab8630000 - 0x00007ffab865a000 	C:\WINDOWS\System32\GDI32.dll
0x00007ffab63d0000 - 0x00007ffab64ee000 	C:\WINDOWS\System32\gdi32full.dll
0x00007ffab5d90000 - 0x00007ffab5e2d000 	C:\WINDOWS\System32\msvcp_win.dll
0x00007ffa3fd80000 - 0x00007ffa3fd9e000 	c:\Users\dell\.vscode\extensions\redhat.java-1.44.0-win32-x64\jre\21.0.8-win32-x86_64\bin\VCRUNTIME140.dll
0x00007ffa9f2e0000 - 0x00007ffa9f585000 	C:\WINDOWS\WinSxS\amd64_microsoft.windows.common-controls_6595b64144ccf1df_6.0.22000.120_none_9d947278b86cc467\COMCTL32.dll
0x00007ffab8580000 - 0x00007ffab8623000 	C:\WINDOWS\System32\msvcrt.dll
0x00007ffab72c0000 - 0x00007ffab72f1000 	C:\WINDOWS\System32\IMM32.DLL
0x00007ffa976a0000 - 0x00007ffa976ac000 	c:\Users\dell\.vscode\extensions\redhat.java-1.44.0-win32-x64\jre\21.0.8-win32-x86_64\bin\vcruntime140_1.dll
0x00007ffa38b30000 - 0x00007ffa38bbd000 	c:\Users\dell\.vscode\extensions\redhat.java-1.44.0-win32-x64\jre\21.0.8-win32-x86_64\bin\msvcp140.dll
0x00007ffa32470000 - 0x00007ffa33207000 	c:\Users\dell\.vscode\extensions\redhat.java-1.44.0-win32-x64\jre\21.0.8-win32-x86_64\bin\server\jvm.dll
0x00007ffab64f0000 - 0x00007ffab659e000 	C:\WINDOWS\System32\ADVAPI32.dll
0x00007ffab7380000 - 0x00007ffab741e000 	C:\WINDOWS\System32\sechost.dll
0x00007ffab6d90000 - 0x00007ffab6eb1000 	C:\WINDOWS\System32\RPCRT4.dll
0x00007ffab7310000 - 0x00007ffab737f000 	C:\WINDOWS\System32\WS2_32.dll
0x00007ffab5440000 - 0x00007ffab548d000 	C:\WINDOWS\SYSTEM32\POWRPROF.dll
0x00007ffaa59b0000 - 0x00007ffaa59e3000 	C:\WINDOWS\SYSTEM32\WINMM.dll
0x00007ffaa4ef0000 - 0x00007ffaa4efa000 	C:\WINDOWS\SYSTEM32\VERSION.dll
0x00007ffab5420000 - 0x00007ffab5433000 	C:\WINDOWS\SYSTEM32\UMPDC.dll
0x00007ffab4b60000 - 0x00007ffab4b78000 	C:\WINDOWS\SYSTEM32\kernel.appcore.dll
0x00007ffa7e5c0000 - 0x00007ffa7e5ca000 	c:\Users\dell\.vscode\extensions\redhat.java-1.44.0-win32-x64\jre\21.0.8-win32-x86_64\bin\jimage.dll
0x00007ffaaa870000 - 0x00007ffaaaa91000 	C:\WINDOWS\SYSTEM32\DBGHELP.DLL
0x00007ffa99590000 - 0x00007ffa995c1000 	C:\WINDOWS\SYSTEM32\dbgcore.DLL
0x00007ffab5d10000 - 0x00007ffab5d8f000 	C:\WINDOWS\System32\bcryptPrimitives.dll
0x00007ffa75be0000 - 0x00007ffa75bef000 	c:\Users\dell\.vscode\extensions\redhat.java-1.44.0-win32-x64\jre\21.0.8-win32-x86_64\bin\instrument.dll
0x00007ffa3ec50000 - 0x00007ffa3ec6f000 	c:\Users\dell\.vscode\extensions\redhat.java-1.44.0-win32-x64\jre\21.0.8-win32-x86_64\bin\java.dll
0x00007ffab7ba0000 - 0x00007ffab8365000 	C:\WINDOWS\System32\SHELL32.dll
0x00007ffab3bc0000 - 0x00007ffab4422000 	C:\WINDOWS\SYSTEM32\windows.storage.dll
0x00007ffab6610000 - 0x00007ffab6986000 	C:\WINDOWS\System32\combase.dll
0x00007ffab3a50000 - 0x00007ffab3bb7000 	C:\WINDOWS\SYSTEM32\wintypes.dll
0x00007ffab6bb0000 - 0x00007ffab6c9a000 	C:\WINDOWS\System32\SHCORE.dll
0x00007ffab7b20000 - 0x00007ffab7b7d000 	C:\WINDOWS\System32\shlwapi.dll
0x00007ffab5a60000 - 0x00007ffab5a85000 	C:\WINDOWS\SYSTEM32\profapi.dll
0x00007ffa3fd60000 - 0x00007ffa3fd78000 	c:\Users\dell\.vscode\extensions\redhat.java-1.44.0-win32-x64\jre\21.0.8-win32-x86_64\bin\zip.dll
0x00007ffa60b60000 - 0x00007ffa60b70000 	C:\Users\dell\.vscode\extensions\redhat.java-1.44.0-win32-x64\jre\21.0.8-win32-x86_64\bin\net.dll
0x00007ffaae130000 - 0x00007ffaae244000 	C:\WINDOWS\SYSTEM32\WINHTTP.dll
0x00007ffab5000000 - 0x00007ffab5067000 	C:\WINDOWS\system32\mswsock.dll
0x00007ffa3fd40000 - 0x00007ffa3fd56000 	C:\Users\dell\.vscode\extensions\redhat.java-1.44.0-win32-x64\jre\21.0.8-win32-x86_64\bin\nio.dll
0x00007ffa410f0000 - 0x00007ffa41100000 	c:\Users\dell\.vscode\extensions\redhat.java-1.44.0-win32-x64\jre\21.0.8-win32-x86_64\bin\verify.dll
0x00007ffa41650000 - 0x00007ffa41695000 	C:\Users\dell\AppData\Roaming\Code\User\globalStorage\redhat.java\1.44.0\config_win\org.eclipse.equinox.launcher\org.eclipse.equinox.launcher.win32.win32.x86_64_1.2.1400.v20250730-1736\eclipse_11913.dll
0x00007ffab6a10000 - 0x00007ffab6baa000 	C:\WINDOWS\System32\ole32.dll
0x00007ffab52d0000 - 0x00007ffab52e8000 	C:\WINDOWS\SYSTEM32\CRYPTSP.dll
0x00007ffab4ac0000 - 0x00007ffab4af5000 	C:\WINDOWS\system32\rsaenh.dll
0x00007ffab50a0000 - 0x00007ffab50cc000 	C:\WINDOWS\SYSTEM32\USERENV.dll
0x00007ffab5500000 - 0x00007ffab5527000 	C:\WINDOWS\SYSTEM32\bcrypt.dll
0x00007ffab51f0000 - 0x00007ffab51fc000 	C:\WINDOWS\SYSTEM32\CRYPTBASE.dll
0x00007ffab46c0000 - 0x00007ffab46ed000 	C:\WINDOWS\SYSTEM32\IPHLPAPI.DLL
0x00007ffab6ec0000 - 0x00007ffab6ec9000 	C:\WINDOWS\System32\NSI.dll
0x00007ffa3fe60000 - 0x00007ffa3fea9000 	C:\Users\dell\AppData\Local\Temp\jna-3079617\jna13555170258515522107.dll
0x00007ffab7300000 - 0x00007ffab7308000 	C:\WINDOWS\System32\PSAPI.DLL
0x00007ffaae290000 - 0x00007ffaae2a9000 	C:\WINDOWS\SYSTEM32\dhcpcsvc6.DLL
0x00007ffaae3b0000 - 0x00007ffaae3ce000 	C:\WINDOWS\SYSTEM32\dhcpcsvc.DLL
0x00007ffab4b80000 - 0x00007ffab4bb4000 	C:\WINDOWS\SYSTEM32\ntmarta.dll
0x00007ffa96090000 - 0x00007ffa96099000 	C:\Users\dell\.vscode\extensions\redhat.java-1.44.0-win32-x64\jre\21.0.8-win32-x86_64\bin\extnet.dll

JVMTI agents:
c:\Users\dell\.vscode\extensions\redhat.java-1.44.0-win32-x64\lombok\lombok-1.18.39-4050.jar path:c:\Users\dell\.vscode\extensions\redhat.java-1.44.0-win32-x64\jre\21.0.8-win32-x86_64\bin\instrument.dll, loaded, initialized, instrumentlib options:none

dbghelp: loaded successfully - version: 4.0.5 - missing functions: none
symbol engine: initialized successfully - sym options: 0x614 - pdb path: .;c:\Users\dell\.vscode\extensions\redhat.java-1.44.0-win32-x64\jre\21.0.8-win32-x86_64\bin;C:\WINDOWS\SYSTEM32;C:\WINDOWS\WinSxS\amd64_microsoft.windows.common-controls_6595b64144ccf1df_6.0.22000.120_none_9d947278b86cc467;c:\Users\dell\.vscode\extensions\redhat.java-1.44.0-win32-x64\jre\21.0.8-win32-x86_64\bin\server;C:\Users\dell\AppData\Roaming\Code\User\globalStorage\redhat.java\1.44.0\config_win\org.eclipse.equinox.launcher\org.eclipse.equinox.launcher.win32.win32.x86_64_1.2.1400.v20250730-1736;C:\Users\dell\AppData\Local\Temp\jna-3079617

VM Arguments:
jvm_args: --add-modules=ALL-SYSTEM --add-opens=java.base/java.util=ALL-UNNAMED --add-opens=java.base/java.lang=ALL-UNNAMED --add-opens=java.base/sun.nio.fs=ALL-UNNAMED -Declipse.application=org.eclipse.jdt.ls.core.id1 -Dosgi.bundles.defaultStartLevel=4 -Declipse.product=org.eclipse.jdt.ls.core.product -Djava.import.generatesMetadataFilesAtProjectRoot=false -DDetectVMInstallationsJob.disabled=true -Dfile.encoding=utf8 -XX:+UseParallelGC -XX:GCTimeRatio=4 -XX:AdaptiveSizePolicyWeight=90 -Dsun.zip.disableMemoryMapping=true -Xmx2G -Xms100m -Xlog:disable -javaagent:c:\Users\dell\.vscode\extensions\redhat.java-1.44.0-win32-x64\lombok\lombok-1.18.39-4050.jar -XX:+HeapDumpOnOutOfMemoryError -XX:HeapDumpPath=c:\Users\dell\AppData\Roaming\Code\User\workspaceStorage\b66665af19266898cd4060607692bac2\redhat.java -Daether.dependencyCollector.impl=bf 
java_command: c:\Users\dell\.vscode\extensions\redhat.java-1.44.0-win32-x64\server\plugins\org.eclipse.equinox.launcher_1.7.0.v20250519-0528.jar -configuration c:\Users\dell\AppData\Roaming\Code\User\globalStorage\redhat.java\1.44.0\config_win -data c:\Users\dell\AppData\Roaming\Code\User\workspaceStorage\b66665af19266898cd4060607692bac2\redhat.java\jdt_ws --pipe=\\.\pipe\lsp-600738a7ceec1dd70f967e3912f1cc66-sock
java_class_path (initial): c:\Users\dell\.vscode\extensions\redhat.java-1.44.0-win32-x64\server\plugins\org.eclipse.equinox.launcher_1.7.0.v20250519-0528.jar
Launcher Type: SUN_STANDARD

[Global flags]
    uintx AdaptiveSizePolicyWeight                 = 90                                        {product} {command line}
     intx CICompilerCount                          = 3                                         {product} {ergonomic}
    uintx GCTimeRatio                              = 4                                         {product} {command line}
     bool HeapDumpOnOutOfMemoryError               = true                                   {manageable} {command line}
    ccstr HeapDumpPath                             = c:\Users\dell\AppData\Roaming\Code\User\workspaceStorage\b66665af19266898cd4060607692bac2\redhat.java         {manageable} {command line}
   size_t InitialHeapSize                          = 104857600                                 {product} {command line}
   size_t MaxHeapSize                              = 2147483648                                {product} {command line}
   size_t MaxNewSize                               = 715653120                                 {product} {ergonomic}
   size_t MinHeapDeltaBytes                        = 524288                                    {product} {ergonomic}
   size_t MinHeapSize                              = 104857600                                 {product} {command line}
   size_t NewSize                                  = 34603008                                  {product} {ergonomic}
    uintx NonNMethodCodeHeapSize                   = 5832780                                {pd product} {ergonomic}
    uintx NonProfiledCodeHeapSize                  = 122912730                              {pd product} {ergonomic}
   size_t OldSize                                  = 70254592                                  {product} {ergonomic}
    uintx ProfiledCodeHeapSize                     = 122912730                              {pd product} {ergonomic}
    uintx ReservedCodeCacheSize                    = 251658240                              {pd product} {ergonomic}
     bool SegmentedCodeCache                       = true                                      {product} {ergonomic}
   size_t SoftMaxHeapSize                          = 2147483648                             {manageable} {ergonomic}
     bool UseCompressedOops                        = true                           {product lp64_product} {ergonomic}
     bool UseLargePagesIndividualAllocation        = false                                  {pd product} {ergonomic}
     bool UseParallelGC                            = true                                      {product} {command line}

Logging:
Log output configuration:
 #0: stdout all=off uptime,level,tags foldmultilines=false
 #1: stderr all=off uptime,level,tags foldmultilines=false

Environment Variables:
PATH=C:\Python313\Scripts\;C:\Python313\;C:\Program Files\Common Files\Oracle\Java\javapath;C:\oraclexe\app\oracle\product\10.2.0\server\bin;C:\WINDOWS\system32;C:\WINDOWS;C:\WINDOWS\System32\Wbem;C:\WINDOWS\System32\WindowsPowerShell\v1.0\;C:\WINDOWS\System32\OpenSSH\;C:\Program Files\Microsoft SQL Server\130\Tools\Binn\;C:\Program Files\Microsoft SQL Server\Client SDK\ODBC\170\Tools\Binn\;C:\Program Files\dotnet\;C:\xampp\php;C:\ProgramData\chocolatey\bin;C:\Program Files\OpenJDK\openjdk-11.0.15_10\bin;C:\Program Files\Git\cmd;C:\Program Files\Microsoft SQL Server\150\Tools\Binn\;C:\Program Files (x86)\Microsoft SQL Server\160\Tools\Binn\;C:\Program Files\Microsoft SQL Server\160\Tools\Binn\;C:\Program Files\Microsoft SQL Server\160\DTS\Binn\;C:\ProgramData\ComposerSetup\bin;C:\Program Files (x86)\Microsoft SQL Server\160\DTS\Binn\;C:\Program Files\Azure Data Studio\bin;C:\Ruby32-x64\bin;C:\Program Files (x86)\Yarn\bin\;C:\Program Files\nodejs\;C:\RailsInstaller\Git\cmd;C:\RailsInstaller\Ruby2.3.3\bin;C:\Ruby32-x64\bin;C:\Users\dell\AppData\Local\pnpm;D:\BC5\BIN;C:\Users\dell\AppData\Local\Microsoft\WindowsApps;C:\mingw64\bin;C:\Users\dell\.dotnet\tools;C:\Users\dell\AppData\Roaming\Composer\vendor\bin;C:\Users\dell\AppData\Local\Programs\Microsoft VS Code\bin;%JAVA_HOME%\bin;C:\Program Files\JetBrains\IntelliJ IDEA 2023.1.3\bin;;D:\File Tigana Reymansyah\apache-maven-3.9.3\bin;C:\Program Files\Azure Data Studio\bin;C:\Program Files\Java\jdk-17\bin;C:\Users\dell\AppData\Local\Yarn\bin;C:\RailsInstaller;C:\apache-maven-3.9.9\bin;C:\Users\dell\AppData\Roaming\npm
USERNAME=dell
OS=Windows_NT
PROCESSOR_IDENTIFIER=Intel64 Family 6 Model 142 Stepping 12, GenuineIntel
TMP=C:\Users\dell\AppData\Local\Temp
TEMP=C:\Users\dell\AppData\Local\Temp




Periodic native trim disabled

---------------  S Y S T E M  ---------------

OS:
 Windows 11 , 64 bit Build 22000 (10.0.22000.2538)
OS uptime: 0 days 14:35 hours
Hyper-V role detected

CPU: total 4 (initial active 4) (2 cores per cpu, 2 threads per core) family 6 model 142 stepping 12 microcode 0xfc, cx8, cmov, fxsr, ht, mmx, 3dnowpref, sse, sse2, sse3, ssse3, sse4.1, sse4.2, popcnt, lzcnt, tsc, tscinvbit, avx, avx2, aes, erms, clmul, bmi1, bmi2, adx, fma, vzeroupper, clflush, clflushopt, hv, rdtscp, f16c
Processor Information for the first 4 processors :
  Max Mhz: 2592, Current Mhz: 2093, Mhz Limit: 2073

Memory: 4k page, system-wide physical 3857M (134M free)
TotalPageFile size 15633M (AvailPageFile size 9M)
current process WorkingSet (physical memory assigned to process): 6M, peak: 706M
current process commit charge ("private bytes"): 1501M, peak: 1738M

vm_info: OpenJDK 64-Bit Server VM (21.0.8+9-LTS) for windows-amd64 JRE (21.0.8+9-LTS), built on 2025-07-15T00:00:00Z by "admin" with MS VC++ 17.7 (VS2022)

END.
