#
# There is insufficient memory for the Java Runtime Environment to continue.
# Native memory allocation (malloc) failed to allocate 1048576 bytes. Error detail: AllocateHeap
# Possible reasons:
#   The system is out of physical RAM or swap space
#   This process is running with CompressedOops enabled, and the Java Heap may be blocking the growth of the native heap
# Possible solutions:
#   Reduce memory load on the system
#   Increase physical memory or swap space
#   Check if swap backing store is full
#   Decrease Java heap size (-Xmx/-Xms)
#   Decrease number of Java threads
#   Decrease Java thread stack sizes (-Xss)
#   Set larger code cache with -XX:ReservedCodeCacheSize=
#   JVM is running with Unscaled Compressed Oops mode in which the Java heap is
#     placed in the first 4GB address space. The Java Heap base address is the
#     maximum limit for the native heap growth. Please use -XX:HeapBaseMinAddress
#     to set the Java Heap base and to place the Java Heap above 4GB virtual address.
# This output file may be truncated or incomplete.
#
#  Out of Memory Error (allocation.cpp:44), pid=5268, tid=2776
#
# JRE version: OpenJDK Runtime Environment Temurin-21.0.8+9 (21.0.8+9) (build 21.0.8+9-LTS)
# Java VM: OpenJDK 64-Bit Server VM Temurin-21.0.8+9 (21.0.8+9-LTS, mixed mode, sharing, tiered, compressed oops, compressed class ptrs, parallel gc, windows-amd64)
# No core dump will be written. Minidumps are not enabled by default on client versions of Windows
#

---------------  S U M M A R Y ------------

Command Line: --add-modules=ALL-SYSTEM --add-opens=java.base/java.util=ALL-UNNAMED --add-opens=java.base/java.lang=ALL-UNNAMED --add-opens=java.base/sun.nio.fs=ALL-UNNAMED -Declipse.application=org.eclipse.jdt.ls.core.id1 -Dosgi.bundles.defaultStartLevel=4 -Declipse.product=org.eclipse.jdt.ls.core.product -Djava.import.generatesMetadataFilesAtProjectRoot=false -DDetectVMInstallationsJob.disabled=true -Dfile.encoding=utf8 -XX:+UseParallelGC -XX:GCTimeRatio=4 -XX:AdaptiveSizePolicyWeight=90 -Dsun.zip.disableMemoryMapping=true -Xmx2G -Xms100m -Xlog:disable -javaagent:c:\Users\dell\.vscode\extensions\redhat.java-1.44.0-win32-x64\lombok\lombok-1.18.39-4050.jar -XX:+HeapDumpOnOutOfMemoryError -XX:HeapDumpPath=c:\Users\dell\AppData\Roaming\Code\User\workspaceStorage\b66665af19266898cd4060607692bac2\redhat.java -Daether.dependencyCollector.impl=bf c:\Users\dell\.vscode\extensions\redhat.java-1.44.0-win32-x64\server\plugins\org.eclipse.equinox.launcher_1.7.0.v20250519-0528.jar -configuration c:\Users\dell\AppData\Roaming\Code\User\globalStorage\redhat.java\1.44.0\config_win -data c:\Users\dell\AppData\Roaming\Code\User\workspaceStorage\b66665af19266898cd4060607692bac2\redhat.java\jdt_ws --pipe=\\.\pipe\lsp-8d935a1bec6974d7bc39a46638452261-sock

Host: Intel(R) Core(TM) i3-10110U CPU @ 2.10GHz, 4 cores, 3G,  Windows 11 , 64 bit Build 22000 (10.0.22000.2538)
Time: Sat Aug 30 20:13:01 2025 SE Asia Standard Time elapsed time: 7998.694223 seconds (0d 2h 13m 18s)

---------------  T H R E A D  ---------------

Current thread (0x0000027dc10612d0):  JavaThread "Attach Listener" daemon [_thread_in_vm, id=2776, stack(0x0000009b71900000,0x0000009b71a00000) (1024K)]

Stack: [0x0000009b71900000,0x0000009b71a00000]
Native frames: (J=compiled Java code, j=interpreted, Vv=VM code, C=native code)
V  [jvm.dll+0x6d2449]
V  [jvm.dll+0x8ae341]
V  [jvm.dll+0x8b08be]
V  [jvm.dll+0x8b0fa3]
V  [jvm.dll+0x280c96]
V  [jvm.dll+0xc0347]
V  [jvm.dll+0x6d2cf9]
V  [jvm.dll+0x131116]
V  [jvm.dll+0x3f2d16]
V  [jvm.dll+0x857e6b]
V  [jvm.dll+0x6d0b0d]
C  [ucrtbase.dll+0x26c0c]
C  [KERNEL32.DLL+0x153e0]
C  [ntdll.dll+0x485b]


---------------  P R O C E S S  ---------------

Threads class SMR info:
_java_thread_list=0x0000027e20a2e980, length=39, elements={
0x0000027dbee69770, 0x0000027dc105a330, 0x0000027dc105ba90, 0x0000027dc10605c0,
0x0000027dc10612d0, 0x0000027dc1062ff0, 0x0000027dc1064a50, 0x0000027dc1068b30,
0x0000027dc107ef20, 0x0000027dc11dff80, 0x0000027e19954350, 0x0000027e1e4c9340,
0x0000027e1e6070d0, 0x0000027e1e164320, 0x0000027e197966f0, 0x0000027e19b36d20,
0x0000027e1e718db0, 0x0000027e1e413600, 0x0000027e1e410ea0, 0x0000027e1e412250,
0x0000027e1e414320, 0x0000027e201b9a90, 0x0000027e201b4bd0, 0x0000027e201ba120,
0x0000027e201b9400, 0x0000027e201b8d70, 0x0000027e201b5260, 0x0000027e201b8050,
0x0000027e21a42c50, 0x0000027e21a3d070, 0x0000027e21a3f7d0, 0x0000027e201b6610,
0x0000027e2065f870, 0x0000027e201b86e0, 0x0000027e201b4540, 0x0000027e21a3eab0,
0x0000027e21a3d700, 0x0000027e201b58f0, 0x0000027e201b7330
}

Java Threads: ( => current thread )
  0x0000027dbee69770 JavaThread "main"                              [_thread_blocked, id=15248, stack(0x0000009b71100000,0x0000009b71200000) (1024K)]
  0x0000027dc105a330 JavaThread "Reference Handler"          daemon [_thread_blocked, id=4104, stack(0x0000009b71600000,0x0000009b71700000) (1024K)]
  0x0000027dc105ba90 JavaThread "Finalizer"                  daemon [_thread_blocked, id=2748, stack(0x0000009b71700000,0x0000009b71800000) (1024K)]
  0x0000027dc10605c0 JavaThread "Signal Dispatcher"          daemon [_thread_blocked, id=16420, stack(0x0000009b71800000,0x0000009b71900000) (1024K)]
=>0x0000027dc10612d0 JavaThread "Attach Listener"            daemon [_thread_in_vm, id=2776, stack(0x0000009b71900000,0x0000009b71a00000) (1024K)]
  0x0000027dc1062ff0 JavaThread "Service Thread"             daemon [_thread_blocked, id=17012, stack(0x0000009b71a00000,0x0000009b71b00000) (1024K)]
  0x0000027dc1064a50 JavaThread "Monitor Deflation Thread"   daemon [_thread_blocked, id=17208, stack(0x0000009b71b00000,0x0000009b71c00000) (1024K)]
  0x0000027dc1068b30 JavaThread "C2 CompilerThread0"         daemon [_thread_blocked, id=9292, stack(0x0000009b71c00000,0x0000009b71d00000) (1024K)]
  0x0000027dc107ef20 JavaThread "C1 CompilerThread0"         daemon [_thread_blocked, id=3376, stack(0x0000009b71d00000,0x0000009b71e00000) (1024K)]
  0x0000027dc11dff80 JavaThread "Common-Cleaner"             daemon [_thread_blocked, id=7452, stack(0x0000009b71e00000,0x0000009b71f00000) (1024K)]
  0x0000027e19954350 JavaThread "Notification Thread"        daemon [_thread_blocked, id=16552, stack(0x0000009b71f00000,0x0000009b72000000) (1024K)]
  0x0000027e1e4c9340 JavaThread "Active Thread: Equinox Container: 9cba3d11-d573-48f3-bd47-797ce4cf253c"        [_thread_blocked, id=14852, stack(0x0000009b72300000,0x0000009b72400000) (1024K)]
  0x0000027e1e6070d0 JavaThread "Refresh Thread: Equinox Container: 9cba3d11-d573-48f3-bd47-797ce4cf253c" daemon [_thread_blocked, id=3112, stack(0x0000009b72400000,0x0000009b72500000) (1024K)]
  0x0000027e1e164320 JavaThread "Framework Event Dispatcher: Equinox Container: 9cba3d11-d573-48f3-bd47-797ce4cf253c" daemon [_thread_blocked, id=15928, stack(0x0000009b72500000,0x0000009b72600000) (1024K)]
  0x0000027e197966f0 JavaThread "Start Level: Equinox Container: 9cba3d11-d573-48f3-bd47-797ce4cf253c" daemon [_thread_blocked, id=4468, stack(0x0000009b72600000,0x0000009b72700000) (1024K)]
  0x0000027e19b36d20 JavaThread "Bundle File Closer"         daemon [_thread_blocked, id=4108, stack(0x0000009b72700000,0x0000009b72800000) (1024K)]
  0x0000027e1e718db0 JavaThread "SCR Component Actor"        daemon [_thread_blocked, id=10356, stack(0x0000009b72800000,0x0000009b72900000) (1024K)]
  0x0000027e1e413600 JavaThread "Worker-JM"                         [_thread_blocked, id=15628, stack(0x0000009b72a00000,0x0000009b72b00000) (1024K)]
  0x0000027e1e410ea0 JavaThread "JNA Cleaner"                daemon [_thread_blocked, id=2344, stack(0x0000009b72b00000,0x0000009b72c00000) (1024K)]
  0x0000027e1e412250 JavaThread "Java indexing"              daemon [_thread_blocked, id=8720, stack(0x0000009b72e00000,0x0000009b72f00000) (1024K)]
  0x0000027e1e414320 JavaThread "Thread-2"                   daemon [_thread_in_native, id=2416, stack(0x0000009b73400000,0x0000009b73500000) (1024K)]
  0x0000027e201b9a90 JavaThread "Thread-3"                   daemon [_thread_in_native, id=7336, stack(0x0000009b73500000,0x0000009b73600000) (1024K)]
  0x0000027e201b4bd0 JavaThread "Thread-4"                   daemon [_thread_in_native, id=6220, stack(0x0000009b73600000,0x0000009b73700000) (1024K)]
  0x0000027e201ba120 JavaThread "Thread-5"                   daemon [_thread_in_native, id=7464, stack(0x0000009b73700000,0x0000009b73800000) (1024K)]
  0x0000027e201b9400 JavaThread "Thread-6"                   daemon [_thread_in_native, id=7984, stack(0x0000009b73800000,0x0000009b73900000) (1024K)]
  0x0000027e201b8d70 JavaThread "pool-2-thread-1"                   [_thread_blocked, id=6676, stack(0x0000009b73900000,0x0000009b73a00000) (1024K)]
  0x0000027e201b5260 JavaThread "WorkspaceEventsHandler"            [_thread_blocked, id=12856, stack(0x0000009b73a00000,0x0000009b73b00000) (1024K)]
  0x0000027e201b8050 JavaThread "pool-1-thread-1"                   [_thread_blocked, id=11120, stack(0x0000009b73b00000,0x0000009b73c00000) (1024K)]
  0x0000027e21a42c50 JavaThread "Cleaner-0"                  daemon [_thread_blocked, id=9048, stack(0x0000009b73300000,0x0000009b73400000) (1024K)]
  0x0000027e21a3d070 JavaThread "Java Debug Server"          daemon [_thread_in_native, id=14156, stack(0x0000009b73e00000,0x0000009b73f00000) (1024K)]
  0x0000027e21a3f7d0 JavaThread "RxSchedulerPurge-1"         daemon [_thread_blocked, id=8108, stack(0x0000009b74000000,0x0000009b74100000) (1024K)]
  0x0000027e201b6610 JavaThread "RxCachedWorkerPoolEvictor-1" daemon [_thread_blocked, id=4292, stack(0x0000009b74100000,0x0000009b74200000) (1024K)]
  0x0000027e2065f870 JavaThread "ForkJoinPool.commonPool-worker-38" daemon [_thread_blocked, id=15992, stack(0x0000009b72900000,0x0000009b72a00000) (1024K)]
  0x0000027e201b86e0 JavaThread "ForkJoinPool.commonPool-worker-40" daemon [_thread_blocked, id=15520, stack(0x0000009b71200000,0x0000009b71300000) (1024K)]
  0x0000027e201b4540 JavaThread "pool-5-thread-4"                   [_thread_in_native, id=17728, stack(0x0000009b73100000,0x0000009b73200000) (1024K)]
  0x0000027e21a3eab0 JavaThread "process reaper (pid 4188)"  daemon [_thread_in_native, id=11668, stack(0x0000009b74200000,0x0000009b74220000) (128K)]
  0x0000027e21a3d700 JavaThread "Worker-59"                         [_thread_blocked, id=1740, stack(0x0000009b71000000,0x0000009b71100000) (1024K)]
  0x0000027e201b58f0 JavaThread "Worker-62"                         [_thread_blocked, id=17480, stack(0x0000009b73000000,0x0000009b73100000) (1024K)]
  0x0000027e201b7330 JavaThread "RxNewThreadScheduler-23"    daemon [_thread_blocked, id=11388, stack(0x0000009b73200000,0x0000009b73300000) (1024K)]
Total: 39

Other Threads:
  0x0000027dc1232a40 VMThread "VM Thread"                           [id=2932, stack(0x0000009b71500000,0x0000009b71600000) (1024K)]
  0x0000027dc100cb20 WatcherThread "VM Periodic Task Thread"        [id=12228, stack(0x0000009b71400000,0x0000009b71500000) (1024K)]
  0x0000027dc11942d0 WorkerThread "GC Thread#0"                     [id=7468, stack(0x0000009b71300000,0x0000009b71400000) (1024K)]
  0x0000027e19b0d620 WorkerThread "GC Thread#1"                     [id=2128, stack(0x0000009b72000000,0x0000009b72100000) (1024K)]
  0x0000027e19b0d9c0 WorkerThread "GC Thread#2"                     [id=13232, stack(0x0000009b72100000,0x0000009b72200000) (1024K)]
  0x0000027e19b0dd60 WorkerThread "GC Thread#3"                     [id=13724, stack(0x0000009b72200000,0x0000009b72300000) (1024K)]
Total: 6

Threads with active compile tasks:
Total: 0

VM state: not at safepoint (normal execution)

VM Mutex/Monitor currently owned by a thread: None

Heap address: 0x0000000080000000, size: 2048 MB, Compressed Oops mode: 32-bit

CDS archive(s) mapped at: [0x0000027dd8000000-0x0000027dd8ba0000-0x0000027dd8ba0000), size 12189696, SharedBaseAddress: 0x0000027dd8000000, ArchiveRelocationMode: 1.
Compressed class space mapped at: 0x0000027dd9000000-0x0000027e19000000, reserved size: 1073741824
Narrow klass base: 0x0000027dd8000000, Narrow klass shift: 0, Narrow klass range: 0x100000000

GC Precious Log:
 CardTable entry size: 512
 CPUs: 4 total, 4 available
 Memory: 3857M
 Large Page Support: Disabled
 NUMA Support: Disabled
 Compressed Oops: Enabled (32-bit)
 Alignments: Space 512K, Generation 512K, Heap 2M
 Heap Min Capacity: 100M
 Heap Initial Capacity: 100M
 Heap Max Capacity: 2G
 Pre-touch: Disabled
 Parallel Workers: 4

Heap:
 PSYoungGen      total 7680K, used 6690K [0x00000000d5580000, 0x00000000d5e80000, 0x0000000100000000)
  eden space 7168K, 91% used [0x00000000d5580000,0x00000000d5bf09f8,0x00000000d5c80000)
  from space 512K, 18% used [0x00000000d5e00000,0x00000000d5e18000,0x00000000d5e80000)
  to   space 512K, 0% used [0x00000000d5d80000,0x00000000d5d80000,0x00000000d5e00000)
 ParOldGen       total 1223680K, used 1223372K [0x0000000080000000, 0x00000000cab00000, 0x00000000d5580000)
  object space 1223680K, 99% used [0x0000000080000000,0x00000000caab3110,0x00000000cab00000)
 Metaspace       used 98200K, committed 99840K, reserved 1179648K
  class space    used 9840K, committed 10624K, reserved 1048576K

Card table byte_map: [0x0000027dc0b20000,0x0000027dc0f30000] _byte_map_base: 0x0000027dc0720000

Marking Bits: (ParMarkBitMap*) 0x00007ffbea10a340
 Begin Bits: [0x0000027dd3620000, 0x0000027dd5620000)
 End Bits:   [0x0000027dd5620000, 0x0000027dd7620000)

Polling page: 0x0000027dbefe0000

Metaspace:

Usage:
  Non-class:     86.29 MB used.
      Class:      9.61 MB used.
       Both:     95.90 MB used.

Virtual space:
  Non-class space:      128.00 MB reserved,      87.12 MB ( 68%) committed,  2 nodes.
      Class space:        1.00 GB reserved,      10.38 MB (  1%) committed,  1 nodes.
             Both:        1.12 GB reserved,      97.50 MB (  8%) committed. 

Chunk freelists:
   Non-Class:  8.45 MB
       Class:  5.50 MB
        Both:  13.95 MB

MaxMetaspaceSize: unlimited
CompressedClassSpaceSize: 1.00 GB
Initial GC threshold: 21.00 MB
Current GC threshold: 155.44 MB
CDS: on
 - commit_granule_bytes: 65536.
 - commit_granule_words: 8192.
 - virtual_space_node_default_size: 8388608.
 - enlarge_chunks_in_place: 1.
 - use_allocation_guard: 0.


Internal statistics:

num_allocs_failed_limit: 13.
num_arena_births: 2072.
num_arena_deaths: 516.
num_vsnodes_births: 3.
num_vsnodes_deaths: 0.
num_space_committed: 1560.
num_space_uncommitted: 0.
num_chunks_returned_to_freelist: 601.
num_chunks_taken_from_freelist: 7288.
num_chunk_merges: 149.
num_chunk_splits: 4107.
num_chunks_enlarged: 2202.
num_inconsistent_stats: 0.

CodeHeap 'non-profiled nmethods': size=120000Kb used=23737Kb max_used=23737Kb free=96262Kb
 bounds [0x0000027dcbe40000, 0x0000027dcd570000, 0x0000027dd3370000]
CodeHeap 'profiled nmethods': size=120000Kb used=39613Kb max_used=54240Kb free=80386Kb
 bounds [0x0000027dc4370000, 0x0000027dc7870000, 0x0000027dcb8a0000]
CodeHeap 'non-nmethods': size=5760Kb used=1556Kb max_used=1667Kb free=4203Kb
 bounds [0x0000027dcb8a0000, 0x0000027dcbb10000, 0x0000027dcbe40000]
CodeCache: size=245760Kb, used=64906Kb, max_used=79644Kb, free=180851Kb
 total_blobs=18316, nmethods=17436, adapters=779, full_count=0
Compilation: enabled, stopped_count=0, restarted_count=0

Compilation events (20 events):
Event: 7887.860 Thread 0x0000027dc107ef20 30382       3       com.google.gson.internal.LinkedTreeMap$LinkedTreeMapIterator::<init> (40 bytes)
Event: 7887.862 Thread 0x0000027dc107ef20 nmethod 30382 0x0000027dc62c7290 code [0x0000027dc62c7440, 0x0000027dc62c7600]
Event: 7887.862 Thread 0x0000027dc107ef20 30381       3       java.lang.invoke.VarHandleReferences$Array::setRelease (61 bytes)
Event: 7887.866 Thread 0x0000027dc107ef20 nmethod 30381 0x0000027dc4cce710 code [0x0000027dc4cce9c0, 0x0000027dc4ccf790]
Event: 7887.866 Thread 0x0000027dc107ef20 30384       3       java.nio.charset.CharsetEncoder::onMalformedInput (26 bytes)
Event: 7887.894 Thread 0x0000027dc1068b30 30388 % !   4       sun.nio.cs.SingleByte$Encoder::encodeBufferLoop @ 5 (183 bytes)
Event: 7887.895 Thread 0x0000027dc107ef20 nmethod 30384 0x0000027dc624a410 code [0x0000027dc624a5c0, 0x0000027dc624a8c0]
Event: 7887.895 Thread 0x0000027dc107ef20 30385       3       java.nio.charset.CharsetEncoder::implOnMalformedInput (1 bytes)
Event: 7887.895 Thread 0x0000027dc107ef20 nmethod 30385 0x0000027dc4dabb10 code [0x0000027dc4dabca0, 0x0000027dc4dabda8]
Event: 7887.895 Thread 0x0000027dc107ef20 30386       3       java.nio.charset.CharsetEncoder::onUnmappableCharacter (26 bytes)
Event: 7887.895 Thread 0x0000027dc107ef20 nmethod 30386 0x0000027dc627ac10 code [0x0000027dc627adc0, 0x0000027dc627b0c0]
Event: 7887.895 Thread 0x0000027dc107ef20 30387       3       java.nio.charset.CharsetEncoder::implOnUnmappableCharacter (1 bytes)
Event: 7887.895 Thread 0x0000027dc107ef20 nmethod 30387 0x0000027dc4e91d10 code [0x0000027dc4e91ea0, 0x0000027dc4e91fa8]
Event: 7887.917 Thread 0x0000027dc1068b30 nmethod 30388% 0x0000027dcd56d790 code [0x0000027dcd56d9a0, 0x0000027dcd56e0e0]
Event: 7887.953 Thread 0x0000027dc107ef20 30389   !   3       java.util.concurrent.CompletableFuture::waitingGet (142 bytes)
Event: 7887.969 Thread 0x0000027dc107ef20 nmethod 30389 0x0000027dc6f15610 code [0x0000027dc6f158e0, 0x0000027dc6f16790]
Event: 7890.808 Thread 0x0000027dc107ef20 30390       3       java.util.Formatter$FormatSpecifier::localizedMagnitude (20 bytes)
Event: 7890.810 Thread 0x0000027dc107ef20 nmethod 30390 0x0000027dc62ccf90 code [0x0000027dc62cd140, 0x0000027dc62cd300]
Event: 7890.810 Thread 0x0000027dc107ef20 30391       3       java.util.Formatter$FormatSpecifier::printInteger (137 bytes)
Event: 7890.814 Thread 0x0000027dc107ef20 nmethod 30391 0x0000027dc50a6110 code [0x0000027dc50a63e0, 0x0000027dc50a73a0]

GC Heap History (20 events):
Event: 7727.379 GC heap before
{Heap before GC invocations=4715 (full 7):
 PSYoungGen      total 8192K, used 8172K [0x00000000d5580000, 0x00000000d6000000, 0x0000000100000000)
  eden space 7168K, 100% used [0x00000000d5580000,0x00000000d5c80000,0x00000000d5c80000)
  from space 1024K, 98% used [0x00000000d5e00000,0x00000000d5efb208,0x00000000d5f00000)
  to   space 1536K, 0% used [0x00000000d5c80000,0x00000000d5c80000,0x00000000d5e00000)
 ParOldGen       total 1219072K, used 1218584K [0x0000000080000000, 0x00000000ca680000, 0x00000000d5580000)
  object space 1219072K, 99% used [0x0000000080000000,0x00000000ca606388,0x00000000ca680000)
 Metaspace       used 98180K, committed 99840K, reserved 1179648K
  class space    used 9840K, committed 10624K, reserved 1048576K
}
Event: 7727.385 GC heap after
{Heap after GC invocations=4715 (full 7):
 PSYoungGen      total 7680K, used 404K [0x00000000d5580000, 0x00000000d5e80000, 0x0000000100000000)
  eden space 7168K, 0% used [0x00000000d5580000,0x00000000d5580000,0x00000000d5c80000)
  from space 512K, 79% used [0x00000000d5c80000,0x00000000d5ce5200,0x00000000d5d00000)
  to   space 1024K, 0% used [0x00000000d5d80000,0x00000000d5d80000,0x00000000d5e80000)
 ParOldGen       total 1219584K, used 1219517K [0x0000000080000000, 0x00000000ca700000, 0x00000000d5580000)
  object space 1219584K, 99% used [0x0000000080000000,0x00000000ca6ef590,0x00000000ca700000)
 Metaspace       used 98180K, committed 99840K, reserved 1179648K
  class space    used 9840K, committed 10624K, reserved 1048576K
}
Event: 7728.385 GC heap before
{Heap before GC invocations=4716 (full 7):
 PSYoungGen      total 7680K, used 7549K [0x00000000d5580000, 0x00000000d5e80000, 0x0000000100000000)
  eden space 7168K, 99% used [0x00000000d5580000,0x00000000d5c7a4d8,0x00000000d5c80000)
  from space 512K, 79% used [0x00000000d5c80000,0x00000000d5ce5200,0x00000000d5d00000)
  to   space 1024K, 0% used [0x00000000d5d80000,0x00000000d5d80000,0x00000000d5e80000)
 ParOldGen       total 1219584K, used 1219517K [0x0000000080000000, 0x00000000ca700000, 0x00000000d5580000)
  object space 1219584K, 99% used [0x0000000080000000,0x00000000ca6ef590,0x00000000ca700000)
 Metaspace       used 98180K, committed 99840K, reserved 1179648K
  class space    used 9840K, committed 10624K, reserved 1048576K
}
Event: 7728.394 GC heap after
{Heap after GC invocations=4716 (full 7):
 PSYoungGen      total 7680K, used 90K [0x00000000d5580000, 0x00000000d5e00000, 0x0000000100000000)
  eden space 7168K, 0% used [0x00000000d5580000,0x00000000d5580000,0x00000000d5c80000)
  from space 512K, 17% used [0x00000000d5d80000,0x00000000d5d96900,0x00000000d5e00000)
  to   space 512K, 0% used [0x00000000d5c80000,0x00000000d5c80000,0x00000000d5d00000)
 ParOldGen       total 1220096K, used 1219717K [0x0000000080000000, 0x00000000ca780000, 0x00000000d5580000)
  object space 1220096K, 99% used [0x0000000080000000,0x00000000ca721590,0x00000000ca780000)
 Metaspace       used 98180K, committed 99840K, reserved 1179648K
  class space    used 9840K, committed 10624K, reserved 1048576K
}
Event: 7736.598 GC heap before
{Heap before GC invocations=4717 (full 7):
 PSYoungGen      total 7680K, used 7258K [0x00000000d5580000, 0x00000000d5e00000, 0x0000000100000000)
  eden space 7168K, 100% used [0x00000000d5580000,0x00000000d5c80000,0x00000000d5c80000)
  from space 512K, 17% used [0x00000000d5d80000,0x00000000d5d96900,0x00000000d5e00000)
  to   space 512K, 0% used [0x00000000d5c80000,0x00000000d5c80000,0x00000000d5d00000)
 ParOldGen       total 1220096K, used 1219717K [0x0000000080000000, 0x00000000ca780000, 0x00000000d5580000)
  object space 1220096K, 99% used [0x0000000080000000,0x00000000ca721590,0x00000000ca780000)
 Metaspace       used 98180K, committed 99840K, reserved 1179648K
  class space    used 9840K, committed 10624K, reserved 1048576K
}
Event: 7736.604 GC heap after
{Heap after GC invocations=4717 (full 7):
 PSYoungGen      total 7680K, used 128K [0x00000000d5580000, 0x00000000d5e00000, 0x0000000100000000)
  eden space 7168K, 0% used [0x00000000d5580000,0x00000000d5580000,0x00000000d5c80000)
  from space 512K, 25% used [0x00000000d5c80000,0x00000000d5ca0000,0x00000000d5d00000)
  to   space 512K, 0% used [0x00000000d5d80000,0x00000000d5d80000,0x00000000d5e00000)
 ParOldGen       total 1220096K, used 1219741K [0x0000000080000000, 0x00000000ca780000, 0x00000000d5580000)
  object space 1220096K, 99% used [0x0000000080000000,0x00000000ca727590,0x00000000ca780000)
 Metaspace       used 98180K, committed 99840K, reserved 1179648K
  class space    used 9840K, committed 10624K, reserved 1048576K
}
Event: 7817.054 GC heap before
{Heap before GC invocations=4718 (full 7):
 PSYoungGen      total 7680K, used 7296K [0x00000000d5580000, 0x00000000d5e00000, 0x0000000100000000)
  eden space 7168K, 100% used [0x00000000d5580000,0x00000000d5c80000,0x00000000d5c80000)
  from space 512K, 25% used [0x00000000d5c80000,0x00000000d5ca0000,0x00000000d5d00000)
  to   space 512K, 0% used [0x00000000d5d80000,0x00000000d5d80000,0x00000000d5e00000)
 ParOldGen       total 1220096K, used 1219741K [0x0000000080000000, 0x00000000ca780000, 0x00000000d5580000)
  object space 1220096K, 99% used [0x0000000080000000,0x00000000ca727590,0x00000000ca780000)
 Metaspace       used 98185K, committed 99840K, reserved 1179648K
  class space    used 9840K, committed 10624K, reserved 1048576K
}
Event: 7817.512 GC heap after
{Heap after GC invocations=4718 (full 7):
 PSYoungGen      total 7680K, used 320K [0x00000000d5580000, 0x00000000d5e00000, 0x0000000100000000)
  eden space 7168K, 0% used [0x00000000d5580000,0x00000000d5580000,0x00000000d5c80000)
  from space 512K, 62% used [0x00000000d5d80000,0x00000000d5dd0020,0x00000000d5e00000)
  to   space 512K, 0% used [0x00000000d5c80000,0x00000000d5c80000,0x00000000d5d00000)
 ParOldGen       total 1220096K, used 1219765K [0x0000000080000000, 0x00000000ca780000, 0x00000000d5580000)
  object space 1220096K, 99% used [0x0000000080000000,0x00000000ca72d590,0x00000000ca780000)
 Metaspace       used 98185K, committed 99840K, reserved 1179648K
  class space    used 9840K, committed 10624K, reserved 1048576K
}
Event: 7860.194 GC heap before
{Heap before GC invocations=4719 (full 7):
 PSYoungGen      total 7680K, used 7488K [0x00000000d5580000, 0x00000000d5e00000, 0x0000000100000000)
  eden space 7168K, 100% used [0x00000000d5580000,0x00000000d5c80000,0x00000000d5c80000)
  from space 512K, 62% used [0x00000000d5d80000,0x00000000d5dd0020,0x00000000d5e00000)
  to   space 512K, 0% used [0x00000000d5c80000,0x00000000d5c80000,0x00000000d5d00000)
 ParOldGen       total 1220096K, used 1219765K [0x0000000080000000, 0x00000000ca780000, 0x00000000d5580000)
  object space 1220096K, 99% used [0x0000000080000000,0x00000000ca72d590,0x00000000ca780000)
 Metaspace       used 98189K, committed 99840K, reserved 1179648K
  class space    used 9840K, committed 10624K, reserved 1048576K
}
Event: 7861.990 GC heap after
{Heap after GC invocations=4719 (full 7):
 PSYoungGen      total 7680K, used 320K [0x00000000d5580000, 0x00000000d5e00000, 0x0000000100000000)
  eden space 7168K, 0% used [0x00000000d5580000,0x00000000d5580000,0x00000000d5c80000)
  from space 512K, 62% used [0x00000000d5c80000,0x00000000d5cd0020,0x00000000d5d00000)
  to   space 512K, 0% used [0x00000000d5d80000,0x00000000d5d80000,0x00000000d5e00000)
 ParOldGen       total 1220096K, used 1219925K [0x0000000080000000, 0x00000000ca780000, 0x00000000d5580000)
  object space 1220096K, 99% used [0x0000000080000000,0x00000000ca7555c0,0x00000000ca780000)
 Metaspace       used 98189K, committed 99840K, reserved 1179648K
  class space    used 9840K, committed 10624K, reserved 1048576K
}
Event: 7862.947 GC heap before
{Heap before GC invocations=4720 (full 7):
 PSYoungGen      total 7680K, used 7488K [0x00000000d5580000, 0x00000000d5e00000, 0x0000000100000000)
  eden space 7168K, 100% used [0x00000000d5580000,0x00000000d5c80000,0x00000000d5c80000)
  from space 512K, 62% used [0x00000000d5c80000,0x00000000d5cd0020,0x00000000d5d00000)
  to   space 512K, 0% used [0x00000000d5d80000,0x00000000d5d80000,0x00000000d5e00000)
 ParOldGen       total 1220096K, used 1219925K [0x0000000080000000, 0x00000000ca780000, 0x00000000d5580000)
  object space 1220096K, 99% used [0x0000000080000000,0x00000000ca7555c0,0x00000000ca780000)
 Metaspace       used 98189K, committed 99840K, reserved 1179648K
  class space    used 9840K, committed 10624K, reserved 1048576K
}
Event: 7862.957 GC heap after
{Heap after GC invocations=4720 (full 7):
 PSYoungGen      total 7680K, used 505K [0x00000000d5580000, 0x00000000d5e80000, 0x0000000100000000)
  eden space 7168K, 0% used [0x00000000d5580000,0x00000000d5580000,0x00000000d5c80000)
  from space 512K, 98% used [0x00000000d5d80000,0x00000000d5dfe410,0x00000000d5e00000)
  to   space 1024K, 0% used [0x00000000d5c80000,0x00000000d5c80000,0x00000000d5d80000)
 ParOldGen       total 1220608K, used 1220277K [0x0000000080000000, 0x00000000ca800000, 0x00000000d5580000)
  object space 1220608K, 99% used [0x0000000080000000,0x00000000ca7ad600,0x00000000ca800000)
 Metaspace       used 98189K, committed 99840K, reserved 1179648K
  class space    used 9840K, committed 10624K, reserved 1048576K
}
Event: 7863.492 GC heap before
{Heap before GC invocations=4721 (full 7):
 PSYoungGen      total 7680K, used 7673K [0x00000000d5580000, 0x00000000d5e80000, 0x0000000100000000)
  eden space 7168K, 100% used [0x00000000d5580000,0x00000000d5c80000,0x00000000d5c80000)
  from space 512K, 98% used [0x00000000d5d80000,0x00000000d5dfe410,0x00000000d5e00000)
  to   space 1024K, 0% used [0x00000000d5c80000,0x00000000d5c80000,0x00000000d5d80000)
 ParOldGen       total 1220608K, used 1220277K [0x0000000080000000, 0x00000000ca800000, 0x00000000d5580000)
  object space 1220608K, 99% used [0x0000000080000000,0x00000000ca7ad600,0x00000000ca800000)
 Metaspace       used 98189K, committed 99840K, reserved 1179648K
  class space    used 9840K, committed 10624K, reserved 1048576K
}
Event: 7863.509 GC heap after
{Heap after GC invocations=4721 (full 7):
 PSYoungGen      total 8192K, used 1018K [0x00000000d5580000, 0x00000000d6080000, 0x0000000100000000)
  eden space 7168K, 0% used [0x00000000d5580000,0x00000000d5580000,0x00000000d5c80000)
  from space 1024K, 99% used [0x00000000d5c80000,0x00000000d5d7e900,0x00000000d5d80000)
  to   space 2048K, 0% used [0x00000000d5e80000,0x00000000d5e80000,0x00000000d6080000)
 ParOldGen       total 1221120K, used 1220958K [0x0000000080000000, 0x00000000ca880000, 0x00000000d5580000)
  object space 1221120K, 99% used [0x0000000080000000,0x00000000ca857a50,0x00000000ca880000)
 Metaspace       used 98189K, committed 99840K, reserved 1179648K
  class space    used 9840K, committed 10624K, reserved 1048576K
}
Event: 7864.524 GC heap before
{Heap before GC invocations=4722 (full 7):
 PSYoungGen      total 8192K, used 8186K [0x00000000d5580000, 0x00000000d6080000, 0x0000000100000000)
  eden space 7168K, 99% used [0x00000000d5580000,0x00000000d5c7ff48,0x00000000d5c80000)
  from space 1024K, 99% used [0x00000000d5c80000,0x00000000d5d7e900,0x00000000d5d80000)
  to   space 2048K, 0% used [0x00000000d5e80000,0x00000000d5e80000,0x00000000d6080000)
 ParOldGen       total 1221120K, used 1220958K [0x0000000080000000, 0x00000000ca880000, 0x00000000d5580000)
  object space 1221120K, 99% used [0x0000000080000000,0x00000000ca857a50,0x00000000ca880000)
 Metaspace       used 98190K, committed 99840K, reserved 1179648K
  class space    used 9840K, committed 10624K, reserved 1048576K
}
Event: 7864.536 GC heap after
{Heap after GC invocations=4722 (full 7):
 PSYoungGen      total 8192K, used 996K [0x00000000d5580000, 0x00000000d5f80000, 0x0000000100000000)
  eden space 7168K, 0% used [0x00000000d5580000,0x00000000d5580000,0x00000000d5c80000)
  from space 1024K, 97% used [0x00000000d5e80000,0x00000000d5f79210,0x00000000d5f80000)
  to   space 1536K, 0% used [0x00000000d5c80000,0x00000000d5c80000,0x00000000d5e00000)
 ParOldGen       total 1222144K, used 1221971K [0x0000000080000000, 0x00000000ca980000, 0x00000000d5580000)
  object space 1222144K, 99% used [0x0000000080000000,0x00000000ca954c50,0x00000000ca980000)
 Metaspace       used 98190K, committed 99840K, reserved 1179648K
  class space    used 9840K, committed 10624K, reserved 1048576K
}
Event: 7885.987 GC heap before
{Heap before GC invocations=4723 (full 7):
 PSYoungGen      total 8192K, used 7706K [0x00000000d5580000, 0x00000000d5f80000, 0x0000000100000000)
  eden space 7168K, 93% used [0x00000000d5580000,0x00000000d5c0d890,0x00000000d5c80000)
  from space 1024K, 97% used [0x00000000d5e80000,0x00000000d5f79210,0x00000000d5f80000)
  to   space 1536K, 0% used [0x00000000d5c80000,0x00000000d5c80000,0x00000000d5e00000)
 ParOldGen       total 1222144K, used 1221971K [0x0000000080000000, 0x00000000ca980000, 0x00000000d5580000)
  object space 1222144K, 99% used [0x0000000080000000,0x00000000ca954c50,0x00000000ca980000)
 Metaspace       used 98191K, committed 99840K, reserved 1179648K
  class space    used 9840K, committed 10624K, reserved 1048576K
}
Event: 7886.372 GC heap after
{Heap after GC invocations=4723 (full 7):
 PSYoungGen      total 8704K, used 512K [0x00000000d5580000, 0x00000000d5f00000, 0x0000000100000000)
  eden space 7168K, 0% used [0x00000000d5580000,0x00000000d5580000,0x00000000d5c80000)
  from space 1536K, 33% used [0x00000000d5c80000,0x00000000d5d00000,0x00000000d5e00000)
  to   space 1024K, 0% used [0x00000000d5e00000,0x00000000d5e00000,0x00000000d5f00000)
 ParOldGen       total 1223168K, used 1222900K [0x0000000080000000, 0x00000000caa80000, 0x00000000d5580000)
  object space 1223168K, 99% used [0x0000000080000000,0x00000000caa3d100,0x00000000caa80000)
 Metaspace       used 98191K, committed 99840K, reserved 1179648K
  class space    used 9840K, committed 10624K, reserved 1048576K
}
Event: 7886.858 GC heap before
{Heap before GC invocations=4724 (full 7):
 PSYoungGen      total 8704K, used 7603K [0x00000000d5580000, 0x00000000d5f00000, 0x0000000100000000)
  eden space 7168K, 98% used [0x00000000d5580000,0x00000000d5c6cc70,0x00000000d5c80000)
  from space 1536K, 33% used [0x00000000d5c80000,0x00000000d5d00000,0x00000000d5e00000)
  to   space 1024K, 0% used [0x00000000d5e00000,0x00000000d5e00000,0x00000000d5f00000)
 ParOldGen       total 1223168K, used 1222900K [0x0000000080000000, 0x00000000caa80000, 0x00000000d5580000)
  object space 1223168K, 99% used [0x0000000080000000,0x00000000caa3d100,0x00000000caa80000)
 Metaspace       used 98191K, committed 99840K, reserved 1179648K
  class space    used 9840K, committed 10624K, reserved 1048576K
}
Event: 7886.866 GC heap after
{Heap after GC invocations=4724 (full 7):
 PSYoungGen      total 7680K, used 96K [0x00000000d5580000, 0x00000000d5e80000, 0x0000000100000000)
  eden space 7168K, 0% used [0x00000000d5580000,0x00000000d5580000,0x00000000d5c80000)
  from space 512K, 18% used [0x00000000d5e00000,0x00000000d5e18000,0x00000000d5e80000)
  to   space 512K, 0% used [0x00000000d5d80000,0x00000000d5d80000,0x00000000d5e00000)
 ParOldGen       total 1223680K, used 1223372K [0x0000000080000000, 0x00000000cab00000, 0x00000000d5580000)
  object space 1223680K, 99% used [0x0000000080000000,0x00000000caab3110,0x00000000cab00000)
 Metaspace       used 98191K, committed 99840K, reserved 1179648K
  class space    used 9840K, committed 10624K, reserved 1048576K
}

Dll operation events (12 events):
Event: 0.009 Loaded shared library c:\Users\dell\.vscode\extensions\redhat.java-1.44.0-win32-x64\jre\21.0.8-win32-x86_64\bin\java.dll
Event: 0.219 Loaded shared library c:\Users\dell\.vscode\extensions\redhat.java-1.44.0-win32-x64\jre\21.0.8-win32-x86_64\bin\zip.dll
Event: 0.327 Loaded shared library C:\Users\dell\.vscode\extensions\redhat.java-1.44.0-win32-x64\jre\21.0.8-win32-x86_64\bin\instrument.dll
Event: 0.339 Loaded shared library C:\Users\dell\.vscode\extensions\redhat.java-1.44.0-win32-x64\jre\21.0.8-win32-x86_64\bin\net.dll
Event: 0.343 Loaded shared library C:\Users\dell\.vscode\extensions\redhat.java-1.44.0-win32-x64\jre\21.0.8-win32-x86_64\bin\nio.dll
Event: 0.348 Loaded shared library C:\Users\dell\.vscode\extensions\redhat.java-1.44.0-win32-x64\jre\21.0.8-win32-x86_64\bin\zip.dll
Event: 0.375 Loaded shared library C:\Users\dell\.vscode\extensions\redhat.java-1.44.0-win32-x64\jre\21.0.8-win32-x86_64\bin\jimage.dll
Event: 0.654 Loaded shared library c:\Users\dell\.vscode\extensions\redhat.java-1.44.0-win32-x64\jre\21.0.8-win32-x86_64\bin\verify.dll
Event: 13.196 Loaded shared library C:\Users\dell\AppData\Roaming\Code\User\globalStorage\redhat.java\1.44.0\config_win\org.eclipse.equinox.launcher\org.eclipse.equinox.launcher.win32.win32.x86_64_1.2.1400.v20250730-1736\eclipse_11913.dll
Event: 27.203 Loaded shared library C:\Users\dell\AppData\Local\Temp\jna-3079617\jna11891224860334704119.dll
Event: 29.331 Loaded shared library C:\Users\dell\.vscode\extensions\redhat.java-1.44.0-win32-x64\jre\21.0.8-win32-x86_64\bin\sunmscapi.dll
Event: 30.514 Loaded shared library C:\Users\dell\.vscode\extensions\redhat.java-1.44.0-win32-x64\jre\21.0.8-win32-x86_64\bin\extnet.dll

Deoptimization events (20 events):
Event: 7808.241 Thread 0x0000027e201b5260 DEOPT PACKING pc=0x0000027dcd207a6c sp=0x0000009b73afec70
Event: 7808.241 Thread 0x0000027e201b5260 DEOPT UNPACKING pc=0x0000027dcb8f3aa2 sp=0x0000009b73afec38 mode 2
Event: 7808.618 Thread 0x0000027e201b5260 Uncommon trap: trap_request=0xffffff45 fr.pc=0x0000027dcc9a824c relative=0x0000000000000bac
Event: 7808.619 Thread 0x0000027e201b5260 Uncommon trap: reason=unstable_if action=reinterpret pc=0x0000027dcc9a824c method=org.eclipse.core.internal.localstore.RefreshLocalVisitor.visit(Lorg/eclipse/core/internal/localstore/UnifiedTreeNode;)Z @ 68 c2
Event: 7808.620 Thread 0x0000027e201b5260 DEOPT PACKING pc=0x0000027dcc9a824c sp=0x0000009b73afeb10
Event: 7808.620 Thread 0x0000027e201b5260 DEOPT UNPACKING pc=0x0000027dcb8f3aa2 sp=0x0000009b73afea88 mode 2
Event: 7809.241 Thread 0x0000027e201b5260 Uncommon trap: trap_request=0xfffffff4 fr.pc=0x0000027dcc54a9e8 relative=0x0000000000003208
Event: 7809.248 Thread 0x0000027e201b5260 Uncommon trap: reason=null_check action=make_not_entrant pc=0x0000027dcc54a9e8 method=org.eclipse.core.internal.events.ResourceDeltaFactory.createDelta(Lorg/eclipse/core/internal/resources/Workspace;Lorg/eclipse/core/internal/dtree/DeltaDataTree;Lorg/ecli
Event: 7809.256 Thread 0x0000027e201b5260 DEOPT PACKING pc=0x0000027dcc54a9e8 sp=0x0000009b73afe5e0
Event: 7809.256 Thread 0x0000027e201b5260 DEOPT UNPACKING pc=0x0000027dcb8f3aa2 sp=0x0000009b73afe5d0 mode 2
Event: 7809.277 Thread 0x0000027e201b5260 Uncommon trap: trap_request=0xffffff45 fr.pc=0x0000027dcbf37fc8 relative=0x00000000000001e8
Event: 7809.281 Thread 0x0000027e201b5260 Uncommon trap: reason=unstable_if action=reinterpret pc=0x0000027dcbf37fc8 method=org.eclipse.core.internal.events.ResourceDeltaFactory.computeNodeIDMap(Lorg/eclipse/core/internal/events/ResourceDelta;Lorg/eclipse/core/internal/events/NodeIDMap;)Lorg/ecli
Event: 7809.281 Thread 0x0000027e201b5260 DEOPT PACKING pc=0x0000027dcbf37fc8 sp=0x0000009b73afe880
Event: 7809.285 Thread 0x0000027e201b5260 DEOPT UNPACKING pc=0x0000027dcb8f3aa2 sp=0x0000009b73afe728 mode 2
Event: 7809.290 Thread 0x0000027e201b5260 Uncommon trap: trap_request=0xffffff45 fr.pc=0x0000027dcd1ad678 relative=0x00000000000002f8
Event: 7809.290 Thread 0x0000027e201b5260 Uncommon trap: reason=unstable_if action=reinterpret pc=0x0000027dcd1ad678 method=org.eclipse.core.internal.events.NodeIDMap.isEmpty()Z @ 4 c2
Event: 7809.290 Thread 0x0000027e201b5260 DEOPT PACKING pc=0x0000027dcd1ad678 sp=0x0000009b73afe920
Event: 7809.292 Thread 0x0000027e201b5260 DEOPT UNPACKING pc=0x0000027dcb8f3aa2 sp=0x0000009b73afe838 mode 2
Event: 7863.520 Thread 0x0000027e2065e4c0 DEOPT PACKING pc=0x0000027dc48c781c sp=0x0000009b72ffe660
Event: 7863.521 Thread 0x0000027e2065e4c0 DEOPT UNPACKING pc=0x0000027dcb8f4242 sp=0x0000009b72ffdba8 mode 0

Classes loaded (20 events):
Event: 7636.055 Loading class sun/nio/ch/ServerSocketChannelImpl
Event: 7636.060 Loading class sun/nio/ch/ServerSocketChannelImpl done
Event: 7636.078 Loading class sun/nio/ch/SourceChannelImpl
Event: 7636.079 Loading class java/nio/channels/Pipe$SourceChannel
Event: 7636.079 Loading class java/nio/channels/Pipe$SourceChannel done
Event: 7636.079 Loading class sun/nio/ch/SourceChannelImpl done
Event: 7636.080 Loading class sun/nio/ch/SinkChannelImpl
Event: 7636.080 Loading class java/nio/channels/Pipe$SinkChannel
Event: 7636.081 Loading class java/nio/channels/Pipe$SinkChannel done
Event: 7636.081 Loading class sun/nio/ch/SinkChannelImpl done
Event: 7636.105 Loading class java/nio/channels/spi/AbstractSelector$1
Event: 7636.105 Loading class java/nio/channels/spi/AbstractSelector$1 done
Event: 7636.408 Loading class java/util/LinkedList$LLSpliterator
Event: 7636.409 Loading class java/util/LinkedList$LLSpliterator done
Event: 7639.222 Loading class java/util/stream/ReferencePipeline$15
Event: 7639.223 Loading class java/util/stream/ReferencePipeline$15 done
Event: 7639.227 Loading class java/util/stream/ReferencePipeline$15$1
Event: 7639.227 Loading class java/util/stream/ReferencePipeline$15$1 done
Event: 7639.730 Loading class java/util/HashMap$EntrySpliterator
Event: 7639.731 Loading class java/util/HashMap$EntrySpliterator done

Classes unloaded (20 events):
Event: 5489.949 Thread 0x0000027dc1232a40 Unloading class 0x0000027dd9081800 'java/lang/invoke/LambdaForm$MH+0x0000027dd9081800'
Event: 5489.949 Thread 0x0000027dc1232a40 Unloading class 0x0000027dd9081400 'java/lang/invoke/LambdaForm$MH+0x0000027dd9081400'
Event: 5489.949 Thread 0x0000027dc1232a40 Unloading class 0x0000027dd9081000 'java/lang/invoke/LambdaForm$MH+0x0000027dd9081000'
Event: 5489.949 Thread 0x0000027dc1232a40 Unloading class 0x0000027dd9080800 'java/lang/invoke/LambdaForm$MH+0x0000027dd9080800'
Event: 5489.952 Thread 0x0000027dc1232a40 Unloading class 0x0000027dd9080400 'java/lang/invoke/LambdaForm$MH+0x0000027dd9080400'
Event: 5489.953 Thread 0x0000027dc1232a40 Unloading class 0x0000027dd9080000 'java/lang/invoke/LambdaForm$MH+0x0000027dd9080000'
Event: 5489.953 Thread 0x0000027dc1232a40 Unloading class 0x0000027dd901f800 'java/lang/invoke/LambdaForm$MH+0x0000027dd901f800'
Event: 5489.953 Thread 0x0000027dc1232a40 Unloading class 0x0000027dd901e800 'java/lang/invoke/LambdaForm$MH+0x0000027dd901e800'
Event: 5489.953 Thread 0x0000027dc1232a40 Unloading class 0x0000027dd901e400 'java/lang/invoke/LambdaForm$MH+0x0000027dd901e400'
Event: 5489.953 Thread 0x0000027dc1232a40 Unloading class 0x0000027dd901dc00 'java/lang/invoke/LambdaForm$MH+0x0000027dd901dc00'
Event: 5489.953 Thread 0x0000027dc1232a40 Unloading class 0x0000027dd901d400 'java/lang/invoke/LambdaForm$MH+0x0000027dd901d400'
Event: 5489.953 Thread 0x0000027dc1232a40 Unloading class 0x0000027dd9018800 'java/lang/invoke/LambdaForm$MH+0x0000027dd9018800'
Event: 5489.953 Thread 0x0000027dc1232a40 Unloading class 0x0000027dd9014800 'java/lang/invoke/LambdaForm$MH+0x0000027dd9014800'
Event: 6188.073 Thread 0x0000027dc1232a40 Unloading class 0x0000027dd91d9400 'java/lang/invoke/LambdaForm$BMH+0x0000027dd91d9400'
Event: 6188.073 Thread 0x0000027dc1232a40 Unloading class 0x0000027dd91a3800 'java/lang/invoke/LambdaForm$MH+0x0000027dd91a3800'
Event: 6188.073 Thread 0x0000027dc1232a40 Unloading class 0x0000027dd9019400 'java/lang/invoke/LambdaForm$MH+0x0000027dd9019400'
Event: 6188.073 Thread 0x0000027dc1232a40 Unloading class 0x0000027dd9018400 'java/lang/invoke/LambdaForm$MH+0x0000027dd9018400'
Event: 6188.073 Thread 0x0000027dc1232a40 Unloading class 0x0000027dd9018000 'java/lang/invoke/LambdaForm$MH+0x0000027dd9018000'
Event: 6188.073 Thread 0x0000027dc1232a40 Unloading class 0x0000027dd9017400 'java/lang/invoke/LambdaForm$MH+0x0000027dd9017400'
Event: 6188.073 Thread 0x0000027dc1232a40 Unloading class 0x0000027dd9000400 'java/lang/invoke/LambdaForm$MH+0x0000027dd9000400'

Classes redefined (0 events):
No events

Internal exceptions (20 events):
Event: 7638.494 Thread 0x0000027e201b86e0 Exception <a 'java/lang/ClassNotFoundException'{0x00000000d569dec8}: sun/net/www/protocol/jdt/Handler> (0x00000000d569dec8) 
thrown [s\src\hotspot\share\classfile\systemDictionary.cpp, line 312]
Event: 7639.337 Thread 0x0000027e201b86e0 Implicit null exception at 0x0000027dcca435b9 to 0x0000027dcca437e0
Event: 7639.791 Thread 0x0000027e201b86e0 Implicit null exception at 0x0000027dccc81dae to 0x0000027dccc84d38
Event: 7639.826 Thread 0x0000027e201b8050 Implicit null exception at 0x0000027dcc8bc875 to 0x0000027dcc8bfaf8
Event: 7645.970 Thread 0x0000027e201b8050 Exception <a 'java/lang/NoSuchMethodError'{0x00000000d5606f40}: 'void java.lang.invoke.DelegatingMethodHandle$Holder.reinvoke_L(java.lang.Object, java.lang.Object, int)'> (0x00000000d5606f40) 
thrown [s\src\hotspot\share\interpreter\linkResolver.cpp, line 773]
Event: 7645.977 Thread 0x0000027e201b8050 Exception <a 'java/lang/IncompatibleClassChangeError'{0x00000000d560fb20}: Found class java.lang.Object, but interface was expected> (0x00000000d560fb20) 
thrown [s\src\hotspot\share\interpreter\linkResolver.cpp, line 840]
Event: 7646.487 Thread 0x0000027e20660c20 Implicit null exception at 0x0000027dcca348c9 to 0x0000027dcca34a50
Event: 7808.240 Thread 0x0000027e201b5260 Implicit null exception at 0x0000027dcd206810 to 0x0000027dcd207a5b
Event: 7809.238 Thread 0x0000027e201b5260 Implicit null exception at 0x0000027dcc547b59 to 0x0000027dcc54a9b0
Event: 7819.043 Thread 0x0000027e21a40b80 Exception <a 'sun/nio/fs/WindowsException'{0x00000000d563f428}> (0x00000000d563f428) 
thrown [s\src\hotspot\share\prims\jni.cpp, line 520]
Event: 7885.258 Thread 0x0000027e201bae40 Exception <a 'sun/nio/fs/WindowsException'{0x00000000d5a85368}> (0x00000000d5a85368) 
thrown [s\src\hotspot\share\prims\jni.cpp, line 520]
Event: 7885.370 Thread 0x0000027e201bae40 Exception <a 'sun/nio/fs/WindowsException'{0x00000000d5a85c48}> (0x00000000d5a85c48) 
thrown [s\src\hotspot\share\prims\jni.cpp, line 520]
Event: 7885.383 Thread 0x0000027e201bae40 Exception <a 'sun/nio/fs/WindowsException'{0x00000000d5a86990}> (0x00000000d5a86990) 
thrown [s\src\hotspot\share\prims\jni.cpp, line 520]
Event: 7885.386 Thread 0x0000027e201bae40 Exception <a 'sun/nio/fs/WindowsException'{0x00000000d5a87270}> (0x00000000d5a87270) 
thrown [s\src\hotspot\share\prims\jni.cpp, line 520]
Event: 7885.428 Thread 0x0000027e201bae40 Exception <a 'sun/nio/fs/WindowsException'{0x00000000d5a889e8}> (0x00000000d5a889e8) 
thrown [s\src\hotspot\share\prims\jni.cpp, line 520]
Event: 7885.429 Thread 0x0000027e201bae40 Exception <a 'sun/nio/fs/WindowsException'{0x00000000d5a89018}> (0x00000000d5a89018) 
thrown [s\src\hotspot\share\prims\jni.cpp, line 520]
Event: 7885.687 Thread 0x0000027e201bae40 Exception <a 'sun/nio/fs/WindowsException'{0x00000000d5aa7b28}> (0x00000000d5aa7b28) 
thrown [s\src\hotspot\share\prims\jni.cpp, line 520]
Event: 7885.687 Thread 0x0000027e201bae40 Exception <a 'sun/nio/fs/WindowsException'{0x00000000d5aa8408}> (0x00000000d5aa8408) 
thrown [s\src\hotspot\share\prims\jni.cpp, line 520]
Event: 7887.933 Thread 0x0000027e201b7330 Exception <a 'sun/nio/fs/WindowsException'{0x00000000d5b7b5c0}> (0x00000000d5b7b5c0) 
thrown [s\src\hotspot\share\prims\jni.cpp, line 520]
Event: 7887.934 Thread 0x0000027e201b7330 Exception <a 'sun/nio/fs/WindowsException'{0x00000000d5b7bc30}> (0x00000000d5b7bc30) 
thrown [s\src\hotspot\share\prims\jni.cpp, line 520]

ZGC Phase Switch (0 events):
No events

VM Operations (20 events):
Event: 7884.703 Executing VM operation: Cleanup
Event: 7884.811 Executing VM operation: Cleanup done
Event: 7885.811 Executing VM operation: Cleanup
Event: 7885.825 Executing VM operation: Cleanup done
Event: 7885.987 Executing VM operation: ParallelGCFailedAllocation (Allocation Failure)
Event: 7886.372 Executing VM operation: ParallelGCFailedAllocation (Allocation Failure) done
Event: 7886.858 Executing VM operation: ParallelGCFailedAllocation (Allocation Failure)
Event: 7886.866 Executing VM operation: ParallelGCFailedAllocation (Allocation Failure) done
Event: 7887.868 Executing VM operation: Cleanup
Event: 7887.893 Executing VM operation: Cleanup done
Event: 7888.894 Executing VM operation: Cleanup
Event: 7888.894 Executing VM operation: Cleanup done
Event: 7918.954 Executing VM operation: HandshakeAllThreads (HandshakeForDeflation)
Event: 7918.964 Executing VM operation: HandshakeAllThreads (HandshakeForDeflation) done
Event: 7918.964 Executing VM operation: RendezvousGCThreads
Event: 7918.964 Executing VM operation: RendezvousGCThreads done
Event: 7979.008 Executing VM operation: HandshakeAllThreads (HandshakeForDeflation)
Event: 7979.018 Executing VM operation: HandshakeAllThreads (HandshakeForDeflation) done
Event: 7979.018 Executing VM operation: RendezvousGCThreads
Event: 7979.018 Executing VM operation: RendezvousGCThreads done

Memory protections (0 events):
No events

Nmethod flushes (20 events):
Event: 6189.422 Thread 0x0000027dc1232a40 flushing  nmethod 0x0000027dc7533a90
Event: 6189.422 Thread 0x0000027dc1232a40 flushing  nmethod 0x0000027dc754ba90
Event: 6189.422 Thread 0x0000027dc1232a40 flushing  nmethod 0x0000027dc7566e10
Event: 6189.423 Thread 0x0000027dc1232a40 flushing  nmethod 0x0000027dc7571110
Event: 6189.423 Thread 0x0000027dc1232a40 flushing  nmethod 0x0000027dc7575f90
Event: 6189.424 Thread 0x0000027dc1232a40 flushing  nmethod 0x0000027dc7584a90
Event: 6189.424 Thread 0x0000027dc1232a40 flushing  nmethod 0x0000027dc7588190
Event: 6189.424 Thread 0x0000027dc1232a40 flushing  nmethod 0x0000027dc758b490
Event: 6189.424 Thread 0x0000027dc1232a40 flushing  nmethod 0x0000027dc7594c10
Event: 6189.424 Thread 0x0000027dc1232a40 flushing  nmethod 0x0000027dc759cf90
Event: 6189.424 Thread 0x0000027dc1232a40 flushing  nmethod 0x0000027dc759ed90
Event: 6189.425 Thread 0x0000027dc1232a40 flushing  nmethod 0x0000027dc75a1310
Event: 6189.425 Thread 0x0000027dc1232a40 flushing  nmethod 0x0000027dc75a5790
Event: 6189.426 Thread 0x0000027dc1232a40 flushing  nmethod 0x0000027dc75acf10
Event: 6189.426 Thread 0x0000027dc1232a40 flushing  nmethod 0x0000027dc75c5810
Event: 6189.426 Thread 0x0000027dc1232a40 flushing  nmethod 0x0000027dc75d9910
Event: 6189.426 Thread 0x0000027dc1232a40 flushing  nmethod 0x0000027dc7615410
Event: 6189.426 Thread 0x0000027dc1232a40 flushing  nmethod 0x0000027dc7626a10
Event: 6189.426 Thread 0x0000027dc1232a40 flushing  nmethod 0x0000027dc762be90
Event: 6189.426 Thread 0x0000027dc1232a40 flushing  nmethod 0x0000027dc76d9a90

Events (20 events):
Event: 7650.365 Thread 0x0000027e201bae40 Thread exited: 0x0000027e201bae40
Event: 7653.370 Thread 0x0000027e201bb4d0 Thread exited: 0x0000027e201bb4d0
Event: 7676.381 Thread 0x0000027dc1068b30 Thread added: 0x0000027e1f53d1e0
Event: 7682.111 Thread 0x0000027e1f53d1e0 Thread exited: 0x0000027e1f53d1e0
Event: 7723.456 Thread 0x0000027e21a3d700 Thread added: 0x0000027e21a40b80
Event: 7784.251 Thread 0x0000027e201b58f0 Thread exited: 0x0000027e201b58f0
Event: 7784.323 Thread 0x0000027e21a40b80 Thread exited: 0x0000027e21a40b80
Event: 7810.814 Thread 0x0000027e21a3d700 Thread added: 0x0000027e21a40b80
Event: 7812.491 Thread 0x0000027e21a40b80 Thread added: 0x0000027e201b58f0
Event: 7855.236 Thread 0x0000027e20660c20 Thread exited: 0x0000027e20660c20
Event: 7858.051 Thread 0x0000027e201b8050 Thread added: 0x0000027e201bae40
Event: 7877.752 Thread 0x0000027e201b5f80 Thread exited: 0x0000027e201b5f80
Event: 7887.770 Thread 0x0000027e201b4540 Thread added: 0x0000027e201b7330
Event: 7887.952 Thread 0x0000027e201b7330 Thread added: 0x0000027e201b3eb0
Event: 7888.227 Thread 0x0000027e201b4540 Thread added: 0x0000027e201bb4d0
Event: 7888.306 Thread 0x0000027e201b3eb0 Thread exited: 0x0000027e201b3eb0
Event: 7890.810 Thread 0x0000027e201bb4d0 Thread exited: 0x0000027e201bb4d0
Event: 7924.210 Thread 0x0000027e2065e4c0 Thread exited: 0x0000027e2065e4c0
Event: 7947.770 Thread 0x0000027e201bae40 Thread exited: 0x0000027e201bae40
Event: 7993.217 Thread 0x0000027e21a40b80 Thread exited: 0x0000027e21a40b80


Dynamic libraries:
0x00007ff7b16d0000 - 0x00007ff7b16de000 	c:\Users\dell\.vscode\extensions\redhat.java-1.44.0-win32-x64\jre\21.0.8-win32-x86_64\bin\java.exe
0x00007ffc16780000 - 0x00007ffc16989000 	C:\WINDOWS\SYSTEM32\ntdll.dll
0x00007ffc15360000 - 0x00007ffc1541d000 	C:\WINDOWS\System32\KERNEL32.DLL
0x00007ffc14240000 - 0x00007ffc145c4000 	C:\WINDOWS\System32\KERNELBASE.dll
0x00007ffc14000000 - 0x00007ffc14111000 	C:\WINDOWS\System32\ucrtbase.dll
0x00007ffc027a0000 - 0x00007ffc027b8000 	c:\Users\dell\.vscode\extensions\redhat.java-1.44.0-win32-x64\jre\21.0.8-win32-x86_64\bin\jli.dll
0x00007ffc15c60000 - 0x00007ffc15e0d000 	C:\WINDOWS\System32\USER32.dll
0x00007ffc13fd0000 - 0x00007ffc13ff6000 	C:\WINDOWS\System32\win32u.dll
0x00007ffc15180000 - 0x00007ffc151aa000 	C:\WINDOWS\System32\GDI32.dll
0x00007ffc14120000 - 0x00007ffc1423e000 	C:\WINDOWS\System32\gdi32full.dll
0x00007ffc13f30000 - 0x00007ffc13fcd000 	C:\WINDOWS\System32\msvcp_win.dll
0x00007ffc0f600000 - 0x00007ffc0f61e000 	c:\Users\dell\.vscode\extensions\redhat.java-1.44.0-win32-x64\jre\21.0.8-win32-x86_64\bin\VCRUNTIME140.dll
0x00007ffbfd160000 - 0x00007ffbfd405000 	C:\WINDOWS\WinSxS\amd64_microsoft.windows.common-controls_6595b64144ccf1df_6.0.22000.120_none_9d947278b86cc467\COMCTL32.dll
0x00007ffc16040000 - 0x00007ffc160e3000 	C:\WINDOWS\System32\msvcrt.dll
0x00007ffc15210000 - 0x00007ffc15241000 	C:\WINDOWS\System32\IMM32.DLL
0x00007ffc01fc0000 - 0x00007ffc01fcc000 	c:\Users\dell\.vscode\extensions\redhat.java-1.44.0-win32-x64\jre\21.0.8-win32-x86_64\bin\vcruntime140_1.dll
0x00007ffbf0d40000 - 0x00007ffbf0dcd000 	c:\Users\dell\.vscode\extensions\redhat.java-1.44.0-win32-x64\jre\21.0.8-win32-x86_64\bin\msvcp140.dll
0x00007ffbe9450000 - 0x00007ffbea1e7000 	c:\Users\dell\.vscode\extensions\redhat.java-1.44.0-win32-x64\jre\21.0.8-win32-x86_64\bin\server\jvm.dll
0x00007ffc15e10000 - 0x00007ffc15ebe000 	C:\WINDOWS\System32\ADVAPI32.dll
0x00007ffc148d0000 - 0x00007ffc1496e000 	C:\WINDOWS\System32\sechost.dll
0x00007ffc15050000 - 0x00007ffc15171000 	C:\WINDOWS\System32\RPCRT4.dll
0x00007ffc15420000 - 0x00007ffc1548f000 	C:\WINDOWS\System32\WS2_32.dll
0x00007ffc13880000 - 0x00007ffc138cd000 	C:\WINDOWS\SYSTEM32\POWRPROF.dll
0x00007ffc03310000 - 0x00007ffc03343000 	C:\WINDOWS\SYSTEM32\WINMM.dll
0x00007ffc030d0000 - 0x00007ffc030da000 	C:\WINDOWS\SYSTEM32\VERSION.dll
0x00007ffc135a0000 - 0x00007ffc135b3000 	C:\WINDOWS\SYSTEM32\UMPDC.dll
0x00007ffc12c40000 - 0x00007ffc12c58000 	C:\WINDOWS\SYSTEM32\kernel.appcore.dll
0x00007ffc02790000 - 0x00007ffc0279a000 	c:\Users\dell\.vscode\extensions\redhat.java-1.44.0-win32-x64\jre\21.0.8-win32-x86_64\bin\jimage.dll
0x00007ffc03fb0000 - 0x00007ffc041d1000 	C:\WINDOWS\SYSTEM32\DBGHELP.DLL
0x00007ffbf7830000 - 0x00007ffbf7861000 	C:\WINDOWS\SYSTEM32\dbgcore.DLL
0x00007ffc13cd0000 - 0x00007ffc13d4f000 	C:\WINDOWS\System32\bcryptPrimitives.dll
0x00007ffc02780000 - 0x00007ffc0278f000 	c:\Users\dell\.vscode\extensions\redhat.java-1.44.0-win32-x64\jre\21.0.8-win32-x86_64\bin\instrument.dll
0x00007ffc01fd0000 - 0x00007ffc01fef000 	c:\Users\dell\.vscode\extensions\redhat.java-1.44.0-win32-x64\jre\21.0.8-win32-x86_64\bin\java.dll
0x00007ffc15490000 - 0x00007ffc15c55000 	C:\WINDOWS\System32\SHELL32.dll
0x00007ffc11ca0000 - 0x00007ffc12502000 	C:\WINDOWS\SYSTEM32\windows.storage.dll
0x00007ffc14b40000 - 0x00007ffc14eb6000 	C:\WINDOWS\System32\combase.dll
0x00007ffc11b30000 - 0x00007ffc11c97000 	C:\WINDOWS\SYSTEM32\wintypes.dll
0x00007ffc15260000 - 0x00007ffc1534a000 	C:\WINDOWS\System32\SHCORE.dll
0x00007ffc151b0000 - 0x00007ffc1520d000 	C:\WINDOWS\System32\shlwapi.dll
0x00007ffc13b40000 - 0x00007ffc13b65000 	C:\WINDOWS\SYSTEM32\profapi.dll
0x00007ffbf4c00000 - 0x00007ffbf4c18000 	c:\Users\dell\.vscode\extensions\redhat.java-1.44.0-win32-x64\jre\21.0.8-win32-x86_64\bin\zip.dll
0x00007ffc02770000 - 0x00007ffc02780000 	C:\Users\dell\.vscode\extensions\redhat.java-1.44.0-win32-x64\jre\21.0.8-win32-x86_64\bin\net.dll
0x00007ffc0c110000 - 0x00007ffc0c224000 	C:\WINDOWS\SYSTEM32\WINHTTP.dll
0x00007ffc130e0000 - 0x00007ffc13147000 	C:\WINDOWS\system32\mswsock.dll
0x00007ffbf4130000 - 0x00007ffbf4146000 	C:\Users\dell\.vscode\extensions\redhat.java-1.44.0-win32-x64\jre\21.0.8-win32-x86_64\bin\nio.dll
0x00007ffbf3040000 - 0x00007ffbf3050000 	c:\Users\dell\.vscode\extensions\redhat.java-1.44.0-win32-x64\jre\21.0.8-win32-x86_64\bin\verify.dll
0x00007ffbf4470000 - 0x00007ffbf44b5000 	C:\Users\dell\AppData\Roaming\Code\User\globalStorage\redhat.java\1.44.0\config_win\org.eclipse.equinox.launcher\org.eclipse.equinox.launcher.win32.win32.x86_64_1.2.1400.v20250730-1736\eclipse_11913.dll
0x00007ffc165a0000 - 0x00007ffc1673a000 	C:\WINDOWS\System32\ole32.dll
0x00007ffc133b0000 - 0x00007ffc133c8000 	C:\WINDOWS\SYSTEM32\CRYPTSP.dll
0x00007ffc12ba0000 - 0x00007ffc12bd5000 	C:\WINDOWS\system32\rsaenh.dll
0x00007ffc13180000 - 0x00007ffc131ac000 	C:\WINDOWS\SYSTEM32\USERENV.dll
0x00007ffc13570000 - 0x00007ffc13597000 	C:\WINDOWS\SYSTEM32\bcrypt.dll
0x00007ffc132d0000 - 0x00007ffc132dc000 	C:\WINDOWS\SYSTEM32\CRYPTBASE.dll
0x00007ffc127a0000 - 0x00007ffc127cd000 	C:\WINDOWS\SYSTEM32\IPHLPAPI.DLL
0x00007ffc14a50000 - 0x00007ffc14a59000 	C:\WINDOWS\System32\NSI.dll
0x00007ffbf5480000 - 0x00007ffbf54c9000 	C:\Users\dell\AppData\Local\Temp\jna-3079617\jna11891224860334704119.dll
0x00007ffc15350000 - 0x00007ffc15358000 	C:\WINDOWS\System32\PSAPI.DLL
0x00007ffc0c360000 - 0x00007ffc0c379000 	C:\WINDOWS\SYSTEM32\dhcpcsvc6.DLL
0x00007ffc0d310000 - 0x00007ffc0d32e000 	C:\WINDOWS\SYSTEM32\dhcpcsvc.DLL
0x00007ffc03440000 - 0x00007ffc0344e000 	C:\Users\dell\.vscode\extensions\redhat.java-1.44.0-win32-x64\jre\21.0.8-win32-x86_64\bin\sunmscapi.dll
0x00007ffc13d50000 - 0x00007ffc13eb2000 	C:\WINDOWS\System32\CRYPT32.dll
0x00007ffc13540000 - 0x00007ffc13568000 	C:\WINDOWS\SYSTEM32\ncrypt.dll
0x00007ffc13500000 - 0x00007ffc13537000 	C:\WINDOWS\SYSTEM32\NTASN1.dll
0x00007ffc127d0000 - 0x00007ffc128b7000 	C:\WINDOWS\SYSTEM32\DNSAPI.dll
0x00007ffc028a0000 - 0x00007ffc028aa000 	C:\Windows\System32\rasadhlp.dll
0x00007ffc02f30000 - 0x00007ffc02fb1000 	C:\WINDOWS\System32\fwpuclnt.dll
0x00007ffbf5470000 - 0x00007ffbf5479000 	C:\Users\dell\.vscode\extensions\redhat.java-1.44.0-win32-x64\jre\21.0.8-win32-x86_64\bin\extnet.dll
0x00007ffc12c60000 - 0x00007ffc12c94000 	C:\WINDOWS\SYSTEM32\ntmarta.dll
0x00007ffb94560000 - 0x00007ffb94568000 	C:\WINDOWS\system32\wshunix.dll

JVMTI agents:
c:\Users\dell\.vscode\extensions\redhat.java-1.44.0-win32-x64\lombok\lombok-1.18.39-4050.jar path:c:\Users\dell\.vscode\extensions\redhat.java-1.44.0-win32-x64\jre\21.0.8-win32-x86_64\bin\instrument.dll, loaded, initialized, instrumentlib options:none

dbghelp: loaded successfully - version: 4.0.5 - missing functions: none
symbol engine: initialized successfully - sym options: 0x614 - pdb path: .;c:\Users\dell\.vscode\extensions\redhat.java-1.44.0-win32-x64\jre\21.0.8-win32-x86_64\bin;C:\WINDOWS\SYSTEM32;C:\WINDOWS\WinSxS\amd64_microsoft.windows.common-controls_6595b64144ccf1df_6.0.22000.120_none_9d947278b86cc467;c:\Users\dell\.vscode\extensions\redhat.java-1.44.0-win32-x64\jre\21.0.8-win32-x86_64\bin\server;C:\Users\dell\AppData\Roaming\Code\User\globalStorage\redhat.java\1.44.0\config_win\org.eclipse.equinox.launcher\org.eclipse.equinox.launcher.win32.win32.x86_64_1.2.1400.v20250730-1736;C:\Users\dell\AppData\Local\Temp\jna-3079617

VM Arguments:
jvm_args: --add-modules=ALL-SYSTEM --add-opens=java.base/java.util=ALL-UNNAMED --add-opens=java.base/java.lang=ALL-UNNAMED --add-opens=java.base/sun.nio.fs=ALL-UNNAMED -Declipse.application=org.eclipse.jdt.ls.core.id1 -Dosgi.bundles.defaultStartLevel=4 -Declipse.product=org.eclipse.jdt.ls.core.product -Djava.import.generatesMetadataFilesAtProjectRoot=false -DDetectVMInstallationsJob.disabled=true -Dfile.encoding=utf8 -XX:+UseParallelGC -XX:GCTimeRatio=4 -XX:AdaptiveSizePolicyWeight=90 -Dsun.zip.disableMemoryMapping=true -Xmx2G -Xms100m -Xlog:disable -javaagent:c:\Users\dell\.vscode\extensions\redhat.java-1.44.0-win32-x64\lombok\lombok-1.18.39-4050.jar -XX:+HeapDumpOnOutOfMemoryError -XX:HeapDumpPath=c:\Users\dell\AppData\Roaming\Code\User\workspaceStorage\b66665af19266898cd4060607692bac2\redhat.java -Daether.dependencyCollector.impl=bf 
java_command: c:\Users\dell\.vscode\extensions\redhat.java-1.44.0-win32-x64\server\plugins\org.eclipse.equinox.launcher_1.7.0.v20250519-0528.jar -configuration c:\Users\dell\AppData\Roaming\Code\User\globalStorage\redhat.java\1.44.0\config_win -data c:\Users\dell\AppData\Roaming\Code\User\workspaceStorage\b66665af19266898cd4060607692bac2\redhat.java\jdt_ws --pipe=\\.\pipe\lsp-8d935a1bec6974d7bc39a46638452261-sock
java_class_path (initial): c:\Users\dell\.vscode\extensions\redhat.java-1.44.0-win32-x64\server\plugins\org.eclipse.equinox.launcher_1.7.0.v20250519-0528.jar
Launcher Type: SUN_STANDARD

[Global flags]
    uintx AdaptiveSizePolicyWeight                 = 90                                        {product} {command line}
     intx CICompilerCount                          = 3                                         {product} {ergonomic}
    uintx GCTimeRatio                              = 4                                         {product} {command line}
     bool HeapDumpOnOutOfMemoryError               = true                                   {manageable} {command line}
    ccstr HeapDumpPath                             = c:\Users\dell\AppData\Roaming\Code\User\workspaceStorage\b66665af19266898cd4060607692bac2\redhat.java         {manageable} {command line}
   size_t InitialHeapSize                          = 104857600                                 {product} {command line}
   size_t MaxHeapSize                              = 2147483648                                {product} {command line}
   size_t MaxNewSize                               = 715653120                                 {product} {ergonomic}
   size_t MinHeapDeltaBytes                        = 524288                                    {product} {ergonomic}
   size_t MinHeapSize                              = 104857600                                 {product} {command line}
   size_t NewSize                                  = 34603008                                  {product} {ergonomic}
    uintx NonNMethodCodeHeapSize                   = 5832780                                {pd product} {ergonomic}
    uintx NonProfiledCodeHeapSize                  = 122912730                              {pd product} {ergonomic}
   size_t OldSize                                  = 70254592                                  {product} {ergonomic}
    uintx ProfiledCodeHeapSize                     = 122912730                              {pd product} {ergonomic}
    uintx ReservedCodeCacheSize                    = 251658240                              {pd product} {ergonomic}
     bool SegmentedCodeCache                       = true                                      {product} {ergonomic}
   size_t SoftMaxHeapSize                          = 2147483648                             {manageable} {ergonomic}
     bool UseCompressedOops                        = true                           {product lp64_product} {ergonomic}
     bool UseLargePagesIndividualAllocation        = false                                  {pd product} {ergonomic}
     bool UseParallelGC                            = true                                      {product} {command line}

Logging:
Log output configuration:
 #0: stdout all=off uptime,level,tags foldmultilines=false
 #1: stderr all=off uptime,level,tags foldmultilines=false

Environment Variables:
PATH=C:\Python313\Scripts\;C:\Python313\;C:\Program Files\Common Files\Oracle\Java\javapath;C:\oraclexe\app\oracle\product\10.2.0\server\bin;C:\WINDOWS\system32;C:\WINDOWS;C:\WINDOWS\System32\Wbem;C:\WINDOWS\System32\WindowsPowerShell\v1.0\;C:\WINDOWS\System32\OpenSSH\;C:\Program Files\Microsoft SQL Server\130\Tools\Binn\;C:\Program Files\Microsoft SQL Server\Client SDK\ODBC\170\Tools\Binn\;C:\Program Files\dotnet\;C:\xampp\php;C:\ProgramData\chocolatey\bin;C:\Program Files\OpenJDK\openjdk-11.0.15_10\bin;C:\Program Files\Git\cmd;C:\Program Files\Microsoft SQL Server\150\Tools\Binn\;C:\Program Files (x86)\Microsoft SQL Server\160\Tools\Binn\;C:\Program Files\Microsoft SQL Server\160\Tools\Binn\;C:\Program Files\Microsoft SQL Server\160\DTS\Binn\;C:\ProgramData\ComposerSetup\bin;C:\Program Files (x86)\Microsoft SQL Server\160\DTS\Binn\;C:\Program Files\Azure Data Studio\bin;C:\Ruby32-x64\bin;C:\Program Files (x86)\Yarn\bin\;C:\Program Files\nodejs\;C:\RailsInstaller\Git\cmd;C:\RailsInstaller\Ruby2.3.3\bin;C:\Ruby32-x64\bin;C:\Users\dell\AppData\Local\pnpm;D:\BC5\BIN;C:\Users\dell\AppData\Local\Microsoft\WindowsApps;C:\mingw64\bin;C:\Users\dell\.dotnet\tools;C:\Users\dell\AppData\Roaming\Composer\vendor\bin;C:\Users\dell\AppData\Local\Programs\Microsoft VS Code\bin;%JAVA_HOME%\bin;C:\Program Files\JetBrains\IntelliJ IDEA 2023.1.3\bin;;D:\File Tigana Reymansyah\apache-maven-3.9.3\bin;C:\Program Files\Azure Data Studio\bin;C:\Program Files\Java\jdk-17\bin;C:\Users\dell\AppData\Local\Yarn\bin;C:\RailsInstaller;C:\apache-maven-3.9.9\bin;C:\Users\dell\AppData\Roaming\npm
USERNAME=dell
OS=Windows_NT
PROCESSOR_IDENTIFIER=Intel64 Family 6 Model 142 Stepping 12, GenuineIntel
TMP=C:\Users\dell\AppData\Local\Temp
TEMP=C:\Users\dell\AppData\Local\Temp




Periodic native trim disabled

---------------  S Y S T E M  ---------------

OS:
 Windows 11 , 64 bit Build 22000 (10.0.22000.2538)
OS uptime: 0 days 3:03 hours
Hyper-V role detected

CPU: total 4 (initial active 4) (2 cores per cpu, 2 threads per core) family 6 model 142 stepping 12 microcode 0xfc, cx8, cmov, fxsr, ht, mmx, 3dnowpref, sse, sse2, sse3, ssse3, sse4.1, sse4.2, popcnt, lzcnt, tsc, tscinvbit, avx, avx2, aes, erms, clmul, bmi1, bmi2, adx, fma, vzeroupper, clflush, clflushopt, hv, rdtscp, f16c
Processor Information for the first 4 processors :
  Max Mhz: 2592, Current Mhz: 2093, Mhz Limit: 2073

Memory: 4k page, system-wide physical 3857M (58M free)
TotalPageFile size 15633M (AvailPageFile size 87M)
current process WorkingSet (physical memory assigned to process): 7M, peak: 752M
current process commit charge ("private bytes"): 1577M, peak: 1753M

vm_info: OpenJDK 64-Bit Server VM (21.0.8+9-LTS) for windows-amd64 JRE (21.0.8+9-LTS), built on 2025-07-15T00:00:00Z by "admin" with MS VC++ 17.7 (VS2022)

END.
